0 verbose cli /Users/natejly/.nvm/versions/node/v20.16.0/bin/node /Users/natejly/.nvm/versions/node/v20.16.0/bin/npm
1 info using npm@10.8.1
2 info using node@v20.16.0
3 silly config load:file:/Users/natejly/.nvm/versions/node/v20.16.0/lib/node_modules/npm/npmrc
4 silly config load:file:/Users/natejly/ninth-seat/.ninth-seat-artifacts/workflow-runs/wfr_345191d730a9/workspace/backend/.npmrc
5 silly config load:file:/Users/natejly/ninth-seat/.ninth-seat-artifacts/workflow-runs/wfr_345191d730a9/workspace/.npmrc
6 silly config load:file:/Users/natejly/.nvm/versions/node/v20.16.0/etc/npmrc
7 verbose title npm install
8 verbose argv "install"
9 verbose logfile logs-max:10 dir:/Users/natejly/ninth-seat/.ninth-seat-artifacts/workflow-runs/wfr_345191d730a9/workspace/.npm/_logs/2026-02-24T17_39_31_861Z-
10 verbose logfile /Users/natejly/ninth-seat/.ninth-seat-artifacts/workflow-runs/wfr_345191d730a9/workspace/.npm/_logs/2026-02-24T17_39_31_861Z-debug-0.log
11 silly packumentCache heap:4345298944 maxSize:1086324736 maxEntrySize:543162368
12 silly logfile done cleaning log files
13 silly idealTree buildDeps
14 silly fetch manifest cors@^2.8.5
15 silly packumentCache full:https://registry.npmjs.org/cors cache-miss
16 http fetch GET 200 https://registry.npmjs.org/cors 96ms (cache miss)
17 silly packumentCache full:https://registry.npmjs.org/cors set size:undefined disposed:false
18 silly fetch manifest express@^4.19.2
19 silly packumentCache full:https://registry.npmjs.org/express cache-miss
20 http fetch GET 200 https://registry.npmjs.org/express 42ms (cache miss)
21 silly packumentCache full:https://registry.npmjs.org/express set size:undefined disposed:false
22 silly fetch manifest uuid@^9.0.1
23 silly packumentCache full:https://registry.npmjs.org/uuid cache-miss
24 http fetch GET 200 https://registry.npmjs.org/uuid 41ms (cache miss)
25 silly packumentCache full:https://registry.npmjs.org/uuid set size:undefined disposed:false
26 silly placeDep ROOT cors@2.8.6 OK for: calculator-backend@0.1.0 want: ^2.8.5
27 silly placeDep ROOT express@4.22.1 OK for: calculator-backend@0.1.0 want: ^4.19.2
28 silly placeDep ROOT uuid@9.0.1 OK for: calculator-backend@0.1.0 want: ^9.0.1
29 silly fetch manifest object-assign@^4
30 silly packumentCache full:https://registry.npmjs.org/object-assign cache-miss
31 silly fetch manifest vary@^1
32 silly packumentCache full:https://registry.npmjs.org/vary cache-miss
33 silly fetch manifest qs@~6.14.0
34 silly packumentCache full:https://registry.npmjs.org/qs cache-miss
35 silly fetch manifest depd@2.0.0
36 silly packumentCache full:https://registry.npmjs.org/depd cache-miss
37 silly fetch manifest etag@~1.8.1
38 silly packumentCache full:https://registry.npmjs.org/etag cache-miss
39 silly fetch manifest send@~0.19.0
40 silly packumentCache full:https://registry.npmjs.org/send cache-miss
41 silly fetch manifest vary@~1.1.2
42 silly packumentCache full:https://registry.npmjs.org/vary cache-miss
43 silly fetch manifest debug@2.6.9
44 silly packumentCache full:https://registry.npmjs.org/debug cache-miss
45 silly fetch manifest fresh@~0.5.2
46 silly packumentCache full:https://registry.npmjs.org/fresh cache-miss
47 http fetch GET 200 https://registry.npmjs.org/object-assign 42ms (cache miss)
48 silly packumentCache full:https://registry.npmjs.org/object-assign set size:undefined disposed:false
49 silly fetch manifest cookie@~0.7.1
50 silly packumentCache full:https://registry.npmjs.org/cookie cache-miss
51 http fetch GET 200 https://registry.npmjs.org/vary 75ms (cache miss)
52 silly packumentCache full:https://registry.npmjs.org/vary set size:undefined disposed:false
53 silly fetch manifest accepts@~1.3.8
54 silly packumentCache full:https://registry.npmjs.org/accepts cache-miss
55 http fetch GET 200 https://registry.npmjs.org/etag 85ms (cache miss)
56 silly packumentCache full:https://registry.npmjs.org/etag set size:undefined disposed:false
57 silly fetch manifest methods@~1.1.2
58 silly packumentCache full:https://registry.npmjs.org/methods cache-miss
59 http fetch GET 200 https://registry.npmjs.org/cookie 43ms (cache miss)
60 silly packumentCache full:https://registry.npmjs.org/cookie set size:undefined disposed:false
61 silly fetch manifest type-is@~1.6.18
62 silly packumentCache full:https://registry.npmjs.org/type-is cache-miss
63 http fetch GET 200 https://registry.npmjs.org/depd 97ms (cache miss)
64 silly packumentCache full:https://registry.npmjs.org/depd set size:undefined disposed:false
65 silly fetch manifest parseurl@~1.3.3
66 silly packumentCache full:https://registry.npmjs.org/parseurl cache-miss
67 http fetch GET 200 https://registry.npmjs.org/qs 98ms (cache miss)
68 silly packumentCache full:https://registry.npmjs.org/qs set size:undefined disposed:false
69 silly fetch manifest statuses@~2.0.1
70 silly packumentCache full:https://registry.npmjs.org/statuses cache-miss
71 http fetch GET 200 https://registry.npmjs.org/fresh 104ms (cache miss)
72 silly packumentCache full:https://registry.npmjs.org/fresh set size:undefined disposed:false
73 silly fetch manifest encodeurl@~2.0.0
74 silly packumentCache full:https://registry.npmjs.org/encodeurl cache-miss
75 http fetch GET 200 https://registry.npmjs.org/send 106ms (cache miss)
76 silly packumentCache full:https://registry.npmjs.org/send set size:undefined disposed:false
77 silly fetch manifest proxy-addr@~2.0.7
78 silly packumentCache full:https://registry.npmjs.org/proxy-addr cache-miss
79 http fetch GET 200 https://registry.npmjs.org/accepts 34ms (cache miss)
80 silly packumentCache full:https://registry.npmjs.org/accepts set size:undefined disposed:false
81 silly fetch manifest body-parser@~1.20.3
82 silly packumentCache full:https://registry.npmjs.org/body-parser cache-miss
83 http fetch GET 200 https://registry.npmjs.org/debug 118ms (cache miss)
84 silly packumentCache full:https://registry.npmjs.org/debug set size:undefined disposed:false
85 silly fetch manifest escape-html@~1.0.3
86 silly packumentCache full:https://registry.npmjs.org/escape-html cache-miss
87 http fetch GET 200 https://registry.npmjs.org/parseurl 30ms (cache miss)
88 silly packumentCache full:https://registry.npmjs.org/parseurl set size:undefined disposed:false
89 silly fetch manifest http-errors@~2.0.0
90 silly packumentCache full:https://registry.npmjs.org/http-errors cache-miss
91 http fetch GET 200 https://registry.npmjs.org/type-is 41ms (cache miss)
92 silly packumentCache full:https://registry.npmjs.org/type-is set size:undefined disposed:false
93 silly fetch manifest on-finished@~2.4.1
94 silly packumentCache full:https://registry.npmjs.org/on-finished cache-miss
95 http fetch GET 200 https://registry.npmjs.org/encodeurl 29ms (cache miss)
96 silly packumentCache full:https://registry.npmjs.org/encodeurl set size:undefined disposed:false
97 silly fetch manifest safe-buffer@5.2.1
98 silly packumentCache full:https://registry.npmjs.org/safe-buffer cache-miss
99 http fetch GET 200 https://registry.npmjs.org/methods 53ms (cache miss)
100 silly packumentCache full:https://registry.npmjs.org/methods set size:undefined disposed:false
101 silly fetch manifest utils-merge@1.0.1
102 silly packumentCache full:https://registry.npmjs.org/utils-merge cache-miss
103 http fetch GET 200 https://registry.npmjs.org/body-parser 34ms (cache miss)
104 silly packumentCache full:https://registry.npmjs.org/body-parser set size:undefined disposed:false
105 silly fetch manifest content-type@~1.0.4
106 silly packumentCache full:https://registry.npmjs.org/content-type cache-miss
107 http fetch GET 200 https://registry.npmjs.org/proxy-addr 40ms (cache miss)
108 silly packumentCache full:https://registry.npmjs.org/proxy-addr set size:undefined disposed:false
109 silly fetch manifest finalhandler@~1.3.1
110 silly packumentCache full:https://registry.npmjs.org/finalhandler cache-miss
111 http fetch GET 200 https://registry.npmjs.org/on-finished 28ms (cache miss)
112 silly packumentCache full:https://registry.npmjs.org/on-finished set size:undefined disposed:false
113 silly fetch manifest range-parser@~1.2.1
114 silly packumentCache full:https://registry.npmjs.org/range-parser cache-miss
115 http fetch GET 200 https://registry.npmjs.org/escape-html 39ms (cache miss)
116 silly packumentCache full:https://registry.npmjs.org/escape-html set size:undefined disposed:false
117 silly fetch manifest serve-static@~1.16.2
118 silly packumentCache full:https://registry.npmjs.org/serve-static cache-miss
119 http fetch GET 200 https://registry.npmjs.org/http-errors 35ms (cache miss)
120 silly packumentCache full:https://registry.npmjs.org/http-errors set size:undefined disposed:false
121 silly fetch manifest array-flatten@1.1.1
122 silly packumentCache full:https://registry.npmjs.org/array-flatten cache-miss
123 http fetch GET 200 https://registry.npmjs.org/safe-buffer 31ms (cache miss)
124 silly packumentCache full:https://registry.npmjs.org/safe-buffer set size:undefined disposed:false
125 silly fetch manifest path-to-regexp@~0.1.12
126 silly packumentCache full:https://registry.npmjs.org/path-to-regexp cache-miss
127 http fetch GET 200 https://registry.npmjs.org/utils-merge 38ms (cache miss)
128 silly packumentCache full:https://registry.npmjs.org/utils-merge set size:undefined disposed:false
129 silly fetch manifest setprototypeof@1.2.0
130 silly packumentCache full:https://registry.npmjs.org/setprototypeof cache-miss
131 http fetch GET 200 https://registry.npmjs.org/content-type 39ms (cache miss)
132 silly packumentCache full:https://registry.npmjs.org/content-type set size:undefined disposed:false
133 silly fetch manifest cookie-signature@~1.0.6
134 silly packumentCache full:https://registry.npmjs.org/cookie-signature cache-miss
135 http fetch GET 200 https://registry.npmjs.org/npm 422ms
136 http fetch GET 200 https://registry.npmjs.org/setprototypeof 33ms (cache miss)
137 silly packumentCache full:https://registry.npmjs.org/setprototypeof set size:undefined disposed:false
138 silly fetch manifest merge-descriptors@1.0.3
139 silly packumentCache full:https://registry.npmjs.org/merge-descriptors cache-miss
140 http fetch GET 200 https://registry.npmjs.org/range-parser 54ms (cache miss)
141 silly packumentCache full:https://registry.npmjs.org/range-parser set size:undefined disposed:false
142 silly fetch manifest content-disposition@~0.5.4
143 silly packumentCache full:https://registry.npmjs.org/content-disposition cache-miss
144 http fetch GET 200 https://registry.npmjs.org/array-flatten 50ms (cache miss)
145 silly packumentCache full:https://registry.npmjs.org/array-flatten set size:undefined disposed:false
146 http fetch GET 200 https://registry.npmjs.org/finalhandler 66ms (cache miss)
147 silly packumentCache full:https://registry.npmjs.org/finalhandler set size:undefined disposed:false
148 http fetch GET 200 https://registry.npmjs.org/serve-static 55ms (cache miss)
149 silly packumentCache full:https://registry.npmjs.org/serve-static set size:undefined disposed:false
150 http fetch GET 200 https://registry.npmjs.org/path-to-regexp 49ms (cache miss)
151 silly packumentCache full:https://registry.npmjs.org/path-to-regexp set size:undefined disposed:false
152 http fetch GET 200 https://registry.npmjs.org/cookie-signature 33ms (cache miss)
153 silly packumentCache full:https://registry.npmjs.org/cookie-signature set size:undefined disposed:false
154 http fetch GET 200 https://registry.npmjs.org/vary 220ms (cache miss)
155 silly packumentCache full:https://registry.npmjs.org/vary set size:undefined disposed:false
156 http fetch GET 200 https://registry.npmjs.org/merge-descriptors 28ms (cache miss)
157 silly packumentCache full:https://registry.npmjs.org/merge-descriptors set size:undefined disposed:false
158 http fetch GET 200 https://registry.npmjs.org/content-disposition 33ms (cache miss)
159 silly packumentCache full:https://registry.npmjs.org/content-disposition set size:undefined disposed:false
160 http fetch GET 200 https://registry.npmjs.org/statuses 153ms (cache miss)
161 silly packumentCache full:https://registry.npmjs.org/statuses set size:undefined disposed:false
162 silly placeDep ROOT object-assign@4.1.1 OK for: cors@2.8.6 want: ^4
163 silly placeDep ROOT vary@1.1.2 OK for: cors@2.8.6 want: ^1
164 silly placeDep ROOT accepts@1.3.8 OK for: express@4.22.1 want: ~1.3.8
165 silly placeDep ROOT array-flatten@1.1.1 OK for: express@4.22.1 want: 1.1.1
166 silly placeDep ROOT body-parser@1.20.4 OK for: express@4.22.1 want: ~1.20.3
167 silly placeDep ROOT content-disposition@0.5.4 OK for: express@4.22.1 want: ~0.5.4
168 silly placeDep ROOT content-type@1.0.5 OK for: express@4.22.1 want: ~1.0.4
169 silly placeDep ROOT cookie@0.7.2 OK for: express@4.22.1 want: ~0.7.1
170 silly placeDep ROOT cookie-signature@1.0.7 OK for: express@4.22.1 want: ~1.0.6
171 silly placeDep ROOT debug@2.6.9 OK for: express@4.22.1 want: 2.6.9
172 silly placeDep ROOT depd@2.0.0 OK for: express@4.22.1 want: 2.0.0
173 silly placeDep ROOT encodeurl@2.0.0 OK for: express@4.22.1 want: ~2.0.0
174 silly placeDep ROOT escape-html@1.0.3 OK for: express@4.22.1 want: ~1.0.3
175 silly placeDep ROOT etag@1.8.1 OK for: express@4.22.1 want: ~1.8.1
176 silly placeDep ROOT finalhandler@1.3.2 OK for: express@4.22.1 want: ~1.3.1
177 silly placeDep ROOT fresh@0.5.2 OK for: express@4.22.1 want: ~0.5.2
178 silly placeDep ROOT http-errors@2.0.1 OK for: express@4.22.1 want: ~2.0.0
179 silly placeDep ROOT merge-descriptors@1.0.3 OK for: express@4.22.1 want: 1.0.3
180 silly placeDep ROOT methods@1.1.2 OK for: express@4.22.1 want: ~1.1.2
181 silly placeDep ROOT on-finished@2.4.1 OK for: express@4.22.1 want: ~2.4.1
182 silly placeDep ROOT parseurl@1.3.3 OK for: express@4.22.1 want: ~1.3.3
183 silly placeDep ROOT path-to-regexp@0.1.12 OK for: express@4.22.1 want: ~0.1.12
184 silly placeDep ROOT proxy-addr@2.0.7 OK for: express@4.22.1 want: ~2.0.7
185 silly placeDep ROOT qs@6.14.2 OK for: express@4.22.1 want: ~6.14.0
186 silly placeDep ROOT range-parser@1.2.1 OK for: express@4.22.1 want: ~1.2.1
187 silly placeDep ROOT safe-buffer@5.2.1 OK for: express@4.22.1 want: 5.2.1
188 silly placeDep ROOT send@0.19.2 OK for: express@4.22.1 want: ~0.19.0
189 silly placeDep ROOT serve-static@1.16.3 OK for: express@4.22.1 want: ~1.16.2
190 silly placeDep ROOT setprototypeof@1.2.0 OK for: express@4.22.1 want: 1.2.0
191 silly placeDep ROOT statuses@2.0.2 OK for: express@4.22.1 want: ~2.0.1
192 silly placeDep ROOT type-is@1.6.18 OK for: express@4.22.1 want: ~1.6.18
193 silly placeDep ROOT utils-merge@1.0.1 OK for: express@4.22.1 want: 1.0.1
194 silly fetch manifest mime-types@~2.1.34
195 silly packumentCache full:https://registry.npmjs.org/mime-types cache-miss
196 silly fetch manifest negotiator@0.6.3
197 silly packumentCache full:https://registry.npmjs.org/negotiator cache-miss
198 silly fetch manifest bytes@~3.1.2
199 silly packumentCache full:https://registry.npmjs.org/bytes cache-miss
200 silly fetch manifest unpipe@~1.0.0
201 silly packumentCache full:https://registry.npmjs.org/unpipe cache-miss
202 silly fetch manifest destroy@~1.2.0
203 silly packumentCache full:https://registry.npmjs.org/destroy cache-miss
204 silly fetch manifest raw-body@~2.5.3
205 silly packumentCache full:https://registry.npmjs.org/raw-body cache-miss
206 silly fetch manifest iconv-lite@~0.4.24
207 silly packumentCache full:https://registry.npmjs.org/iconv-lite cache-miss
208 silly fetch manifest http-errors@~2.0.1
209 silly packumentCache full:https://registry.npmjs.org/http-errors cache-miss
210 silly fetch manifest content-type@~1.0.5
211 silly packumentCache full:https://registry.npmjs.org/content-type cache-miss
212 http fetch GET 200 https://registry.npmjs.org/http-errors 8ms (cache hit)
213 silly packumentCache full:https://registry.npmjs.org/http-errors set size:71987 disposed:false
214 silly fetch manifest ms@2.0.0
215 silly packumentCache full:https://registry.npmjs.org/ms cache-miss
216 http fetch GET 200 https://registry.npmjs.org/content-type 10ms (cache hit)
217 silly packumentCache full:https://registry.npmjs.org/content-type set size:17311 disposed:false
218 silly fetch manifest unpipe@~1.0.0
219 silly packumentCache full:https://registry.npmjs.org/unpipe cache-miss
220 http fetch GET 200 https://registry.npmjs.org/destroy 34ms (cache miss)
221 silly packumentCache full:https://registry.npmjs.org/destroy set size:undefined disposed:false
222 silly fetch manifest statuses@~2.0.2
223 silly packumentCache full:https://registry.npmjs.org/statuses cache-miss
224 http fetch GET 200 https://registry.npmjs.org/negotiator 37ms (cache miss)
225 silly packumentCache full:https://registry.npmjs.org/negotiator set size:undefined disposed:false
226 silly fetch manifest inherits@~2.0.4
227 silly packumentCache full:https://registry.npmjs.org/inherits cache-miss
228 http fetch GET 200 https://registry.npmjs.org/statuses 4ms (cache hit)
229 silly packumentCache full:https://registry.npmjs.org/statuses set size:37117 disposed:false
230 silly fetch manifest setprototypeof@~1.2.0
231 silly packumentCache full:https://registry.npmjs.org/setprototypeof cache-miss
232 http fetch GET 200 https://registry.npmjs.org/mime-types 44ms (cache miss)
233 silly packumentCache full:https://registry.npmjs.org/mime-types set size:undefined disposed:false
234 silly fetch manifest toidentifier@~1.0.1
235 silly packumentCache full:https://registry.npmjs.org/toidentifier cache-miss
236 http fetch GET 200 https://registry.npmjs.org/setprototypeof 5ms (cache hit)
237 silly packumentCache full:https://registry.npmjs.org/setprototypeof set size:14532 disposed:false
238 silly fetch manifest ee-first@1.1.1
239 silly packumentCache full:https://registry.npmjs.org/ee-first cache-miss
240 http fetch GET 200 https://registry.npmjs.org/iconv-lite 46ms (cache miss)
241 silly packumentCache full:https://registry.npmjs.org/iconv-lite set size:undefined disposed:false
242 silly fetch manifest forwarded@0.2.0
243 silly packumentCache full:https://registry.npmjs.org/forwarded cache-miss
244 http fetch GET 200 https://registry.npmjs.org/bytes 52ms (cache miss)
245 silly packumentCache full:https://registry.npmjs.org/bytes set size:undefined disposed:false
246 silly fetch manifest ipaddr.js@1.9.1
247 silly packumentCache full:https://registry.npmjs.org/ipaddr.js cache-miss
248 http fetch GET 200 https://registry.npmjs.org/unpipe 52ms (cache miss)
249 silly packumentCache full:https://registry.npmjs.org/unpipe set size:undefined disposed:false
250 silly fetch manifest side-channel@^1.1.0
251 silly packumentCache full:https://registry.npmjs.org/side-channel cache-miss
252 http fetch GET 200 https://registry.npmjs.org/unpipe 42ms (cache miss)
253 silly packumentCache full:https://registry.npmjs.org/unpipe set size:undefined disposed:false
254 silly fetch manifest ms@2.1.3
255 silly packumentCache full:https://registry.npmjs.org/ms cache-miss
256 http fetch GET 200 https://registry.npmjs.org/raw-body 55ms (cache miss)
257 silly packumentCache full:https://registry.npmjs.org/raw-body set size:undefined disposed:false
258 silly fetch manifest mime@1.6.0
259 silly packumentCache full:https://registry.npmjs.org/mime cache-miss
260 http fetch GET 200 https://registry.npmjs.org/ms 47ms (cache miss)
261 silly packumentCache full:https://registry.npmjs.org/ms set size:undefined disposed:false
262 silly fetch manifest destroy@1.2.0
263 silly packumentCache full:https://registry.npmjs.org/destroy cache-miss
264 http fetch GET 200 https://registry.npmjs.org/destroy 3ms (cache hit)
265 silly packumentCache full:https://registry.npmjs.org/destroy set size:15738 disposed:false
266 silly fetch manifest mime-types@~2.1.24
267 silly packumentCache full:https://registry.npmjs.org/mime-types cache-miss
268 http fetch GET 200 https://registry.npmjs.org/mime-types 1ms (cache hit)
269 silly packumentCache full:https://registry.npmjs.org/mime-types set size:139110 disposed:false
270 silly fetch manifest media-typer@0.3.0
271 silly packumentCache full:https://registry.npmjs.org/media-typer cache-miss
272 http fetch GET 200 https://registry.npmjs.org/inherits 50ms (cache miss)
273 silly packumentCache full:https://registry.npmjs.org/inherits set size:undefined disposed:false
274 http fetch GET 200 https://registry.npmjs.org/toidentifier 43ms (cache miss)
275 silly packumentCache full:https://registry.npmjs.org/toidentifier set size:undefined disposed:false
276 http fetch GET 200 https://registry.npmjs.org/ipaddr.js 39ms (cache miss)
277 silly packumentCache full:https://registry.npmjs.org/ipaddr.js set size:undefined disposed:false
278 http fetch GET 200 https://registry.npmjs.org/side-channel 38ms (cache miss)
279 silly packumentCache full:https://registry.npmjs.org/side-channel set size:undefined disposed:false
280 http fetch GET 200 https://registry.npmjs.org/ee-first 51ms (cache miss)
281 silly packumentCache full:https://registry.npmjs.org/ee-first set size:undefined disposed:false
282 http fetch GET 200 https://registry.npmjs.org/forwarded 49ms (cache miss)
283 silly packumentCache full:https://registry.npmjs.org/forwarded set size:undefined disposed:false
284 http fetch GET 200 https://registry.npmjs.org/ms 43ms (cache miss)
285 silly packumentCache full:https://registry.npmjs.org/ms set size:undefined disposed:false
286 http fetch GET 200 https://registry.npmjs.org/media-typer 34ms (cache miss)
287 silly packumentCache full:https://registry.npmjs.org/media-typer set size:undefined disposed:false
288 http fetch GET 200 https://registry.npmjs.org/mime 48ms (cache miss)
289 silly packumentCache full:https://registry.npmjs.org/mime set size:undefined disposed:false
290 silly placeDep ROOT mime-types@2.1.35 OK for: accepts@1.3.8 want: ~2.1.34
291 silly placeDep ROOT negotiator@0.6.3 OK for: accepts@1.3.8 want: 0.6.3
292 silly fetch manifest mime-db@1.52.0
293 silly packumentCache full:https://registry.npmjs.org/mime-db cache-miss
294 http fetch GET 200 https://registry.npmjs.org/mime-db 38ms (cache miss)
295 silly packumentCache full:https://registry.npmjs.org/mime-db set size:undefined disposed:false
296 silly placeDep ROOT bytes@3.1.2 OK for: body-parser@1.20.4 want: ~3.1.2
297 silly placeDep ROOT destroy@1.2.0 OK for: body-parser@1.20.4 want: ~1.2.0
298 silly placeDep ROOT iconv-lite@0.4.24 OK for: body-parser@1.20.4 want: ~0.4.24
299 silly placeDep ROOT raw-body@2.5.3 OK for: body-parser@1.20.4 want: ~2.5.3
300 silly placeDep ROOT unpipe@1.0.0 OK for: body-parser@1.20.4 want: ~1.0.0
301 silly fetch manifest safer-buffer@>= 2.1.2 < 3
302 silly packumentCache full:https://registry.npmjs.org/safer-buffer cache-miss
303 http fetch GET 200 https://registry.npmjs.org/safer-buffer 32ms (cache miss)
304 silly packumentCache full:https://registry.npmjs.org/safer-buffer set size:undefined disposed:false
305 silly placeDep ROOT ms@2.0.0 OK for: debug@2.6.9 want: 2.0.0
306 silly placeDep ROOT inherits@2.0.4 OK for: http-errors@2.0.1 want: ~2.0.4
307 silly placeDep ROOT toidentifier@1.0.1 OK for: http-errors@2.0.1 want: ~1.0.1
308 silly placeDep ROOT safer-buffer@2.1.2 OK for: iconv-lite@0.4.24 want: >= 2.1.2 < 3
309 silly placeDep ROOT mime-db@1.52.0 OK for: mime-types@2.1.35 want: 1.52.0
310 silly placeDep ROOT ee-first@1.1.1 OK for: on-finished@2.4.1 want: 1.1.1
311 silly placeDep ROOT forwarded@0.2.0 OK for: proxy-addr@2.0.7 want: 0.2.0
312 silly placeDep ROOT ipaddr.js@1.9.1 OK for: proxy-addr@2.0.7 want: 1.9.1
313 silly placeDep ROOT side-channel@1.1.0 OK for: qs@6.14.2 want: ^1.1.0
314 silly fetch manifest es-errors@^1.3.0
315 silly packumentCache full:https://registry.npmjs.org/es-errors cache-miss
316 silly fetch manifest object-inspect@^1.13.3
317 silly packumentCache full:https://registry.npmjs.org/object-inspect cache-miss
318 silly fetch manifest side-channel-list@^1.0.0
319 silly packumentCache full:https://registry.npmjs.org/side-channel-list cache-miss
320 silly fetch manifest side-channel-map@^1.0.1
321 silly packumentCache full:https://registry.npmjs.org/side-channel-map cache-miss
322 silly fetch manifest side-channel-weakmap@^1.0.2
323 silly packumentCache full:https://registry.npmjs.org/side-channel-weakmap cache-miss
324 http fetch GET 200 https://registry.npmjs.org/side-channel-list 33ms (cache miss)
325 silly packumentCache full:https://registry.npmjs.org/side-channel-list set size:undefined disposed:false
326 http fetch GET 200 https://registry.npmjs.org/es-errors 34ms (cache miss)
327 silly packumentCache full:https://registry.npmjs.org/es-errors set size:undefined disposed:false
328 http fetch GET 200 https://registry.npmjs.org/side-channel-weakmap 36ms (cache miss)
329 silly packumentCache full:https://registry.npmjs.org/side-channel-weakmap set size:undefined disposed:false
330 http fetch GET 200 https://registry.npmjs.org/object-inspect 40ms (cache miss)
331 silly packumentCache full:https://registry.npmjs.org/object-inspect set size:undefined disposed:false
332 http fetch GET 200 https://registry.npmjs.org/side-channel-map 49ms (cache miss)
333 silly packumentCache full:https://registry.npmjs.org/side-channel-map set size:undefined disposed:false
334 silly placeDep ROOT mime@1.6.0 OK for: send@0.19.2 want: 1.6.0
335 silly placeDep node_modules/send ms@2.1.3 OK for: send@0.19.2 want: 2.1.3
336 silly placeDep ROOT es-errors@1.3.0 OK for: side-channel@1.1.0 want: ^1.3.0
337 silly placeDep ROOT object-inspect@1.13.4 OK for: side-channel@1.1.0 want: ^1.13.3
338 silly placeDep ROOT side-channel-list@1.0.0 OK for: side-channel@1.1.0 want: ^1.0.0
339 silly placeDep ROOT side-channel-map@1.0.1 OK for: side-channel@1.1.0 want: ^1.0.1
340 silly placeDep ROOT side-channel-weakmap@1.0.2 OK for: side-channel@1.1.0 want: ^1.0.2
341 silly fetch manifest call-bound@^1.0.2
342 silly packumentCache full:https://registry.npmjs.org/call-bound cache-miss
343 silly fetch manifest get-intrinsic@^1.2.5
344 silly packumentCache full:https://registry.npmjs.org/get-intrinsic cache-miss
345 silly fetch manifest call-bound@^1.0.2
346 silly packumentCache full:https://registry.npmjs.org/call-bound cache-miss
347 silly fetch manifest get-intrinsic@^1.2.5
348 silly packumentCache full:https://registry.npmjs.org/get-intrinsic cache-miss
349 http fetch GET 200 https://registry.npmjs.org/get-intrinsic 37ms (cache miss)
350 silly packumentCache full:https://registry.npmjs.org/get-intrinsic set size:undefined disposed:false
351 http fetch GET 200 https://registry.npmjs.org/call-bound 40ms (cache miss)
352 silly packumentCache full:https://registry.npmjs.org/call-bound set size:undefined disposed:false
353 http fetch GET 200 https://registry.npmjs.org/get-intrinsic 45ms (cache miss)
354 silly packumentCache full:https://registry.npmjs.org/get-intrinsic set size:undefined disposed:false
355 http fetch GET 200 https://registry.npmjs.org/call-bound 65ms (cache miss)
356 silly packumentCache full:https://registry.npmjs.org/call-bound set size:undefined disposed:false
357 silly placeDep ROOT call-bound@1.0.4 OK for: side-channel-map@1.0.1 want: ^1.0.2
358 silly placeDep ROOT get-intrinsic@1.3.0 OK for: side-channel-map@1.0.1 want: ^1.2.5
359 silly fetch manifest call-bind-apply-helpers@^1.0.2
360 silly packumentCache full:https://registry.npmjs.org/call-bind-apply-helpers cache-miss
361 silly fetch manifest get-intrinsic@^1.3.0
362 silly packumentCache full:https://registry.npmjs.org/get-intrinsic cache-miss
363 silly fetch manifest gopd@^1.2.0
364 silly packumentCache full:https://registry.npmjs.org/gopd cache-miss
365 silly fetch manifest hasown@^2.0.2
366 silly packumentCache full:https://registry.npmjs.org/hasown cache-miss
367 silly fetch manifest get-proto@^1.0.1
368 silly packumentCache full:https://registry.npmjs.org/get-proto cache-miss
369 silly fetch manifest has-symbols@^1.1.0
370 silly packumentCache full:https://registry.npmjs.org/has-symbols cache-miss
371 silly fetch manifest function-bind@^1.1.2
372 silly packumentCache full:https://registry.npmjs.org/function-bind cache-miss
373 silly fetch manifest es-object-atoms@^1.1.1
374 silly packumentCache full:https://registry.npmjs.org/es-object-atoms cache-miss
375 silly fetch manifest math-intrinsics@^1.1.0
376 silly packumentCache full:https://registry.npmjs.org/math-intrinsics cache-miss
377 http fetch GET 200 https://registry.npmjs.org/get-intrinsic 7ms (cache hit)
378 silly packumentCache full:https://registry.npmjs.org/get-intrinsic set size:60985 disposed:false
379 silly fetch manifest es-define-property@^1.0.1
380 silly packumentCache full:https://registry.npmjs.org/es-define-property cache-miss
381 http fetch GET 200 https://registry.npmjs.org/call-bind-apply-helpers 43ms (cache miss)
382 silly packumentCache full:https://registry.npmjs.org/call-bind-apply-helpers set size:undefined disposed:false
383 http fetch GET 200 https://registry.npmjs.org/gopd 44ms (cache miss)
384 silly packumentCache full:https://registry.npmjs.org/gopd set size:undefined disposed:false
385 http fetch GET 200 https://registry.npmjs.org/hasown 45ms (cache miss)
386 silly packumentCache full:https://registry.npmjs.org/hasown set size:undefined disposed:false
387 http fetch GET 200 https://registry.npmjs.org/es-define-property 38ms (cache miss)
388 silly packumentCache full:https://registry.npmjs.org/es-define-property set size:undefined disposed:false
389 http fetch GET 200 https://registry.npmjs.org/has-symbols 45ms (cache miss)
390 silly packumentCache full:https://registry.npmjs.org/has-symbols set size:undefined disposed:false
391 http fetch GET 200 https://registry.npmjs.org/get-proto 50ms (cache miss)
392 silly packumentCache full:https://registry.npmjs.org/get-proto set size:undefined disposed:false
393 http fetch GET 200 https://registry.npmjs.org/function-bind 49ms (cache miss)
394 silly packumentCache full:https://registry.npmjs.org/function-bind set size:undefined disposed:false
395 http fetch GET 200 https://registry.npmjs.org/es-object-atoms 50ms (cache miss)
396 silly packumentCache full:https://registry.npmjs.org/es-object-atoms set size:undefined disposed:false
397 http fetch GET 200 https://registry.npmjs.org/math-intrinsics 50ms (cache miss)
398 silly packumentCache full:https://registry.npmjs.org/math-intrinsics set size:undefined disposed:false
399 silly placeDep ROOT call-bind-apply-helpers@1.0.2 OK for: call-bound@1.0.4 want: ^1.0.2
400 silly placeDep ROOT function-bind@1.1.2 OK for: call-bind-apply-helpers@1.0.2 want: ^1.1.2
401 silly placeDep ROOT es-define-property@1.0.1 OK for: get-intrinsic@1.3.0 want: ^1.0.1
402 silly placeDep ROOT es-object-atoms@1.1.1 OK for: get-intrinsic@1.3.0 want: ^1.1.1
403 silly placeDep ROOT get-proto@1.0.1 OK for: get-intrinsic@1.3.0 want: ^1.0.1
404 silly placeDep ROOT gopd@1.2.0 OK for: get-intrinsic@1.3.0 want: ^1.2.0
405 silly placeDep ROOT has-symbols@1.1.0 OK for: get-intrinsic@1.3.0 want: ^1.1.0
406 silly placeDep ROOT hasown@2.0.2 OK for: get-intrinsic@1.3.0 want: ^2.0.2
407 silly placeDep ROOT math-intrinsics@1.1.0 OK for: get-intrinsic@1.3.0 want: ^1.1.0
408 silly fetch manifest dunder-proto@^1.0.1
409 silly packumentCache full:https://registry.npmjs.org/dunder-proto cache-miss
410 http fetch GET 200 https://registry.npmjs.org/dunder-proto 64ms (cache miss)
411 silly packumentCache full:https://registry.npmjs.org/dunder-proto set size:undefined disposed:false
412 silly placeDep ROOT dunder-proto@1.0.1 OK for: get-proto@1.0.1 want: ^1.0.1
413 silly placeDep ROOT media-typer@0.3.0 OK for: type-is@1.6.18 want: 0.3.0
414 silly reify moves {}
415 silly audit bulk request {
415 silly audit   cors: [ '2.8.6' ],
415 silly audit   express: [ '4.22.1' ],
415 silly audit   uuid: [ '9.0.1' ],
415 silly audit   'object-assign': [ '4.1.1' ],
415 silly audit   vary: [ '1.1.2' ],
415 silly audit   accepts: [ '1.3.8' ],
415 silly audit   'array-flatten': [ '1.1.1' ],
415 silly audit   'body-parser': [ '1.20.4' ],
415 silly audit   'content-disposition': [ '0.5.4' ],
415 silly audit   'content-type': [ '1.0.5' ],
415 silly audit   cookie: [ '0.7.2' ],
415 silly audit   'cookie-signature': [ '1.0.7' ],
415 silly audit   debug: [ '2.6.9' ],
415 silly audit   depd: [ '2.0.0' ],
415 silly audit   encodeurl: [ '2.0.0' ],
415 silly audit   'escape-html': [ '1.0.3' ],
415 silly audit   etag: [ '1.8.1' ],
415 silly audit   finalhandler: [ '1.3.2' ],
415 silly audit   fresh: [ '0.5.2' ],
415 silly audit   'http-errors': [ '2.0.1' ],
415 silly audit   'merge-descriptors': [ '1.0.3' ],
415 silly audit   methods: [ '1.1.2' ],
415 silly audit   'on-finished': [ '2.4.1' ],
415 silly audit   parseurl: [ '1.3.3' ],
415 silly audit   'path-to-regexp': [ '0.1.12' ],
415 silly audit   'proxy-addr': [ '2.0.7' ],
415 silly audit   qs: [ '6.14.2' ],
415 silly audit   'range-parser': [ '1.2.1' ],
415 silly audit   'safe-buffer': [ '5.2.1' ],
415 silly audit   send: [ '0.19.2' ],
415 silly audit   'serve-static': [ '1.16.3' ],
415 silly audit   setprototypeof: [ '1.2.0' ],
415 silly audit   statuses: [ '2.0.2' ],
415 silly audit   'type-is': [ '1.6.18' ],
415 silly audit   'utils-merge': [ '1.0.1' ],
415 silly audit   'mime-types': [ '2.1.35' ],
415 silly audit   negotiator: [ '0.6.3' ],
415 silly audit   bytes: [ '3.1.2' ],
415 silly audit   destroy: [ '1.2.0' ],
415 silly audit   'iconv-lite': [ '0.4.24' ],
415 silly audit   'raw-body': [ '2.5.3' ],
415 silly audit   unpipe: [ '1.0.0' ],
415 silly audit   ms: [ '2.0.0', '2.1.3' ],
415 silly audit   inherits: [ '2.0.4' ],
415 silly audit   toidentifier: [ '1.0.1' ],
415 silly audit   'safer-buffer': [ '2.1.2' ],
415 silly audit   'mime-db': [ '1.52.0' ],
415 silly audit   'ee-first': [ '1.1.1' ],
415 silly audit   forwarded: [ '0.2.0' ],
415 silly audit   'ipaddr.js': [ '1.9.1' ],
415 silly audit   'side-channel': [ '1.1.0' ],
415 silly audit   mime: [ '1.6.0' ],
415 silly audit   'es-errors': [ '1.3.0' ],
415 silly audit   'object-inspect': [ '1.13.4' ],
415 silly audit   'side-channel-list': [ '1.0.0' ],
415 silly audit   'side-channel-map': [ '1.0.1' ],
415 silly audit   'side-channel-weakmap': [ '1.0.2' ],
415 silly audit   'call-bound': [ '1.0.4' ],
415 silly audit   'get-intrinsic': [ '1.3.0' ],
415 silly audit   'call-bind-apply-helpers': [ '1.0.2' ],
415 silly audit   'function-bind': [ '1.1.2' ],
415 silly audit   'es-define-property': [ '1.0.1' ],
415 silly audit   'es-object-atoms': [ '1.1.1' ],
415 silly audit   'get-proto': [ '1.0.1' ],
415 silly audit   gopd: [ '1.2.0' ],
415 silly audit   'has-symbols': [ '1.1.0' ],
415 silly audit   hasown: [ '2.0.2' ],
415 silly audit   'math-intrinsics': [ '1.1.0' ],
415 silly audit   'dunder-proto': [ '1.0.1' ],
415 silly audit   'media-typer': [ '0.3.0' ]
415 silly audit }
416 silly tarball no local data for media-typer@https://registry.npmjs.org/media-typer/-/media-typer-0.3.0.tgz. Extracting by manifest.
417 silly tarball no local data for dunder-proto@https://registry.npmjs.org/dunder-proto/-/dunder-proto-1.0.1.tgz. Extracting by manifest.
418 silly tarball no local data for hasown@https://registry.npmjs.org/hasown/-/hasown-2.0.2.tgz. Extracting by manifest.
419 silly tarball no local data for gopd@https://registry.npmjs.org/gopd/-/gopd-1.2.0.tgz. Extracting by manifest.
420 silly tarball no local data for get-proto@https://registry.npmjs.org/get-proto/-/get-proto-1.0.1.tgz. Extracting by manifest.
421 silly tarball no local data for math-intrinsics@https://registry.npmjs.org/math-intrinsics/-/math-intrinsics-1.1.0.tgz. Extracting by manifest.
422 silly tarball no local data for has-symbols@https://registry.npmjs.org/has-symbols/-/has-symbols-1.1.0.tgz. Extracting by manifest.
423 silly tarball no local data for es-object-atoms@https://registry.npmjs.org/es-object-atoms/-/es-object-atoms-1.1.1.tgz. Extracting by manifest.
424 silly tarball no local data for call-bind-apply-helpers@https://registry.npmjs.org/call-bind-apply-helpers/-/call-bind-apply-helpers-1.0.2.tgz. Extracting by manifest.
425 silly tarball no local data for call-bound@https://registry.npmjs.org/call-bound/-/call-bound-1.0.4.tgz. Extracting by manifest.
426 silly tarball no local data for get-intrinsic@https://registry.npmjs.org/get-intrinsic/-/get-intrinsic-1.3.0.tgz. Extracting by manifest.
427 silly tarball no local data for es-define-property@https://registry.npmjs.org/es-define-property/-/es-define-property-1.0.1.tgz. Extracting by manifest.
428 silly tarball no local data for side-channel-weakmap@https://registry.npmjs.org/side-channel-weakmap/-/side-channel-weakmap-1.0.2.tgz. Extracting by manifest.
429 silly tarball no local data for side-channel-list@https://registry.npmjs.org/side-channel-list/-/side-channel-list-1.0.0.tgz. Extracting by manifest.
430 silly tarball no local data for object-inspect@https://registry.npmjs.org/object-inspect/-/object-inspect-1.13.4.tgz. Extracting by manifest.
431 silly tarball no local data for function-bind@https://registry.npmjs.org/function-bind/-/function-bind-1.1.2.tgz. Extracting by manifest.
432 silly tarball no local data for es-errors@https://registry.npmjs.org/es-errors/-/es-errors-1.3.0.tgz. Extracting by manifest.
433 silly tarball no local data for side-channel-map@https://registry.npmjs.org/side-channel-map/-/side-channel-map-1.0.1.tgz. Extracting by manifest.
434 silly tarball no local data for side-channel@https://registry.npmjs.org/side-channel/-/side-channel-1.1.0.tgz. Extracting by manifest.
435 silly tarball no local data for ipaddr.js@https://registry.npmjs.org/ipaddr.js/-/ipaddr.js-1.9.1.tgz. Extracting by manifest.
436 silly tarball no local data for ee-first@https://registry.npmjs.org/ee-first/-/ee-first-1.1.1.tgz. Extracting by manifest.
437 silly tarball no local data for mime-db@https://registry.npmjs.org/mime-db/-/mime-db-1.52.0.tgz. Extracting by manifest.
438 silly tarball no local data for toidentifier@https://registry.npmjs.org/toidentifier/-/toidentifier-1.0.1.tgz. Extracting by manifest.
439 silly tarball no local data for ms@https://registry.npmjs.org/ms/-/ms-2.0.0.tgz. Extracting by manifest.
440 silly tarball no local data for unpipe@https://registry.npmjs.org/unpipe/-/unpipe-1.0.0.tgz. Extracting by manifest.
441 silly tarball no local data for mime@https://registry.npmjs.org/mime/-/mime-1.6.0.tgz. Extracting by manifest.
442 silly tarball no local data for inherits@https://registry.npmjs.org/inherits/-/inherits-2.0.4.tgz. Extracting by manifest.
443 silly tarball no local data for forwarded@https://registry.npmjs.org/forwarded/-/forwarded-0.2.0.tgz. Extracting by manifest.
444 silly tarball no local data for raw-body@https://registry.npmjs.org/raw-body/-/raw-body-2.5.3.tgz. Extracting by manifest.
445 silly tarball no local data for iconv-lite@https://registry.npmjs.org/iconv-lite/-/iconv-lite-0.4.24.tgz. Extracting by manifest.
446 silly tarball no local data for destroy@https://registry.npmjs.org/destroy/-/destroy-1.2.0.tgz. Extracting by manifest.
447 silly tarball no local data for safer-buffer@https://registry.npmjs.org/safer-buffer/-/safer-buffer-2.1.2.tgz. Extracting by manifest.
448 silly tarball no local data for negotiator@https://registry.npmjs.org/negotiator/-/negotiator-0.6.3.tgz. Extracting by manifest.
449 silly tarball no local data for mime-types@https://registry.npmjs.org/mime-types/-/mime-types-2.1.35.tgz. Extracting by manifest.
450 silly tarball no local data for utils-merge@https://registry.npmjs.org/utils-merge/-/utils-merge-1.0.1.tgz. Extracting by manifest.
451 silly tarball no local data for setprototypeof@https://registry.npmjs.org/setprototypeof/-/setprototypeof-1.2.0.tgz. Extracting by manifest.
452 silly tarball no local data for type-is@https://registry.npmjs.org/type-is/-/type-is-1.6.18.tgz. Extracting by manifest.
453 silly tarball no local data for serve-static@https://registry.npmjs.org/serve-static/-/serve-static-1.16.3.tgz. Extracting by manifest.
454 silly tarball no local data for safe-buffer@https://registry.npmjs.org/safe-buffer/-/safe-buffer-5.2.1.tgz. Extracting by manifest.
455 silly tarball no local data for send@https://registry.npmjs.org/send/-/send-0.19.2.tgz. Extracting by manifest.
456 silly tarball no local data for qs@https://registry.npmjs.org/qs/-/qs-6.14.2.tgz. Extracting by manifest.
457 silly tarball no local data for proxy-addr@https://registry.npmjs.org/proxy-addr/-/proxy-addr-2.0.7.tgz. Extracting by manifest.
458 silly tarball no local data for statuses@https://registry.npmjs.org/statuses/-/statuses-2.0.2.tgz. Extracting by manifest.
459 silly tarball no local data for path-to-regexp@https://registry.npmjs.org/path-to-regexp/-/path-to-regexp-0.1.12.tgz. Extracting by manifest.
460 silly tarball no local data for parseurl@https://registry.npmjs.org/parseurl/-/parseurl-1.3.3.tgz. Extracting by manifest.
461 silly tarball no local data for merge-descriptors@https://registry.npmjs.org/merge-descriptors/-/merge-descriptors-1.0.3.tgz. Extracting by manifest.
462 silly tarball no local data for bytes@https://registry.npmjs.org/bytes/-/bytes-3.1.2.tgz. Extracting by manifest.
463 silly tarball no local data for methods@https://registry.npmjs.org/methods/-/methods-1.1.2.tgz. Extracting by manifest.
464 silly tarball no local data for on-finished@https://registry.npmjs.org/on-finished/-/on-finished-2.4.1.tgz. Extracting by manifest.
465 silly tarball no local data for fresh@https://registry.npmjs.org/fresh/-/fresh-0.5.2.tgz. Extracting by manifest.
466 silly tarball no local data for http-errors@https://registry.npmjs.org/http-errors/-/http-errors-2.0.1.tgz. Extracting by manifest.
467 silly tarball no local data for range-parser@https://registry.npmjs.org/range-parser/-/range-parser-1.2.1.tgz. Extracting by manifest.
468 silly tarball no local data for finalhandler@https://registry.npmjs.org/finalhandler/-/finalhandler-1.3.2.tgz. Extracting by manifest.
469 silly tarball no local data for etag@https://registry.npmjs.org/etag/-/etag-1.8.1.tgz. Extracting by manifest.
470 silly tarball no local data for encodeurl@https://registry.npmjs.org/encodeurl/-/encodeurl-2.0.0.tgz. Extracting by manifest.
471 silly tarball no local data for cookie-signature@https://registry.npmjs.org/cookie-signature/-/cookie-signature-1.0.7.tgz. Extracting by manifest.
472 silly tarball no local data for escape-html@https://registry.npmjs.org/escape-html/-/escape-html-1.0.3.tgz. Extracting by manifest.
473 silly tarball no local data for cookie@https://registry.npmjs.org/cookie/-/cookie-0.7.2.tgz. Extracting by manifest.
474 silly tarball no local data for content-type@https://registry.npmjs.org/content-type/-/content-type-1.0.5.tgz. Extracting by manifest.
475 silly tarball no local data for content-disposition@https://registry.npmjs.org/content-disposition/-/content-disposition-0.5.4.tgz. Extracting by manifest.
476 silly tarball no local data for body-parser@https://registry.npmjs.org/body-parser/-/body-parser-1.20.4.tgz. Extracting by manifest.
477 silly tarball no local data for accepts@https://registry.npmjs.org/accepts/-/accepts-1.3.8.tgz. Extracting by manifest.
478 silly tarball no local data for debug@https://registry.npmjs.org/debug/-/debug-2.6.9.tgz. Extracting by manifest.
479 silly tarball no local data for vary@https://registry.npmjs.org/vary/-/vary-1.1.2.tgz. Extracting by manifest.
480 silly tarball no local data for object-assign@https://registry.npmjs.org/object-assign/-/object-assign-4.1.1.tgz. Extracting by manifest.
481 silly tarball no local data for uuid@https://registry.npmjs.org/uuid/-/uuid-9.0.1.tgz. Extracting by manifest.
482 silly tarball no local data for cors@https://registry.npmjs.org/cors/-/cors-2.8.6.tgz. Extracting by manifest.
483 silly tarball no local data for express@https://registry.npmjs.org/express/-/express-4.22.1.tgz. Extracting by manifest.
484 silly tarball no local data for array-flatten@https://registry.npmjs.org/array-flatten/-/array-flatten-1.1.1.tgz. Extracting by manifest.
485 silly tarball no local data for ms@https://registry.npmjs.org/ms/-/ms-2.1.3.tgz. Extracting by manifest.
486 silly tarball no local data for depd@https://registry.npmjs.org/depd/-/depd-2.0.0.tgz. Extracting by manifest.
487 http fetch GET 200 https://registry.npmjs.org/get-proto/-/get-proto-1.0.1.tgz 78ms (cache miss)
488 http fetch GET 200 https://registry.npmjs.org/media-typer/-/media-typer-0.3.0.tgz 80ms (cache miss)
489 http fetch GET 200 https://registry.npmjs.org/hasown/-/hasown-2.0.2.tgz 80ms (cache miss)
490 http fetch GET 200 https://registry.npmjs.org/gopd/-/gopd-1.2.0.tgz 80ms (cache miss)
491 http fetch GET 200 https://registry.npmjs.org/has-symbols/-/has-symbols-1.1.0.tgz 79ms (cache miss)
492 http fetch GET 200 https://registry.npmjs.org/es-object-atoms/-/es-object-atoms-1.1.1.tgz 79ms (cache miss)
493 http fetch GET 200 https://registry.npmjs.org/dunder-proto/-/dunder-proto-1.0.1.tgz 80ms (cache miss)
494 http fetch GET 200 https://registry.npmjs.org/call-bind-apply-helpers/-/call-bind-apply-helpers-1.0.2.tgz 82ms (cache miss)
495 http fetch GET 200 https://registry.npmjs.org/math-intrinsics/-/math-intrinsics-1.1.0.tgz 85ms (cache miss)
496 http fetch GET 200 https://registry.npmjs.org/object-inspect/-/object-inspect-1.13.4.tgz 84ms (cache miss)
497 http fetch POST 200 https://registry.npmjs.org/-/npm/v1/security/advisories/bulk 106ms
498 silly audit report {}
499 http fetch GET 200 https://registry.npmjs.org/function-bind/-/function-bind-1.1.2.tgz 96ms (cache miss)
500 http fetch GET 200 https://registry.npmjs.org/side-channel/-/side-channel-1.1.0.tgz 96ms (cache miss)
501 http fetch GET 200 https://registry.npmjs.org/ee-first/-/ee-first-1.1.1.tgz 95ms (cache miss)
502 http fetch GET 200 https://registry.npmjs.org/side-channel-map/-/side-channel-map-1.0.1.tgz 98ms (cache miss)
503 http fetch GET 200 https://registry.npmjs.org/toidentifier/-/toidentifier-1.0.1.tgz 103ms (cache miss)
504 http fetch GET 200 https://registry.npmjs.org/ipaddr.js/-/ipaddr.js-1.9.1.tgz 104ms (cache miss)
505 http fetch GET 200 https://registry.npmjs.org/es-errors/-/es-errors-1.3.0.tgz 107ms (cache miss)
506 http fetch GET 200 https://registry.npmjs.org/mime-db/-/mime-db-1.52.0.tgz 109ms (cache miss)
507 http fetch GET 200 https://registry.npmjs.org/side-channel-weakmap/-/side-channel-weakmap-1.0.2.tgz 112ms (cache miss)
508 http fetch GET 200 https://registry.npmjs.org/es-define-property/-/es-define-property-1.0.1.tgz 114ms (cache miss)
509 http fetch GET 200 https://registry.npmjs.org/side-channel-list/-/side-channel-list-1.0.0.tgz 113ms (cache miss)
510 http fetch GET 200 https://registry.npmjs.org/ms/-/ms-2.0.0.tgz 115ms (cache miss)
511 http fetch GET 200 https://registry.npmjs.org/forwarded/-/forwarded-0.2.0.tgz 118ms (cache miss)
512 http fetch GET 200 https://registry.npmjs.org/unpipe/-/unpipe-1.0.0.tgz 121ms (cache miss)
513 http fetch GET 200 https://registry.npmjs.org/inherits/-/inherits-2.0.4.tgz 121ms (cache miss)
514 http fetch GET 200 https://registry.npmjs.org/raw-body/-/raw-body-2.5.3.tgz 125ms (cache miss)
515 http fetch GET 200 https://registry.npmjs.org/mime/-/mime-1.6.0.tgz 128ms (cache miss)
516 http fetch GET 200 https://registry.npmjs.org/call-bound/-/call-bound-1.0.4.tgz 134ms (cache miss)
517 http fetch GET 200 https://registry.npmjs.org/destroy/-/destroy-1.2.0.tgz 135ms (cache miss)
518 http fetch GET 200 https://registry.npmjs.org/utils-merge/-/utils-merge-1.0.1.tgz 158ms (cache miss)
519 http fetch GET 200 https://registry.npmjs.org/safer-buffer/-/safer-buffer-2.1.2.tgz 158ms (cache miss)
520 http fetch GET 200 https://registry.npmjs.org/negotiator/-/negotiator-0.6.3.tgz 159ms (cache miss)
521 http fetch GET 200 https://registry.npmjs.org/iconv-lite/-/iconv-lite-0.4.24.tgz 161ms (cache miss)
522 http fetch GET 200 https://registry.npmjs.org/mime-types/-/mime-types-2.1.35.tgz 161ms (cache miss)
523 http fetch GET 200 https://registry.npmjs.org/serve-static/-/serve-static-1.16.3.tgz 160ms (cache miss)
524 http fetch GET 200 https://registry.npmjs.org/send/-/send-0.19.2.tgz 159ms (cache miss)
525 http fetch GET 200 https://registry.npmjs.org/type-is/-/type-is-1.6.18.tgz 160ms (cache miss)
526 http fetch GET 200 https://registry.npmjs.org/setprototypeof/-/setprototypeof-1.2.0.tgz 161ms (cache miss)
527 http fetch GET 200 https://registry.npmjs.org/safe-buffer/-/safe-buffer-5.2.1.tgz 161ms (cache miss)
528 http fetch GET 200 https://registry.npmjs.org/get-intrinsic/-/get-intrinsic-1.3.0.tgz 170ms (cache miss)
529 http fetch GET 200 https://registry.npmjs.org/proxy-addr/-/proxy-addr-2.0.7.tgz 161ms (cache miss)
530 http fetch GET 200 https://registry.npmjs.org/qs/-/qs-6.14.2.tgz 164ms (cache miss)
531 http fetch GET 200 https://registry.npmjs.org/path-to-regexp/-/path-to-regexp-0.1.12.tgz 173ms (cache miss)
532 http fetch GET 200 https://registry.npmjs.org/parseurl/-/parseurl-1.3.3.tgz 174ms (cache miss)
533 http fetch GET 200 https://registry.npmjs.org/statuses/-/statuses-2.0.2.tgz 174ms (cache miss)
534 http fetch GET 200 https://registry.npmjs.org/encodeurl/-/encodeurl-2.0.0.tgz 179ms (cache miss)
535 http fetch GET 200 https://registry.npmjs.org/etag/-/etag-1.8.1.tgz 181ms (cache miss)
536 http fetch GET 200 https://registry.npmjs.org/bytes/-/bytes-3.1.2.tgz 184ms (cache miss)
537 http fetch GET 200 https://registry.npmjs.org/finalhandler/-/finalhandler-1.3.2.tgz 181ms (cache miss)
538 http fetch GET 200 https://registry.npmjs.org/range-parser/-/range-parser-1.2.1.tgz 182ms (cache miss)
539 http fetch GET 200 https://registry.npmjs.org/cookie-signature/-/cookie-signature-1.0.7.tgz 182ms (cache miss)
540 http fetch GET 200 https://registry.npmjs.org/on-finished/-/on-finished-2.4.1.tgz 185ms (cache miss)
541 http fetch GET 200 https://registry.npmjs.org/merge-descriptors/-/merge-descriptors-1.0.3.tgz 187ms (cache miss)
542 http fetch GET 200 https://registry.npmjs.org/methods/-/methods-1.1.2.tgz 186ms (cache miss)
543 http fetch GET 200 https://registry.npmjs.org/fresh/-/fresh-0.5.2.tgz 187ms (cache miss)
544 http fetch GET 200 https://registry.npmjs.org/escape-html/-/escape-html-1.0.3.tgz 186ms (cache miss)
545 http fetch GET 200 https://registry.npmjs.org/http-errors/-/http-errors-2.0.1.tgz 193ms (cache miss)
546 http fetch GET 200 https://registry.npmjs.org/body-parser/-/body-parser-1.20.4.tgz 210ms (cache miss)
547 http fetch GET 200 https://registry.npmjs.org/cookie/-/cookie-0.7.2.tgz 211ms (cache miss)
548 http fetch GET 200 https://registry.npmjs.org/vary/-/vary-1.1.2.tgz 210ms (cache miss)
549 http fetch GET 200 https://registry.npmjs.org/content-type/-/content-type-1.0.5.tgz 211ms (cache miss)
550 http fetch GET 200 https://registry.npmjs.org/content-disposition/-/content-disposition-0.5.4.tgz 212ms (cache miss)
551 http fetch GET 200 https://registry.npmjs.org/cors/-/cors-2.8.6.tgz 219ms (cache miss)
552 http fetch GET 200 https://registry.npmjs.org/depd/-/depd-2.0.0.tgz 220ms (cache miss)
553 http fetch GET 200 https://registry.npmjs.org/accepts/-/accepts-1.3.8.tgz 226ms (cache miss)
554 http fetch GET 200 https://registry.npmjs.org/array-flatten/-/array-flatten-1.1.1.tgz 224ms (cache miss)
555 http fetch GET 200 https://registry.npmjs.org/object-assign/-/object-assign-4.1.1.tgz 226ms (cache miss)
556 http fetch GET 200 https://registry.npmjs.org/ms/-/ms-2.1.3.tgz 225ms (cache miss)
557 http fetch GET 200 https://registry.npmjs.org/debug/-/debug-2.6.9.tgz 228ms (cache miss)
558 http fetch GET 200 https://registry.npmjs.org/express/-/express-4.22.1.tgz 230ms (cache miss)
559 http fetch GET 200 https://registry.npmjs.org/uuid/-/uuid-9.0.1.tgz 232ms (cache miss)
560 silly ADD node_modules/media-typer
561 silly ADD node_modules/dunder-proto
562 silly ADD node_modules/math-intrinsics
563 silly ADD node_modules/hasown
564 silly ADD node_modules/has-symbols
565 silly ADD node_modules/gopd
566 silly ADD node_modules/get-proto
567 silly ADD node_modules/es-object-atoms
568 silly ADD node_modules/es-define-property
569 silly ADD node_modules/function-bind
570 silly ADD node_modules/call-bind-apply-helpers
571 silly ADD node_modules/get-intrinsic
572 silly ADD node_modules/call-bound
573 silly ADD node_modules/side-channel-weakmap
574 silly ADD node_modules/side-channel-map
575 silly ADD node_modules/side-channel-list
576 silly ADD node_modules/object-inspect
577 silly ADD node_modules/es-errors
578 silly ADD node_modules/mime
579 silly ADD node_modules/side-channel
580 silly ADD node_modules/ipaddr.js
581 silly ADD node_modules/forwarded
582 silly ADD node_modules/ee-first
583 silly ADD node_modules/mime-db
584 silly ADD node_modules/safer-buffer
585 silly ADD node_modules/toidentifier
586 silly ADD node_modules/inherits
587 silly ADD node_modules/ms
588 silly ADD node_modules/unpipe
589 silly ADD node_modules/raw-body
590 silly ADD node_modules/iconv-lite
591 silly ADD node_modules/destroy
592 silly ADD node_modules/bytes
593 silly ADD node_modules/negotiator
594 silly ADD node_modules/mime-types
595 silly ADD node_modules/utils-merge
596 silly ADD node_modules/type-is
597 silly ADD node_modules/statuses
598 silly ADD node_modules/setprototypeof
599 silly ADD node_modules/serve-static
600 silly ADD node_modules/send
601 silly ADD node_modules/send/node_modules/ms
602 silly ADD node_modules/safe-buffer
603 silly ADD node_modules/range-parser
604 silly ADD node_modules/qs
605 silly ADD node_modules/proxy-addr
606 silly ADD node_modules/path-to-regexp
607 silly ADD node_modules/parseurl
608 silly ADD node_modules/on-finished
609 silly ADD node_modules/methods
610 silly ADD node_modules/merge-descriptors
611 silly ADD node_modules/http-errors
612 silly ADD node_modules/fresh
613 silly ADD node_modules/finalhandler
614 silly ADD node_modules/etag
615 silly ADD node_modules/escape-html
616 silly ADD node_modules/encodeurl
617 silly ADD node_modules/depd
618 silly ADD node_modules/debug
619 silly ADD node_modules/cookie-signature
620 silly ADD node_modules/cookie
621 silly ADD node_modules/content-type
622 silly ADD node_modules/content-disposition
623 silly ADD node_modules/body-parser
624 silly ADD node_modules/array-flatten
625 silly ADD node_modules/accepts
626 silly ADD node_modules/vary
627 silly ADD node_modules/object-assign
628 silly ADD node_modules/uuid
629 silly ADD node_modules/express
630 silly ADD node_modules/cors
631 verbose cwd /Users/natejly/ninth-seat/.ninth-seat-artifacts/workflow-runs/wfr_345191d730a9/workspace/backend
632 verbose os Darwin 25.2.0
633 verbose node v20.16.0
634 verbose npm  v10.8.1
635 notice
635 notice New major version of npm available! 10.8.1 -> 11.10.1
635 notice Changelog: https://github.com/npm/cli/releases/tag/v11.10.1
635 notice To update run: npm install -g npm@11.10.1
635 notice  { force: true, [Symbol(proc-log.meta)]: true }
636 verbose exit 0
637 info ok
