0 verbose cli /Users/natejly/.nvm/versions/node/v20.16.0/bin/node /Users/natejly/.nvm/versions/node/v20.16.0/bin/npm
1 info using npm@10.8.1
2 info using node@v20.16.0
3 silly config load:file:/Users/natejly/.nvm/versions/node/v20.16.0/lib/node_modules/npm/npmrc
4 silly config load:file:/Users/natejly/ninth-seat/.ninth-seat-artifacts/workflow-runs/wfr_432e33ca8a7d/workspace/calculator-app/.npmrc
5 silly config load:file:/Users/natejly/ninth-seat/.ninth-seat-artifacts/workflow-runs/wfr_432e33ca8a7d/workspace/.npmrc
6 silly config load:file:/Users/natejly/.nvm/versions/node/v20.16.0/etc/npmrc
7 verbose title npm install
8 verbose argv "install" "--legacy-peer-deps"
9 verbose logfile logs-max:10 dir:/Users/natejly/ninth-seat/.ninth-seat-artifacts/workflow-runs/wfr_432e33ca8a7d/workspace/.npm/_logs/2026-02-24T15_41_42_742Z-
10 verbose logfile /Users/natejly/ninth-seat/.ninth-seat-artifacts/workflow-runs/wfr_432e33ca8a7d/workspace/.npm/_logs/2026-02-24T15_41_42_742Z-debug-0.log
11 silly packumentCache heap:4345298944 maxSize:1086324736 maxEntrySize:543162368
12 silly logfile start cleaning logs, removing 1 files
13 silly logfile done cleaning log files
14 silly idealTree buildDeps
15 silly fetch manifest react@^19.2.0
16 silly packumentCache full:https://registry.npmjs.org/react cache-miss
17 silly fetch manifest react-dom@^19.2.0
18 silly packumentCache full:https://registry.npmjs.org/react-dom cache-miss
19 silly fetch manifest @eslint/js@^9.39.1
20 silly packumentCache full:https://registry.npmjs.org/@eslint%2fjs cache-miss
21 http fetch GET 200 https://registry.npmjs.org/@eslint%2fjs 6ms (cache hit)
22 silly packumentCache full:https://registry.npmjs.org/@eslint%2fjs set size:138411 disposed:false
23 silly fetch manifest @types/node@^24.10.1
24 silly packumentCache full:https://registry.npmjs.org/@types%2fnode cache-miss
25 silly fetch manifest @types/react@^19.2.7
26 silly packumentCache full:https://registry.npmjs.org/@types%2freact cache-miss
27 http fetch GET 200 https://registry.npmjs.org/@types%2freact 9ms (cache hit)
28 silly packumentCache full:https://registry.npmjs.org/@types%2freact set size:2588986 disposed:false
29 silly fetch manifest @types/react-dom@^19.2.3
30 silly packumentCache full:https://registry.npmjs.org/@types%2freact-dom cache-miss
31 http fetch GET 200 https://registry.npmjs.org/@types%2freact-dom 3ms (cache hit)
32 silly packumentCache full:https://registry.npmjs.org/@types%2freact-dom set size:429026 disposed:false
33 silly fetch manifest @vitejs/plugin-react@^5.1.4
34 silly packumentCache full:https://registry.npmjs.org/@vitejs%2fplugin-react cache-miss
35 http fetch GET 200 https://registry.npmjs.org/@vitejs%2fplugin-react 2ms (cache hit)
36 silly packumentCache full:https://registry.npmjs.org/@vitejs%2fplugin-react set size:251316 disposed:false
37 silly fetch manifest eslint@^9.39.1
38 silly packumentCache full:https://registry.npmjs.org/eslint cache-miss
39 http fetch GET 200 https://registry.npmjs.org/eslint 7ms (cache hit)
40 silly packumentCache full:https://registry.npmjs.org/eslint set size:1949507 disposed:false
41 silly fetch manifest eslint-plugin-react-hooks@^7.0.1
42 silly packumentCache full:https://registry.npmjs.org/eslint-plugin-react-hooks cache-miss
43 silly fetch manifest eslint-plugin-react-refresh@^0.4.24
44 silly packumentCache full:https://registry.npmjs.org/eslint-plugin-react-refresh cache-miss
45 http fetch GET 200 https://registry.npmjs.org/eslint-plugin-react-refresh 5ms (cache hit)
46 silly packumentCache full:https://registry.npmjs.org/eslint-plugin-react-refresh set size:91016 disposed:false
47 silly fetch manifest globals@^16.5.0
48 silly packumentCache full:https://registry.npmjs.org/globals cache-miss
49 http fetch GET 200 https://registry.npmjs.org/globals 5ms (cache hit)
50 silly packumentCache full:https://registry.npmjs.org/globals set size:304921 disposed:false
51 silly fetch manifest typescript@~5.9.3
52 silly packumentCache full:https://registry.npmjs.org/typescript cache-miss
53 silly fetch manifest typescript-eslint@^8.48.0
54 silly packumentCache full:https://registry.npmjs.org/typescript-eslint cache-miss
55 http fetch GET 200 https://registry.npmjs.org/typescript-eslint 13ms (cache hit)
56 silly packumentCache full:https://registry.npmjs.org/typescript-eslint set size:3610041 disposed:false
57 silly fetch manifest vite@^7.3.1
58 silly packumentCache full:https://registry.npmjs.org/vite cache-miss
59 silly placeDep ROOT @eslint/js@9.39.3 OK for: calculator-app@0.0.0 want: ^9.39.1
60 silly placeDep ROOT @types/node@ OK for: calculator-app@0.0.0 want: ^24.10.1
61 silly placeDep ROOT @types/react@19.2.14 OK for: calculator-app@0.0.0 want: ^19.2.7
62 silly placeDep ROOT @types/react-dom@19.2.3 OK for: calculator-app@0.0.0 want: ^19.2.3
63 silly placeDep ROOT @vitejs/plugin-react@5.1.4 OK for: calculator-app@0.0.0 want: ^5.1.4
64 silly placeDep ROOT eslint@9.39.3 OK for: calculator-app@0.0.0 want: ^9.39.1
65 silly placeDep ROOT eslint-plugin-react-hooks@ OK for: calculator-app@0.0.0 want: ^7.0.1
66 silly placeDep ROOT eslint-plugin-react-refresh@0.4.26 OK for: calculator-app@0.0.0 want: ^0.4.24
67 silly placeDep ROOT globals@16.5.0 OK for: calculator-app@0.0.0 want: ^16.5.0
68 silly placeDep ROOT react@ OK for: calculator-app@0.0.0 want: ^19.2.0
69 silly placeDep ROOT react-dom@ OK for: calculator-app@0.0.0 want: ^19.2.0
70 silly placeDep ROOT typescript@ OK for: calculator-app@0.0.0 want: ~5.9.3
71 silly placeDep ROOT typescript-eslint@8.56.1 OK for: calculator-app@0.0.0 want: ^8.48.0
72 silly placeDep ROOT vite@ OK for: calculator-app@0.0.0 want: ^7.3.1
73 silly fetch manifest csstype@^3.2.2
74 silly packumentCache full:https://registry.npmjs.org/csstype cache-miss
75 silly fetch manifest @babel/core@^7.29.0
76 silly packumentCache full:https://registry.npmjs.org/@babel%2fcore cache-miss
77 silly fetch manifest @babel/plugin-transform-react-jsx-self@^7.27.1
78 silly packumentCache full:https://registry.npmjs.org/@babel%2fplugin-transform-react-jsx-self cache-miss
79 silly fetch manifest @babel/plugin-transform-react-jsx-source@^7.27.1
80 silly packumentCache full:https://registry.npmjs.org/@babel%2fplugin-transform-react-jsx-source cache-miss
81 silly fetch manifest @rolldown/pluginutils@1.0.0-rc.3
82 silly packumentCache full:https://registry.npmjs.org/@rolldown%2fpluginutils cache-miss
83 silly fetch manifest @types/babel__core@^7.20.5
84 silly packumentCache full:https://registry.npmjs.org/@types%2fbabel__core cache-miss
85 silly fetch manifest react-refresh@^0.18.0
86 silly packumentCache full:https://registry.npmjs.org/react-refresh cache-miss
87 silly fetch manifest ajv@^6.12.4
88 silly packumentCache full:https://registry.npmjs.org/ajv cache-miss
89 silly fetch manifest chalk@^4.0.0
90 silly packumentCache full:https://registry.npmjs.org/chalk cache-miss
91 http fetch GET 200 https://registry.npmjs.org/csstype 15ms (cache hit)
92 silly packumentCache full:https://registry.npmjs.org/csstype set size:274189 disposed:false
93 silly fetch manifest debug@^4.3.2
94 silly packumentCache full:https://registry.npmjs.org/debug cache-miss
95 http fetch GET 200 https://registry.npmjs.org/@babel%2fcore 18ms (cache hit)
96 silly packumentCache full:https://registry.npmjs.org/@babel%2fcore set size:756140 disposed:false
97 silly fetch manifest espree@^10.4.0
98 silly packumentCache full:https://registry.npmjs.org/espree cache-miss
99 http fetch GET 200 https://registry.npmjs.org/@babel%2fplugin-transform-react-jsx-self 21ms (cache hit)
100 silly packumentCache full:https://registry.npmjs.org/@babel%2fplugin-transform-react-jsx-self set size:198119 disposed:false
101 silly fetch manifest ignore@^5.2.0
102 silly packumentCache full:https://registry.npmjs.org/ignore cache-miss
103 http fetch GET 200 https://registry.npmjs.org/@types%2fbabel__core 22ms (cache hit)
104 silly packumentCache full:https://registry.npmjs.org/@types%2fbabel__core set size:88676 disposed:false
105 silly fetch manifest esquery@^1.5.0
106 silly packumentCache full:https://registry.npmjs.org/esquery cache-miss
107 http fetch GET 200 https://registry.npmjs.org/@babel%2fplugin-transform-react-jsx-source 23ms (cache hit)
108 silly packumentCache full:https://registry.npmjs.org/@babel%2fplugin-transform-react-jsx-source set size:203114 disposed:false
109 silly fetch manifest esutils@^2.0.2
110 silly packumentCache full:https://registry.npmjs.org/esutils cache-miss
111 http fetch GET 200 https://registry.npmjs.org/@rolldown%2fpluginutils 25ms (cache hit)
112 silly packumentCache full:https://registry.npmjs.org/@rolldown%2fpluginutils set size:259041 disposed:false
113 silly fetch manifest find-up@^5.0.0
114 silly packumentCache full:https://registry.npmjs.org/find-up cache-miss
115 http fetch GET 200 https://registry.npmjs.org/chalk 29ms (cache hit)
116 silly packumentCache full:https://registry.npmjs.org/chalk set size:117861 disposed:false
117 silly fetch manifest is-glob@^4.0.0
118 silly packumentCache full:https://registry.npmjs.org/is-glob cache-miss
119 http fetch GET 200 https://registry.npmjs.org/ajv 32ms (cache hit)
120 silly packumentCache full:https://registry.npmjs.org/ajv set size:1120197 disposed:false
121 silly fetch manifest minimatch@^3.1.2
122 silly packumentCache full:https://registry.npmjs.org/minimatch cache-miss
123 http fetch GET 200 https://registry.npmjs.org/debug 28ms (cache hit)
124 silly packumentCache full:https://registry.npmjs.org/debug set size:195840 disposed:false
125 silly fetch manifest optionator@^0.9.3
126 silly packumentCache full:https://registry.npmjs.org/optionator cache-miss
127 http fetch GET 200 https://registry.npmjs.org/esquery 24ms (cache hit)
128 silly packumentCache full:https://registry.npmjs.org/esquery set size:48888 disposed:false
129 silly fetch manifest cross-spawn@^7.0.6
130 silly packumentCache full:https://registry.npmjs.org/cross-spawn cache-miss
131 http fetch GET 200 https://registry.npmjs.org/esutils 23ms (cache hit)
132 silly packumentCache full:https://registry.npmjs.org/esutils set size:29522 disposed:false
133 silly fetch manifest glob-parent@^6.0.2
134 silly packumentCache full:https://registry.npmjs.org/glob-parent cache-miss
135 http fetch GET 200 https://registry.npmjs.org/espree 30ms (cache hit)
136 silly packumentCache full:https://registry.npmjs.org/espree set size:323320 disposed:false
137 silly fetch manifest imurmurhash@^0.1.4
138 silly packumentCache full:https://registry.npmjs.org/imurmurhash cache-miss
139 http fetch GET 200 https://registry.npmjs.org/ignore 31ms (cache hit)
140 silly packumentCache full:https://registry.npmjs.org/ignore set size:237380 disposed:false
141 silly fetch manifest @eslint/core@^0.17.0
142 silly packumentCache full:https://registry.npmjs.org/@eslint%2fcore cache-miss
143 http fetch GET 200 https://registry.npmjs.org/find-up 26ms (cache hit)
144 silly packumentCache full:https://registry.npmjs.org/find-up set size:42620 disposed:false
145 silly fetch manifest eslint-scope@^8.4.0
146 silly packumentCache full:https://registry.npmjs.org/eslint-scope cache-miss
147 http fetch GET 200 https://registry.npmjs.org/minimatch 16ms (cache hit)
148 silly packumentCache full:https://registry.npmjs.org/minimatch set size:313826 disposed:false
149 silly fetch manifest lodash.merge@^4.6.2
150 silly packumentCache full:https://registry.npmjs.org/lodash.merge cache-miss
151 http fetch GET 200 https://registry.npmjs.org/is-glob 27ms (cache hit)
152 silly packumentCache full:https://registry.npmjs.org/is-glob set size:40530 disposed:false
153 silly fetch manifest @humanfs/node@^0.16.6
154 silly packumentCache full:https://registry.npmjs.org/@humanfs%2fnode cache-miss
155 http fetch GET 200 https://registry.npmjs.org/optionator 23ms (cache hit)
156 silly packumentCache full:https://registry.npmjs.org/optionator set size:49651 disposed:false
157 silly fetch manifest @types/estree@^1.0.6
158 silly packumentCache full:https://registry.npmjs.org/@types%2festree cache-miss
159 http fetch GET 200 https://registry.npmjs.org/glob-parent 21ms (cache hit)
160 silly packumentCache full:https://registry.npmjs.org/glob-parent set size:42445 disposed:false
161 silly fetch manifest fast-deep-equal@^3.1.3
162 silly packumentCache full:https://registry.npmjs.org/fast-deep-equal cache-miss
163 http fetch GET 200 https://registry.npmjs.org/imurmurhash 19ms (cache hit)
164 silly packumentCache full:https://registry.npmjs.org/imurmurhash set size:35819 disposed:false
165 silly fetch manifest natural-compare@^1.4.0
166 silly packumentCache full:https://registry.npmjs.org/natural-compare cache-miss
167 http fetch GET 200 https://registry.npmjs.org/@eslint%2fcore 18ms (cache hit)
168 silly packumentCache full:https://registry.npmjs.org/@eslint%2fcore set size:51452 disposed:false
169 silly fetch manifest @eslint/eslintrc@^3.3.1
170 silly packumentCache full:https://registry.npmjs.org/@eslint%2feslintrc cache-miss
171 http fetch GET 200 https://registry.npmjs.org/cross-spawn 27ms (cache hit)
172 silly packumentCache full:https://registry.npmjs.org/cross-spawn set size:109066 disposed:false
173 silly fetch manifest file-entry-cache@^8.0.0
174 silly packumentCache full:https://registry.npmjs.org/file-entry-cache cache-miss
175 http fetch GET 200 https://registry.npmjs.org/@humanfs%2fnode 15ms (cache hit)
176 silly packumentCache full:https://registry.npmjs.org/@humanfs%2fnode set size:37704 disposed:false
177 silly fetch manifest @eslint/plugin-kit@^0.4.1
178 silly packumentCache full:https://registry.npmjs.org/@eslint%2fplugin-kit cache-miss
179 http fetch GET 200 https://registry.npmjs.org/lodash.merge 17ms (cache hit)
180 silly packumentCache full:https://registry.npmjs.org/lodash.merge set size:78575 disposed:false
181 silly fetch manifest eslint-visitor-keys@^4.2.1
182 silly packumentCache full:https://registry.npmjs.org/eslint-visitor-keys cache-miss
183 http fetch GET 200 https://registry.npmjs.org/eslint-scope 21ms (cache hit)
184 silly packumentCache full:https://registry.npmjs.org/eslint-scope set size:96445 disposed:false
185 silly fetch manifest @eslint/config-array@^0.21.1
186 silly packumentCache full:https://registry.npmjs.org/@eslint%2fconfig-array cache-miss
187 http fetch GET 200 https://registry.npmjs.org/@eslint%2feslintrc 7ms (cache hit)
188 silly packumentCache full:https://registry.npmjs.org/@eslint%2feslintrc set size:165858 disposed:false
189 silly fetch manifest @humanwhocodes/retry@^0.4.2
190 silly packumentCache full:https://registry.npmjs.org/@humanwhocodes%2fretry cache-miss
191 http fetch GET 200 https://registry.npmjs.org/natural-compare 12ms (cache hit)
192 silly packumentCache full:https://registry.npmjs.org/natural-compare set size:7852 disposed:false
193 silly fetch manifest escape-string-regexp@^4.0.0
194 silly packumentCache full:https://registry.npmjs.org/escape-string-regexp cache-miss
195 http fetch GET 200 https://registry.npmjs.org/@types%2festree 14ms (cache hit)
196 silly packumentCache full:https://registry.npmjs.org/@types%2festree set size:74091 disposed:false
197 silly fetch manifest @eslint/config-helpers@^0.4.2
198 silly packumentCache full:https://registry.npmjs.org/@eslint%2fconfig-helpers cache-miss
199 http fetch GET 200 https://registry.npmjs.org/fast-deep-equal 14ms (cache hit)
200 silly packumentCache full:https://registry.npmjs.org/fast-deep-equal set size:48634 disposed:false
201 silly fetch manifest @eslint-community/regexpp@^4.12.1
202 silly packumentCache full:https://registry.npmjs.org/@eslint-community%2fregexpp cache-miss
203 http fetch GET 200 https://registry.npmjs.org/file-entry-cache 12ms (cache hit)
204 silly packumentCache full:https://registry.npmjs.org/file-entry-cache set size:151480 disposed:false
205 silly fetch manifest @eslint-community/eslint-utils@^4.8.0
206 silly packumentCache full:https://registry.npmjs.org/@eslint-community%2feslint-utils cache-miss
207 http fetch GET 200 https://registry.npmjs.org/@eslint%2fplugin-kit 12ms (cache hit)
208 silly packumentCache full:https://registry.npmjs.org/@eslint%2fplugin-kit set size:65206 disposed:false
209 silly fetch manifest @humanwhocodes/module-importer@^1.0.1
210 silly packumentCache full:https://registry.npmjs.org/@humanwhocodes%2fmodule-importer cache-miss
211 http fetch GET 200 https://registry.npmjs.org/eslint-visitor-keys 12ms (cache hit)
212 silly packumentCache full:https://registry.npmjs.org/eslint-visitor-keys set size:69949 disposed:false
213 silly fetch manifest json-stable-stringify-without-jsonify@^1.0.1
214 silly packumentCache full:https://registry.npmjs.org/json-stable-stringify-without-jsonify cache-miss
215 http fetch GET 200 https://registry.npmjs.org/@eslint%2fconfig-array 12ms (cache hit)
216 silly packumentCache full:https://registry.npmjs.org/@eslint%2fconfig-array set size:62322 disposed:false
217 silly fetch manifest @typescript-eslint/utils@8.56.1
218 silly packumentCache full:https://registry.npmjs.org/@typescript-eslint%2futils cache-miss
219 http fetch GET 200 https://registry.npmjs.org/escape-string-regexp 12ms (cache hit)
220 silly packumentCache full:https://registry.npmjs.org/escape-string-regexp set size:22244 disposed:false
221 silly fetch manifest @typescript-eslint/parser@8.56.1
222 silly packumentCache full:https://registry.npmjs.org/@typescript-eslint%2fparser cache-miss
223 http fetch GET 200 https://registry.npmjs.org/@humanwhocodes%2fretry 13ms (cache hit)
224 silly packumentCache full:https://registry.npmjs.org/@humanwhocodes%2fretry set size:42348 disposed:false
225 silly fetch manifest @typescript-eslint/eslint-plugin@8.56.1
226 silly packumentCache full:https://registry.npmjs.org/@typescript-eslint%2feslint-plugin cache-miss
227 http fetch GET 200 https://registry.npmjs.org/@eslint%2fconfig-helpers 14ms (cache hit)
228 silly packumentCache full:https://registry.npmjs.org/@eslint%2fconfig-helpers set size:39934 disposed:false
229 silly fetch manifest @typescript-eslint/typescript-estree@8.56.1
230 silly packumentCache full:https://registry.npmjs.org/@typescript-eslint%2ftypescript-estree cache-miss
231 http fetch GET 200 https://registry.npmjs.org/@eslint-community%2fregexpp 14ms (cache hit)
232 silly packumentCache full:https://registry.npmjs.org/@eslint-community%2fregexpp set size:106609 disposed:false
233 http fetch GET 200 https://registry.npmjs.org/@humanwhocodes%2fmodule-importer 14ms (cache hit)
234 silly packumentCache full:https://registry.npmjs.org/@humanwhocodes%2fmodule-importer set size:9516 disposed:false
235 http fetch GET 200 https://registry.npmjs.org/@eslint-community%2feslint-utils 15ms (cache hit)
236 silly packumentCache full:https://registry.npmjs.org/@eslint-community%2feslint-utils set size:93301 disposed:false
237 http fetch GET 200 https://registry.npmjs.org/json-stable-stringify-without-jsonify 13ms (cache hit)
238 silly packumentCache full:https://registry.npmjs.org/json-stable-stringify-without-jsonify set size:5808 disposed:false
239 silly placeDep ROOT csstype@3.2.3 OK for: @types/react@19.2.14 want: ^3.2.2
240 silly fetch manifest react-refresh@^0.18.0
241 silly packumentCache full:https://registry.npmjs.org/react-refresh cache-miss
242 silly placeDep ROOT @babel/core@7.29.0 OK for: @vitejs/plugin-react@5.1.4 want: ^7.29.0
243 silly placeDep ROOT @babel/plugin-transform-react-jsx-self@7.27.1 OK for: @vitejs/plugin-react@5.1.4 want: ^7.27.1
244 silly placeDep ROOT @babel/plugin-transform-react-jsx-source@7.27.1 OK for: @vitejs/plugin-react@5.1.4 want: ^7.27.1
245 silly placeDep ROOT @rolldown/pluginutils@1.0.0-rc.3 OK for: @vitejs/plugin-react@5.1.4 want: 1.0.0-rc.3
246 silly placeDep ROOT @types/babel__core@7.20.5 OK for: @vitejs/plugin-react@5.1.4 want: ^7.20.5
247 silly placeDep node_modules/@vitejs/plugin-react react-refresh@ OK for: @vitejs/plugin-react@5.1.4 want: ^0.18.0
248 silly fetch manifest debug@^4.1.0
249 silly packumentCache full:https://registry.npmjs.org/debug cache-hit
250 silly fetch manifest json5@^2.2.3
251 silly packumentCache full:https://registry.npmjs.org/json5 cache-miss
252 silly fetch manifest semver@^6.3.1
253 silly packumentCache full:https://registry.npmjs.org/semver cache-miss
254 silly fetch manifest gensync@^1.0.0-beta.2
255 silly packumentCache full:https://registry.npmjs.org/gensync cache-miss
256 silly fetch manifest @babel/types@^7.29.0
257 silly packumentCache full:https://registry.npmjs.org/@babel%2ftypes cache-miss
258 silly fetch manifest @babel/parser@^7.29.0
259 silly packumentCache full:https://registry.npmjs.org/@babel%2fparser cache-miss
260 silly fetch manifest @babel/helpers@^7.28.6
261 silly packumentCache full:https://registry.npmjs.org/@babel%2fhelpers cache-miss
262 silly fetch manifest @babel/template@^7.28.6
263 silly packumentCache full:https://registry.npmjs.org/@babel%2ftemplate cache-miss
264 silly fetch manifest @babel/traverse@^7.29.0
265 silly packumentCache full:https://registry.npmjs.org/@babel%2ftraverse cache-miss
266 silly fetch manifest @babel/generator@^7.29.0
267 silly packumentCache full:https://registry.npmjs.org/@babel%2fgenerator cache-miss
268 http fetch GET 200 https://registry.npmjs.org/@babel%2fhelpers 16ms (cache hit)
269 silly packumentCache full:https://registry.npmjs.org/@babel%2fhelpers set size:384482 disposed:false
270 silly fetch manifest @babel/code-frame@^7.29.0
271 silly packumentCache full:https://registry.npmjs.org/@babel%2fcode-frame cache-miss
272 http fetch GET 200 https://registry.npmjs.org/@babel%2fgenerator 18ms (cache hit)
273 silly packumentCache full:https://registry.npmjs.org/@babel%2fgenerator set size:504910 disposed:false
274 silly fetch manifest convert-source-map@^2.0.0
275 silly packumentCache full:https://registry.npmjs.org/convert-source-map cache-miss
276 http fetch GET 200 https://registry.npmjs.org/semver 30ms (cache hit)
277 silly packumentCache full:https://registry.npmjs.org/semver set size:229678 disposed:false
278 silly fetch manifest @jridgewell/remapping@^2.3.5
279 silly packumentCache full:https://registry.npmjs.org/@jridgewell%2fremapping cache-miss
280 http fetch GET 200 https://registry.npmjs.org/@babel%2ftypes 32ms (cache hit)
281 silly packumentCache full:https://registry.npmjs.org/@babel%2ftypes set size:485839 disposed:false
282 silly fetch manifest @babel/helper-module-transforms@^7.28.6
283 silly packumentCache full:https://registry.npmjs.org/@babel%2fhelper-module-transforms cache-miss
284 http fetch GET 200 https://registry.npmjs.org/@babel%2fparser 35ms (cache hit)
285 silly packumentCache full:https://registry.npmjs.org/@babel%2fparser set size:714217 disposed:false
286 silly fetch manifest @babel/helper-compilation-targets@^7.28.6
287 silly packumentCache full:https://registry.npmjs.org/@babel%2fhelper-compilation-targets cache-miss
288 http fetch GET 200 https://registry.npmjs.org/gensync 41ms (cache hit)
289 silly packumentCache full:https://registry.npmjs.org/gensync set size:15068 disposed:false
290 silly fetch manifest @babel/helper-plugin-utils@^7.27.1
291 silly packumentCache full:https://registry.npmjs.org/@babel%2fhelper-plugin-utils cache-miss
292 http fetch GET 200 https://registry.npmjs.org/json5 42ms (cache hit)
293 silly packumentCache full:https://registry.npmjs.org/json5 set size:86136 disposed:false
294 silly fetch manifest @babel/helper-plugin-utils@^7.27.1
295 silly packumentCache full:https://registry.npmjs.org/@babel%2fhelper-plugin-utils cache-miss
296 http fetch GET 200 https://registry.npmjs.org/@babel%2ftemplate 42ms (cache hit)
297 silly packumentCache full:https://registry.npmjs.org/@babel%2ftemplate set size:225245 disposed:false
298 silly fetch manifest @babel/types@^7.20.7
299 silly packumentCache full:https://registry.npmjs.org/@babel%2ftypes cache-hit
300 silly fetch manifest @babel/parser@^7.20.7
301 silly packumentCache full:https://registry.npmjs.org/@babel%2fparser cache-hit
302 silly fetch manifest @types/babel__template@*
303 silly packumentCache full:https://registry.npmjs.org/@types%2fbabel__template cache-miss
304 http fetch GET 200 https://registry.npmjs.org/@babel%2ftraverse 44ms (cache hit)
305 silly packumentCache full:https://registry.npmjs.org/@babel%2ftraverse set size:546499 disposed:false
306 silly fetch manifest @types/babel__traverse@*
307 silly packumentCache full:https://registry.npmjs.org/@types%2fbabel__traverse cache-miss
308 http fetch GET 200 https://registry.npmjs.org/@babel%2fcode-frame 31ms (cache hit)
309 silly packumentCache full:https://registry.npmjs.org/@babel%2fcode-frame set size:194176 disposed:false
310 silly fetch manifest @types/babel__generator@*
311 silly packumentCache full:https://registry.npmjs.org/@types%2fbabel__generator cache-miss
312 http fetch GET 200 https://registry.npmjs.org/convert-source-map 28ms (cache hit)
313 silly packumentCache full:https://registry.npmjs.org/convert-source-map set size:66997 disposed:false
314 http fetch GET 200 https://registry.npmjs.org/@babel%2fhelper-compilation-targets 14ms (cache hit)
315 silly packumentCache full:https://registry.npmjs.org/@babel%2fhelper-compilation-targets set size:216684 disposed:false
316 http fetch GET 200 https://registry.npmjs.org/@jridgewell%2fremapping 24ms (cache hit)
317 silly packumentCache full:https://registry.npmjs.org/@jridgewell%2fremapping set size:23809 disposed:false
318 http fetch GET 200 https://registry.npmjs.org/@babel%2fhelper-plugin-utils 15ms (cache hit)
319 silly packumentCache full:https://registry.npmjs.org/@babel%2fhelper-plugin-utils set size:162082 disposed:false
320 http fetch GET 200 https://registry.npmjs.org/@babel%2fhelper-plugin-utils 16ms (cache hit)
321 silly packumentCache full:https://registry.npmjs.org/@babel%2fhelper-plugin-utils set size:162082 disposed:false
322 silly packumentCache full:https://registry.npmjs.org/@babel%2fhelper-plugin-utils dispose
323 http fetch GET 200 https://registry.npmjs.org/@types%2fbabel__template 15ms (cache hit)
324 silly packumentCache full:https://registry.npmjs.org/@types%2fbabel__template set size:22631 disposed:false
325 http fetch GET 200 https://registry.npmjs.org/@babel%2fhelper-module-transforms 24ms (cache hit)
326 silly packumentCache full:https://registry.npmjs.org/@babel%2fhelper-module-transforms set size:331474 disposed:false
327 http fetch GET 200 https://registry.npmjs.org/@types%2fbabel__traverse 16ms (cache hit)
328 silly packumentCache full:https://registry.npmjs.org/@types%2fbabel__traverse set size:107819 disposed:false
329 http fetch GET 200 https://registry.npmjs.org/@types%2fbabel__generator 11ms (cache hit)
330 silly packumentCache full:https://registry.npmjs.org/@types%2fbabel__generator set size:31587 disposed:false
331 silly placeDep ROOT @babel/code-frame@7.29.0 OK for: @babel/core@7.29.0 want: ^7.29.0
332 silly placeDep ROOT @babel/generator@7.29.1 OK for: @babel/core@7.29.0 want: ^7.29.0
333 silly placeDep ROOT @babel/helper-compilation-targets@7.28.6 OK for: @babel/core@7.29.0 want: ^7.28.6
334 silly placeDep ROOT @babel/helper-module-transforms@7.28.6 OK for: @babel/core@7.29.0 want: ^7.28.6
335 silly placeDep ROOT @babel/helpers@7.28.6 OK for: @babel/core@7.29.0 want: ^7.28.6
336 silly placeDep ROOT @babel/parser@7.29.0 OK for: @babel/core@7.29.0 want: ^7.29.0
337 silly placeDep ROOT @babel/template@7.28.6 OK for: @babel/core@7.29.0 want: ^7.28.6
338 silly placeDep ROOT @babel/traverse@7.29.0 OK for: @babel/core@7.29.0 want: ^7.29.0
339 silly placeDep ROOT @babel/types@7.29.0 OK for: @babel/core@7.29.0 want: ^7.29.0
340 silly placeDep ROOT @jridgewell/remapping@2.3.5 OK for: @babel/core@7.29.0 want: ^2.3.5
341 silly placeDep ROOT convert-source-map@2.0.0 OK for: @babel/core@7.29.0 want: ^2.0.0
342 silly placeDep ROOT debug@4.4.3 OK for: @babel/core@7.29.0 want: ^4.1.0
343 silly placeDep ROOT gensync@1.0.0-beta.2 OK for: @babel/core@7.29.0 want: ^1.0.0-beta.2
344 silly placeDep ROOT json5@2.2.3 OK for: @babel/core@7.29.0 want: ^2.2.3
345 silly placeDep ROOT semver@6.3.1 OK for: @babel/core@7.29.0 want: ^6.3.1
346 silly fetch manifest js-tokens@^4.0.0
347 silly packumentCache full:https://registry.npmjs.org/js-tokens cache-miss
348 silly fetch manifest picocolors@^1.1.1
349 silly packumentCache full:https://registry.npmjs.org/picocolors cache-miss
350 silly fetch manifest @babel/helper-validator-identifier@^7.28.5
351 silly packumentCache full:https://registry.npmjs.org/@babel%2fhelper-validator-identifier cache-miss
352 silly fetch manifest jsesc@^3.0.2
353 silly packumentCache full:https://registry.npmjs.org/jsesc cache-miss
354 silly fetch manifest @jridgewell/gen-mapping@^0.3.12
355 silly packumentCache full:https://registry.npmjs.org/@jridgewell%2fgen-mapping cache-miss
356 silly fetch manifest @jridgewell/trace-mapping@^0.3.28
357 silly packumentCache full:https://registry.npmjs.org/@jridgewell%2ftrace-mapping cache-miss
358 silly fetch manifest lru-cache@^5.1.1
359 silly packumentCache full:https://registry.npmjs.org/lru-cache cache-miss
360 silly fetch manifest browserslist@^4.24.0
361 silly packumentCache full:https://registry.npmjs.org/browserslist cache-miss
362 silly fetch manifest @babel/compat-data@^7.28.6
363 silly packumentCache full:https://registry.npmjs.org/@babel%2fcompat-data cache-miss
364 http fetch GET 200 https://registry.npmjs.org/picocolors 7ms (cache hit)
365 silly packumentCache full:https://registry.npmjs.org/picocolors set size:16648 disposed:false
366 silly fetch manifest @babel/helper-validator-option@^7.27.1
367 silly packumentCache full:https://registry.npmjs.org/@babel%2fhelper-validator-option cache-miss
368 http fetch GET 200 https://registry.npmjs.org/js-tokens 9ms (cache hit)
369 silly packumentCache full:https://registry.npmjs.org/js-tokens set size:41947 disposed:false
370 silly fetch manifest @babel/traverse@^7.28.6
371 silly packumentCache full:https://registry.npmjs.org/@babel%2ftraverse cache-hit
372 silly fetch manifest @babel/helper-module-imports@^7.28.6
373 silly packumentCache full:https://registry.npmjs.org/@babel%2fhelper-module-imports cache-miss
374 http fetch GET 200 https://registry.npmjs.org/@jridgewell%2fgen-mapping 7ms (cache hit)
375 silly packumentCache full:https://registry.npmjs.org/@jridgewell%2fgen-mapping set size:80719 disposed:false
376 silly fetch manifest @babel/helper-validator-identifier@^7.28.5
377 silly packumentCache full:https://registry.npmjs.org/@babel%2fhelper-validator-identifier cache-miss
378 http fetch GET 200 https://registry.npmjs.org/@babel%2fhelper-validator-identifier 9ms (cache hit)
379 silly packumentCache full:https://registry.npmjs.org/@babel%2fhelper-validator-identifier set size:114475 disposed:false
380 silly fetch manifest @babel/types@^7.28.6
381 silly packumentCache full:https://registry.npmjs.org/@babel%2ftypes cache-hit
382 silly fetch manifest debug@^4.3.1
383 silly packumentCache full:https://registry.npmjs.org/debug cache-hit
384 silly fetch manifest @babel/helper-globals@^7.28.0
385 silly packumentCache full:https://registry.npmjs.org/@babel%2fhelper-globals cache-miss
386 http fetch GET 200 https://registry.npmjs.org/@jridgewell%2ftrace-mapping 9ms (cache hit)
387 silly packumentCache full:https://registry.npmjs.org/@jridgewell%2ftrace-mapping set size:170909 disposed:false
388 silly fetch manifest @babel/helper-string-parser@^7.27.1
389 silly packumentCache full:https://registry.npmjs.org/@babel%2fhelper-string-parser cache-miss
390 http fetch GET 200 https://registry.npmjs.org/lru-cache 11ms (cache hit)
391 silly packumentCache full:https://registry.npmjs.org/lru-cache set size:413591 disposed:false
392 silly fetch manifest @jridgewell/gen-mapping@^0.3.5
393 silly packumentCache full:https://registry.npmjs.org/@jridgewell%2fgen-mapping cache-hit
394 silly fetch manifest @jridgewell/trace-mapping@^0.3.24
395 silly packumentCache full:https://registry.npmjs.org/@jridgewell%2ftrace-mapping cache-hit
396 silly fetch manifest ms@^2.1.3
397 silly packumentCache full:https://registry.npmjs.org/ms cache-miss
398 http fetch GET 200 https://registry.npmjs.org/@babel%2fcompat-data 17ms (cache hit)
399 silly packumentCache full:https://registry.npmjs.org/@babel%2fcompat-data set size:303539 disposed:false
400 http fetch GET 200 https://registry.npmjs.org/jsesc 22ms (cache hit)
401 silly packumentCache full:https://registry.npmjs.org/jsesc set size:61512 disposed:false
402 http fetch GET 200 https://registry.npmjs.org/browserslist 21ms (cache hit)
403 silly packumentCache full:https://registry.npmjs.org/browserslist set size:502989 disposed:false
404 http fetch GET 200 https://registry.npmjs.org/@babel%2fhelper-validator-option 19ms (cache hit)
405 silly packumentCache full:https://registry.npmjs.org/@babel%2fhelper-validator-option set size:90529 disposed:false
406 http fetch GET 200 https://registry.npmjs.org/@babel%2fhelper-module-imports 20ms (cache hit)
407 silly packumentCache full:https://registry.npmjs.org/@babel%2fhelper-module-imports set size:191525 disposed:false
408 http fetch GET 200 https://registry.npmjs.org/@babel%2fhelper-globals 20ms (cache hit)
409 silly packumentCache full:https://registry.npmjs.org/@babel%2fhelper-globals set size:13624 disposed:false
410 http fetch GET 200 https://registry.npmjs.org/@babel%2fhelper-validator-identifier 21ms (cache hit)
411 silly packumentCache full:https://registry.npmjs.org/@babel%2fhelper-validator-identifier set size:114475 disposed:false
412 silly packumentCache full:https://registry.npmjs.org/@babel%2fhelper-validator-identifier dispose
413 http fetch GET 200 https://registry.npmjs.org/@babel%2fhelper-string-parser 20ms (cache hit)
414 silly packumentCache full:https://registry.npmjs.org/@babel%2fhelper-string-parser set size:80211 disposed:false
415 http fetch GET 200 https://registry.npmjs.org/ms 13ms (cache hit)
416 silly packumentCache full:https://registry.npmjs.org/ms set size:92208 disposed:false
417 silly placeDep ROOT @babel/helper-validator-identifier@7.28.5 OK for: @babel/code-frame@7.29.0 want: ^7.28.5
418 silly placeDep ROOT js-tokens@4.0.0 OK for: @babel/code-frame@7.29.0 want: ^4.0.0
419 silly placeDep ROOT picocolors@1.1.1 OK for: @babel/code-frame@7.29.0 want: ^1.1.1
420 silly placeDep ROOT @jridgewell/gen-mapping@0.3.13 OK for: @babel/generator@7.29.1 want: ^0.3.12
421 silly placeDep ROOT @jridgewell/trace-mapping@0.3.31 OK for: @babel/generator@7.29.1 want: ^0.3.28
422 silly placeDep ROOT jsesc@3.1.0 OK for: @babel/generator@7.29.1 want: ^3.0.2
423 silly fetch manifest @jridgewell/sourcemap-codec@^1.5.0
424 silly packumentCache full:https://registry.npmjs.org/@jridgewell%2fsourcemap-codec cache-miss
425 silly fetch manifest @jridgewell/resolve-uri@^3.1.0
426 silly packumentCache full:https://registry.npmjs.org/@jridgewell%2fresolve-uri cache-miss
427 silly fetch manifest @jridgewell/sourcemap-codec@^1.4.14
428 silly packumentCache full:https://registry.npmjs.org/@jridgewell%2fsourcemap-codec cache-miss
429 http fetch GET 200 https://registry.npmjs.org/@jridgewell%2fsourcemap-codec 2ms (cache hit)
430 silly packumentCache full:https://registry.npmjs.org/@jridgewell%2fsourcemap-codec set size:59275 disposed:false
431 http fetch GET 200 https://registry.npmjs.org/@jridgewell%2fsourcemap-codec 3ms (cache hit)
432 silly packumentCache full:https://registry.npmjs.org/@jridgewell%2fsourcemap-codec set size:59275 disposed:false
433 silly packumentCache full:https://registry.npmjs.org/@jridgewell%2fsourcemap-codec dispose
434 http fetch GET 200 https://registry.npmjs.org/@jridgewell%2fresolve-uri 3ms (cache hit)
435 silly packumentCache full:https://registry.npmjs.org/@jridgewell%2fresolve-uri set size:57361 disposed:false
436 silly placeDep ROOT @babel/compat-data@7.29.0 OK for: @babel/helper-compilation-targets@7.28.6 want: ^7.28.6
437 silly placeDep ROOT @babel/helper-validator-option@7.27.1 OK for: @babel/helper-compilation-targets@7.28.6 want: ^7.27.1
438 silly placeDep ROOT browserslist@4.28.1 OK for: @babel/helper-compilation-targets@7.28.6 want: ^4.24.0
439 silly placeDep ROOT lru-cache@5.1.1 OK for: @babel/helper-compilation-targets@7.28.6 want: ^5.1.1
440 silly fetch manifest baseline-browser-mapping@^2.9.0
441 silly packumentCache full:https://registry.npmjs.org/baseline-browser-mapping cache-miss
442 silly fetch manifest caniuse-lite@^1.0.30001759
443 silly packumentCache full:https://registry.npmjs.org/caniuse-lite cache-miss
444 silly fetch manifest electron-to-chromium@^1.5.263
445 silly packumentCache full:https://registry.npmjs.org/electron-to-chromium cache-miss
446 silly fetch manifest node-releases@^2.0.27
447 silly packumentCache full:https://registry.npmjs.org/node-releases cache-miss
448 silly fetch manifest update-browserslist-db@^1.2.0
449 silly packumentCache full:https://registry.npmjs.org/update-browserslist-db cache-miss
450 silly fetch manifest yallist@^3.0.2
451 silly packumentCache full:https://registry.npmjs.org/yallist cache-miss
452 http fetch GET 200 https://registry.npmjs.org/caniuse-lite 6ms (cache hit)
453 silly packumentCache full:https://registry.npmjs.org/caniuse-lite set size:2258713 disposed:false
454 http fetch GET 200 https://registry.npmjs.org/update-browserslist-db 13ms (cache hit)
455 silly packumentCache full:https://registry.npmjs.org/update-browserslist-db set size:62000 disposed:false
456 http fetch GET 200 https://registry.npmjs.org/electron-to-chromium 18ms (cache hit)
457 silly packumentCache full:https://registry.npmjs.org/electron-to-chromium set size:4719879 disposed:false
458 http fetch GET 200 https://registry.npmjs.org/yallist 32ms (cache hit)
459 silly packumentCache full:https://registry.npmjs.org/yallist set size:34610 disposed:false
460 http fetch GET 200 https://registry.npmjs.org/node-releases 33ms (cache hit)
461 silly packumentCache full:https://registry.npmjs.org/node-releases set size:269192 disposed:false
462 http fetch GET 200 https://registry.npmjs.org/baseline-browser-mapping 34ms (cache hit)
463 silly packumentCache full:https://registry.npmjs.org/baseline-browser-mapping set size:393828 disposed:false
464 silly placeDep ROOT @babel/helper-module-imports@7.28.6 OK for: @babel/helper-module-transforms@7.28.6 want: ^7.28.6
465 silly placeDep ROOT @babel/helper-plugin-utils@7.28.6 OK for: @babel/plugin-transform-react-jsx-self@7.27.1 want: ^7.27.1
466 silly placeDep ROOT @babel/helper-globals@7.28.0 OK for: @babel/traverse@7.29.0 want: ^7.28.0
467 silly placeDep ROOT @babel/helper-string-parser@7.27.1 OK for: @babel/types@7.29.0 want: ^7.27.1
468 silly placeDep ROOT @jridgewell/sourcemap-codec@1.5.5 OK for: @jridgewell/gen-mapping@0.3.13 want: ^1.5.0
469 silly placeDep ROOT @jridgewell/resolve-uri@3.1.2 OK for: @jridgewell/trace-mapping@0.3.31 want: ^3.1.0
470 silly placeDep ROOT @types/babel__generator@7.27.0 OK for: @types/babel__core@7.20.5 want: *
471 silly placeDep ROOT @types/babel__template@7.4.4 OK for: @types/babel__core@7.20.5 want: *
472 silly placeDep ROOT @types/babel__traverse@7.28.0 OK for: @types/babel__core@7.20.5 want: *
473 silly placeDep ROOT baseline-browser-mapping@2.10.0 OK for: browserslist@4.28.1 want: ^2.9.0
474 silly placeDep ROOT caniuse-lite@1.0.30001774 OK for: browserslist@4.28.1 want: ^1.0.30001759
475 silly placeDep ROOT electron-to-chromium@1.5.302 OK for: browserslist@4.28.1 want: ^1.5.263
476 silly placeDep ROOT node-releases@2.0.27 OK for: browserslist@4.28.1 want: ^2.0.27
477 silly placeDep ROOT update-browserslist-db@1.2.3 OK for: browserslist@4.28.1 want: ^1.2.0
478 silly fetch manifest escalade@^3.2.0
479 silly packumentCache full:https://registry.npmjs.org/escalade cache-miss
480 http fetch GET 200 https://registry.npmjs.org/escalade 2ms (cache hit)
481 silly packumentCache full:https://registry.npmjs.org/escalade set size:33724 disposed:false
482 silly placeDep ROOT ms@2.1.3 OK for: debug@4.4.3 want: ^2.1.3
483 silly placeDep ROOT @eslint-community/eslint-utils@4.9.1 OK for: eslint@9.39.3 want: ^4.8.0
484 silly placeDep ROOT @eslint-community/regexpp@4.12.2 OK for: eslint@9.39.3 want: ^4.12.1
485 silly placeDep ROOT @eslint/config-array@0.21.1 OK for: eslint@9.39.3 want: ^0.21.1
486 silly placeDep ROOT @eslint/config-helpers@0.4.2 OK for: eslint@9.39.3 want: ^0.4.2
487 silly placeDep ROOT @eslint/core@0.17.0 OK for: eslint@9.39.3 want: ^0.17.0
488 silly placeDep ROOT @eslint/eslintrc@3.3.4 OK for: eslint@9.39.3 want: ^3.3.1
489 silly placeDep ROOT @eslint/plugin-kit@0.4.1 OK for: eslint@9.39.3 want: ^0.4.1
490 silly placeDep ROOT @humanfs/node@0.16.7 OK for: eslint@9.39.3 want: ^0.16.6
491 silly placeDep ROOT @humanwhocodes/module-importer@1.0.1 OK for: eslint@9.39.3 want: ^1.0.1
492 silly placeDep ROOT @humanwhocodes/retry@0.4.3 OK for: eslint@9.39.3 want: ^0.4.2
493 silly placeDep ROOT @types/estree@1.0.8 OK for: eslint@9.39.3 want: ^1.0.6
494 silly placeDep ROOT ajv@6.14.0 OK for: eslint@9.39.3 want: ^6.12.4
495 silly placeDep ROOT chalk@4.1.2 OK for: eslint@9.39.3 want: ^4.0.0
496 silly placeDep ROOT cross-spawn@7.0.6 OK for: eslint@9.39.3 want: ^7.0.6
497 silly placeDep ROOT escape-string-regexp@4.0.0 OK for: eslint@9.39.3 want: ^4.0.0
498 silly placeDep ROOT eslint-scope@8.4.0 OK for: eslint@9.39.3 want: ^8.4.0
499 silly placeDep ROOT eslint-visitor-keys@4.2.1 OK for: eslint@9.39.3 want: ^4.2.1
500 silly placeDep ROOT espree@10.4.0 OK for: eslint@9.39.3 want: ^10.4.0
501 silly placeDep ROOT esquery@1.7.0 OK for: eslint@9.39.3 want: ^1.5.0
502 silly placeDep ROOT esutils@2.0.3 OK for: eslint@9.39.3 want: ^2.0.2
503 silly placeDep ROOT fast-deep-equal@3.1.3 OK for: eslint@9.39.3 want: ^3.1.3
504 silly placeDep ROOT file-entry-cache@8.0.0 OK for: eslint@9.39.3 want: ^8.0.0
505 silly placeDep ROOT find-up@5.0.0 OK for: eslint@9.39.3 want: ^5.0.0
506 silly placeDep ROOT glob-parent@6.0.2 OK for: eslint@9.39.3 want: ^6.0.2
507 silly placeDep ROOT ignore@5.3.2 OK for: eslint@9.39.3 want: ^5.2.0
508 silly placeDep ROOT imurmurhash@0.1.4 OK for: eslint@9.39.3 want: ^0.1.4
509 silly placeDep ROOT is-glob@4.0.3 OK for: eslint@9.39.3 want: ^4.0.0
510 silly placeDep ROOT json-stable-stringify-without-jsonify@1.0.1 OK for: eslint@9.39.3 want: ^1.0.1
511 silly placeDep ROOT lodash.merge@4.6.2 OK for: eslint@9.39.3 want: ^4.6.2
512 silly placeDep ROOT minimatch@3.1.3 OK for: eslint@9.39.3 want: ^3.1.2
513 silly placeDep ROOT natural-compare@1.4.0 OK for: eslint@9.39.3 want: ^1.4.0
514 silly placeDep ROOT optionator@0.9.4 OK for: eslint@9.39.3 want: ^0.9.3
515 silly fetch manifest eslint-visitor-keys@^3.4.3
516 silly packumentCache full:https://registry.npmjs.org/eslint-visitor-keys cache-hit
517 silly fetch manifest @eslint/object-schema@^2.1.7
518 silly packumentCache full:https://registry.npmjs.org/@eslint%2fobject-schema cache-miss
519 silly fetch manifest @types/json-schema@^7.0.15
520 silly packumentCache full:https://registry.npmjs.org/@types%2fjson-schema cache-miss
521 silly fetch manifest ajv@^6.14.0
522 silly packumentCache full:https://registry.npmjs.org/ajv cache-miss
523 silly fetch manifest espree@^10.0.1
524 silly packumentCache full:https://registry.npmjs.org/espree cache-hit
525 silly fetch manifest globals@^14.0.0
526 silly packumentCache full:https://registry.npmjs.org/globals cache-hit
527 silly fetch manifest import-fresh@^3.2.1
528 silly packumentCache full:https://registry.npmjs.org/import-fresh cache-miss
529 silly fetch manifest js-yaml@^4.1.1
530 silly packumentCache full:https://registry.npmjs.org/js-yaml cache-miss
531 silly fetch manifest minimatch@^3.1.3
532 silly packumentCache full:https://registry.npmjs.org/minimatch cache-hit
533 silly fetch manifest strip-json-comments@^3.1.1
534 silly packumentCache full:https://registry.npmjs.org/strip-json-comments cache-miss
535 silly fetch manifest levn@^0.4.1
536 silly packumentCache full:https://registry.npmjs.org/levn cache-miss
537 silly fetch manifest @humanwhocodes/retry@^0.4.0
538 silly packumentCache full:https://registry.npmjs.org/@humanwhocodes%2fretry cache-hit
539 silly fetch manifest @humanfs/core@^0.19.1
540 silly packumentCache full:https://registry.npmjs.org/@humanfs%2fcore cache-miss
541 silly fetch manifest fast-deep-equal@^3.1.1
542 silly packumentCache full:https://registry.npmjs.org/fast-deep-equal cache-hit
543 silly fetch manifest fast-json-stable-stringify@^2.0.0
544 silly packumentCache full:https://registry.npmjs.org/fast-json-stable-stringify cache-miss
545 http fetch GET 200 https://registry.npmjs.org/@eslint%2fobject-schema 8ms (cache hit)
546 silly packumentCache full:https://registry.npmjs.org/@eslint%2fobject-schema set size:29255 disposed:false
547 silly fetch manifest json-schema-traverse@^0.4.1
548 silly packumentCache full:https://registry.npmjs.org/json-schema-traverse cache-miss
549 http fetch GET 200 https://registry.npmjs.org/ajv 9ms (cache hit)
550 silly packumentCache full:https://registry.npmjs.org/ajv set size:1120197 disposed:false
551 silly fetch manifest uri-js@^4.2.2
552 silly packumentCache full:https://registry.npmjs.org/uri-js cache-miss
553 http fetch GET 200 https://registry.npmjs.org/@types%2fjson-schema 14ms (cache hit)
554 silly packumentCache full:https://registry.npmjs.org/@types%2fjson-schema set size:44704 disposed:false
555 silly fetch manifest ansi-styles@^4.1.0
556 silly packumentCache full:https://registry.npmjs.org/ansi-styles cache-miss
557 http fetch GET 200 https://registry.npmjs.org/fast-json-stable-stringify 12ms (cache hit)
558 silly packumentCache full:https://registry.npmjs.org/fast-json-stable-stringify set size:11337 disposed:false
559 silly fetch manifest supports-color@^7.1.0
560 silly packumentCache full:https://registry.npmjs.org/supports-color cache-miss
561 http fetch GET 200 https://registry.npmjs.org/@humanfs%2fcore 14ms (cache hit)
562 silly packumentCache full:https://registry.npmjs.org/@humanfs%2fcore set size:35472 disposed:false
563 silly fetch manifest which@^2.0.1
564 silly packumentCache full:https://registry.npmjs.org/which cache-miss
565 http fetch GET 200 https://registry.npmjs.org/js-yaml 17ms (cache hit)
566 silly packumentCache full:https://registry.npmjs.org/js-yaml set size:152232 disposed:false
567 silly fetch manifest path-key@^3.1.0
568 silly packumentCache full:https://registry.npmjs.org/path-key cache-miss
569 http fetch GET 200 https://registry.npmjs.org/import-fresh 19ms (cache hit)
570 silly packumentCache full:https://registry.npmjs.org/import-fresh set size:21461 disposed:false
571 silly fetch manifest shebang-command@^2.0.0
572 silly packumentCache full:https://registry.npmjs.org/shebang-command cache-miss
573 http fetch GET 200 https://registry.npmjs.org/levn 20ms (cache hit)
574 silly packumentCache full:https://registry.npmjs.org/levn set size:28223 disposed:false
575 silly fetch manifest esrecurse@^4.3.0
576 silly packumentCache full:https://registry.npmjs.org/esrecurse cache-miss
577 http fetch GET 200 https://registry.npmjs.org/strip-json-comments 22ms (cache hit)
578 silly packumentCache full:https://registry.npmjs.org/strip-json-comments set size:43569 disposed:false
579 silly fetch manifest estraverse@^5.2.0
580 silly packumentCache full:https://registry.npmjs.org/estraverse cache-miss
581 http fetch GET 200 https://registry.npmjs.org/uri-js 16ms (cache hit)
582 silly packumentCache full:https://registry.npmjs.org/uri-js set size:42559 disposed:false
583 silly fetch manifest acorn@^8.15.0
584 silly packumentCache full:https://registry.npmjs.org/acorn cache-miss
585 http fetch GET 200 https://registry.npmjs.org/which 12ms (cache hit)
586 silly packumentCache full:https://registry.npmjs.org/which set size:67805 disposed:false
587 silly fetch manifest acorn-jsx@^5.3.2
588 silly packumentCache full:https://registry.npmjs.org/acorn-jsx cache-miss
589 http fetch GET 200 https://registry.npmjs.org/ansi-styles 17ms (cache hit)
590 silly packumentCache full:https://registry.npmjs.org/ansi-styles set size:63233 disposed:false
591 silly fetch manifest estraverse@^5.1.0
592 silly packumentCache full:https://registry.npmjs.org/estraverse cache-miss
593 http fetch GET 200 https://registry.npmjs.org/supports-color 15ms (cache hit)
594 silly packumentCache full:https://registry.npmjs.org/supports-color set size:118680 disposed:false
595 silly fetch manifest flat-cache@^4.0.0
596 silly packumentCache full:https://registry.npmjs.org/flat-cache cache-miss
597 http fetch GET 200 https://registry.npmjs.org/json-schema-traverse 25ms (cache hit)
598 silly packumentCache full:https://registry.npmjs.org/json-schema-traverse set size:23537 disposed:false
599 silly fetch manifest locate-path@^6.0.0
600 silly packumentCache full:https://registry.npmjs.org/locate-path cache-miss
601 http fetch GET 200 https://registry.npmjs.org/path-key 13ms (cache hit)
602 silly packumentCache full:https://registry.npmjs.org/path-key set size:16975 disposed:false
603 silly fetch manifest path-exists@^4.0.0
604 silly packumentCache full:https://registry.npmjs.org/path-exists cache-miss
605 http fetch GET 200 https://registry.npmjs.org/shebang-command 12ms (cache hit)
606 silly packumentCache full:https://registry.npmjs.org/shebang-command set size:8525 disposed:false
607 silly fetch manifest is-glob@^4.0.3
608 silly packumentCache full:https://registry.npmjs.org/is-glob cache-hit
609 silly fetch manifest is-extglob@^2.1.1
610 silly packumentCache full:https://registry.npmjs.org/is-extglob cache-miss
611 http fetch GET 200 https://registry.npmjs.org/esrecurse 12ms (cache hit)
612 silly packumentCache full:https://registry.npmjs.org/esrecurse set size:29005 disposed:false
613 silly fetch manifest brace-expansion@^1.1.7
614 silly packumentCache full:https://registry.npmjs.org/brace-expansion cache-miss
615 http fetch GET 200 https://registry.npmjs.org/estraverse 10ms (cache hit)
616 silly packumentCache full:https://registry.npmjs.org/estraverse set size:62412 disposed:false
617 silly fetch manifest prelude-ls@^1.2.1
618 silly packumentCache full:https://registry.npmjs.org/prelude-ls cache-miss
619 http fetch GET 200 https://registry.npmjs.org/estraverse 6ms (cache hit)
620 silly packumentCache full:https://registry.npmjs.org/estraverse set size:62412 disposed:false
621 silly packumentCache full:https://registry.npmjs.org/estraverse dispose
622 silly fetch manifest deep-is@^0.1.3
623 silly packumentCache full:https://registry.npmjs.org/deep-is cache-miss
624 http fetch GET 200 https://registry.npmjs.org/acorn 9ms (cache hit)
625 silly packumentCache full:https://registry.npmjs.org/acorn set size:379626 disposed:false
626 silly fetch manifest word-wrap@^1.2.5
627 silly packumentCache full:https://registry.npmjs.org/word-wrap cache-miss
628 http fetch GET 200 https://registry.npmjs.org/acorn-jsx 11ms (cache hit)
629 silly packumentCache full:https://registry.npmjs.org/acorn-jsx set size:71068 disposed:false
630 silly fetch manifest type-check@^0.4.0
631 silly packumentCache full:https://registry.npmjs.org/type-check cache-miss
632 http fetch GET 200 https://registry.npmjs.org/flat-cache 11ms (cache hit)
633 silly packumentCache full:https://registry.npmjs.org/flat-cache set size:164041 disposed:false
634 silly fetch manifest fast-levenshtein@^2.0.6
635 silly packumentCache full:https://registry.npmjs.org/fast-levenshtein cache-miss
636 http fetch GET 200 https://registry.npmjs.org/locate-path 12ms (cache hit)
637 silly packumentCache full:https://registry.npmjs.org/locate-path set size:31329 disposed:false
638 http fetch GET 200 https://registry.npmjs.org/path-exists 11ms (cache hit)
639 silly packumentCache full:https://registry.npmjs.org/path-exists set size:13704 disposed:false
640 http fetch GET 200 https://registry.npmjs.org/is-extglob 10ms (cache hit)
641 silly packumentCache full:https://registry.npmjs.org/is-extglob set size:11766 disposed:false
642 http fetch GET 200 https://registry.npmjs.org/brace-expansion 11ms (cache hit)
643 silly packumentCache full:https://registry.npmjs.org/brace-expansion set size:53397 disposed:false
644 http fetch GET 200 https://registry.npmjs.org/prelude-ls 11ms (cache hit)
645 silly packumentCache full:https://registry.npmjs.org/prelude-ls set size:25777 disposed:false
646 http fetch GET 200 https://registry.npmjs.org/deep-is 9ms (cache hit)
647 silly packumentCache full:https://registry.npmjs.org/deep-is set size:10205 disposed:false
648 http fetch GET 200 https://registry.npmjs.org/word-wrap 7ms (cache hit)
649 silly packumentCache full:https://registry.npmjs.org/word-wrap set size:37835 disposed:false
650 http fetch GET 200 https://registry.npmjs.org/type-check 6ms (cache hit)
651 silly packumentCache full:https://registry.npmjs.org/type-check set size:21221 disposed:false
652 http fetch GET 200 https://registry.npmjs.org/fast-levenshtein 4ms (cache hit)
653 silly packumentCache full:https://registry.npmjs.org/fast-levenshtein set size:39317 disposed:false
654 silly placeDep node_modules/@eslint-community/eslint-utils eslint-visitor-keys@3.4.3 OK for: @eslint-community/eslint-utils@4.9.1 want: ^3.4.3
655 silly placeDep ROOT @eslint/object-schema@2.1.7 OK for: @eslint/config-array@0.21.1 want: ^2.1.7
656 silly placeDep ROOT @types/json-schema@7.0.15 OK for: @eslint/core@0.17.0 want: ^7.0.15
657 silly placeDep node_modules/@eslint/eslintrc globals@14.0.0 OK for: @eslint/eslintrc@3.3.4 want: ^14.0.0
658 silly placeDep ROOT import-fresh@3.3.1 OK for: @eslint/eslintrc@3.3.4 want: ^3.2.1
659 silly placeDep ROOT js-yaml@4.1.1 OK for: @eslint/eslintrc@3.3.4 want: ^4.1.1
660 silly placeDep ROOT strip-json-comments@3.1.1 OK for: @eslint/eslintrc@3.3.4 want: ^3.1.1
661 silly fetch manifest parent-module@^1.0.0
662 silly packumentCache full:https://registry.npmjs.org/parent-module cache-miss
663 silly fetch manifest resolve-from@^4.0.0
664 silly packumentCache full:https://registry.npmjs.org/resolve-from cache-miss
665 silly fetch manifest argparse@^2.0.1
666 silly packumentCache full:https://registry.npmjs.org/argparse cache-miss
667 http fetch GET 200 https://registry.npmjs.org/argparse 4ms (cache hit)
668 silly packumentCache full:https://registry.npmjs.org/argparse set size:49266 disposed:false
669 http fetch GET 200 https://registry.npmjs.org/resolve-from 4ms (cache hit)
670 silly packumentCache full:https://registry.npmjs.org/resolve-from set size:12911 disposed:false
671 http fetch GET 200 https://registry.npmjs.org/parent-module 4ms (cache hit)
672 silly packumentCache full:https://registry.npmjs.org/parent-module set size:18255 disposed:false
673 silly placeDep ROOT levn@0.4.1 OK for: @eslint/plugin-kit@0.4.1 want: ^0.4.1
674 silly fetch manifest type-check@~0.4.0
675 silly packumentCache full:https://registry.npmjs.org/type-check cache-hit
676 silly placeDep ROOT @humanfs/core@0.19.1 OK for: @humanfs/node@0.16.7 want: ^0.19.1
677 silly placeDep ROOT fast-json-stable-stringify@2.1.0 OK for: ajv@6.14.0 want: ^2.0.0
678 silly placeDep ROOT json-schema-traverse@0.4.1 OK for: ajv@6.14.0 want: ^0.4.1
679 silly placeDep ROOT uri-js@4.4.1 OK for: ajv@6.14.0 want: ^4.2.2
680 silly fetch manifest punycode@^2.1.0
681 silly packumentCache full:https://registry.npmjs.org/punycode cache-miss
682 http fetch GET 200 https://registry.npmjs.org/punycode 1ms (cache hit)
683 silly packumentCache full:https://registry.npmjs.org/punycode set size:61302 disposed:false
684 silly placeDep ROOT ansi-styles@4.3.0 OK for: chalk@4.1.2 want: ^4.1.0
685 silly placeDep ROOT supports-color@7.2.0 OK for: chalk@4.1.2 want: ^7.1.0
686 silly fetch manifest color-convert@^2.0.1
687 silly packumentCache full:https://registry.npmjs.org/color-convert cache-miss
688 silly fetch manifest has-flag@^4.0.0
689 silly packumentCache full:https://registry.npmjs.org/has-flag cache-miss
690 http fetch GET 200 https://registry.npmjs.org/has-flag 2ms (cache hit)
691 silly packumentCache full:https://registry.npmjs.org/has-flag set size:15180 disposed:false
692 http fetch GET 200 https://registry.npmjs.org/color-convert 2ms (cache hit)
693 silly packumentCache full:https://registry.npmjs.org/color-convert set size:72663 disposed:false
694 silly placeDep ROOT color-convert@2.0.1 OK for: ansi-styles@4.3.0 want: ^2.0.1
695 silly fetch manifest color-name@~1.1.4
696 silly packumentCache full:https://registry.npmjs.org/color-name cache-miss
697 http fetch GET 200 https://registry.npmjs.org/color-name 1ms (cache hit)
698 silly packumentCache full:https://registry.npmjs.org/color-name set size:19467 disposed:false
699 silly placeDep ROOT color-name@1.1.4 OK for: color-convert@2.0.1 want: ~1.1.4
700 silly placeDep ROOT path-key@3.1.1 OK for: cross-spawn@7.0.6 want: ^3.1.0
701 silly placeDep ROOT shebang-command@2.0.0 OK for: cross-spawn@7.0.6 want: ^2.0.0
702 silly placeDep ROOT which@2.0.2 OK for: cross-spawn@7.0.6 want: ^2.0.1
703 silly fetch manifest shebang-regex@^3.0.0
704 silly packumentCache full:https://registry.npmjs.org/shebang-regex cache-miss
705 silly fetch manifest isexe@^2.0.0
706 silly packumentCache full:https://registry.npmjs.org/isexe cache-miss
707 http fetch GET 200 https://registry.npmjs.org/shebang-regex 2ms (cache hit)
708 silly packumentCache full:https://registry.npmjs.org/shebang-regex set size:9763 disposed:false
709 http fetch GET 200 https://registry.npmjs.org/isexe 1ms (cache hit)
710 silly packumentCache full:https://registry.npmjs.org/isexe set size:31756 disposed:false
711 silly placeDep ROOT esrecurse@4.3.0 OK for: eslint-scope@8.4.0 want: ^4.3.0
712 silly placeDep ROOT estraverse@5.3.0 OK for: eslint-scope@8.4.0 want: ^5.2.0
713 silly placeDep ROOT acorn@8.16.0 OK for: espree@10.4.0 want: ^8.15.0
714 silly placeDep ROOT acorn-jsx@5.3.2 OK for: espree@10.4.0 want: ^5.3.2
715 silly placeDep ROOT flat-cache@4.0.1 OK for: file-entry-cache@8.0.0 want: ^4.0.0
716 silly fetch manifest keyv@^4.5.4
717 silly packumentCache full:https://registry.npmjs.org/keyv cache-miss
718 silly fetch manifest flatted@^3.2.9
719 silly packumentCache full:https://registry.npmjs.org/flatted cache-miss
720 http fetch GET 200 https://registry.npmjs.org/flatted 3ms (cache hit)
721 silly packumentCache full:https://registry.npmjs.org/flatted set size:126610 disposed:false
722 http fetch GET 200 https://registry.npmjs.org/keyv 4ms (cache hit)
723 silly packumentCache full:https://registry.npmjs.org/keyv set size:235223 disposed:false
724 silly placeDep ROOT locate-path@6.0.0 OK for: find-up@5.0.0 want: ^6.0.0
725 silly placeDep ROOT path-exists@4.0.0 OK for: find-up@5.0.0 want: ^4.0.0
726 silly fetch manifest p-locate@^5.0.0
727 silly packumentCache full:https://registry.npmjs.org/p-locate cache-miss
728 http fetch GET 200 https://registry.npmjs.org/p-locate 1ms (cache hit)
729 silly packumentCache full:https://registry.npmjs.org/p-locate set size:22488 disposed:false
730 silly placeDep ROOT flatted@3.3.3 OK for: flat-cache@4.0.1 want: ^3.2.9
731 silly placeDep ROOT keyv@4.5.4 OK for: flat-cache@4.0.1 want: ^4.5.4
732 silly fetch manifest json-buffer@3.0.1
733 silly packumentCache full:https://registry.npmjs.org/json-buffer cache-miss
734 http fetch GET 200 https://registry.npmjs.org/json-buffer 1ms (cache hit)
735 silly packumentCache full:https://registry.npmjs.org/json-buffer set size:23474 disposed:false
736 silly placeDep ROOT parent-module@1.0.1 OK for: import-fresh@3.3.1 want: ^1.0.0
737 silly placeDep ROOT resolve-from@4.0.0 OK for: import-fresh@3.3.1 want: ^4.0.0
738 silly fetch manifest callsites@^3.0.0
739 silly packumentCache full:https://registry.npmjs.org/callsites cache-miss
740 http fetch GET 200 https://registry.npmjs.org/callsites 1ms (cache hit)
741 silly packumentCache full:https://registry.npmjs.org/callsites set size:21349 disposed:false
742 silly placeDep ROOT is-extglob@2.1.1 OK for: is-glob@4.0.3 want: ^2.1.1
743 silly placeDep ROOT argparse@2.0.1 OK for: js-yaml@4.1.1 want: ^2.0.1
744 silly placeDep ROOT json-buffer@3.0.1 OK for: keyv@4.5.4 want: 3.0.1
745 silly placeDep ROOT prelude-ls@1.2.1 OK for: levn@0.4.1 want: ^1.2.1
746 silly placeDep ROOT type-check@0.4.0 OK for: levn@0.4.1 want: ~0.4.0
747 silly placeDep ROOT p-locate@5.0.0 OK for: locate-path@6.0.0 want: ^5.0.0
748 silly fetch manifest p-limit@^3.0.2
749 silly packumentCache full:https://registry.npmjs.org/p-limit cache-miss
750 http fetch GET 200 https://registry.npmjs.org/p-limit 1ms (cache hit)
751 silly packumentCache full:https://registry.npmjs.org/p-limit set size:61867 disposed:false
752 silly placeDep ROOT yallist@3.1.1 OK for: lru-cache@5.1.1 want: ^3.0.2
753 silly placeDep ROOT brace-expansion@1.1.12 OK for: minimatch@3.1.3 want: ^1.1.7
754 silly fetch manifest concat-map@0.0.1
755 silly packumentCache full:https://registry.npmjs.org/concat-map cache-miss
756 silly fetch manifest balanced-match@^1.0.0
757 silly packumentCache full:https://registry.npmjs.org/balanced-match cache-miss
758 http fetch GET 200 https://registry.npmjs.org/concat-map 2ms (cache hit)
759 silly packumentCache full:https://registry.npmjs.org/concat-map set size:9290 disposed:false
760 http fetch GET 200 https://registry.npmjs.org/balanced-match 2ms (cache hit)
761 silly packumentCache full:https://registry.npmjs.org/balanced-match set size:39082 disposed:false
762 silly placeDep ROOT balanced-match@1.0.2 OK for: brace-expansion@1.1.12 want: ^1.0.0
763 silly placeDep ROOT concat-map@0.0.1 OK for: brace-expansion@1.1.12 want: 0.0.1
764 silly placeDep ROOT deep-is@0.1.4 OK for: optionator@0.9.4 want: ^0.1.3
765 silly placeDep ROOT fast-levenshtein@2.0.6 OK for: optionator@0.9.4 want: ^2.0.6
766 silly placeDep ROOT word-wrap@1.2.5 OK for: optionator@0.9.4 want: ^1.2.5
767 silly placeDep ROOT p-limit@3.1.0 OK for: p-locate@5.0.0 want: ^3.0.2
768 silly fetch manifest yocto-queue@^0.1.0
769 silly packumentCache full:https://registry.npmjs.org/yocto-queue cache-miss
770 http fetch GET 200 https://registry.npmjs.org/yocto-queue 2ms (cache hit)
771 silly packumentCache full:https://registry.npmjs.org/yocto-queue set size:20256 disposed:false
772 silly placeDep ROOT yocto-queue@0.1.0 OK for: p-limit@3.1.0 want: ^0.1.0
773 silly placeDep ROOT callsites@3.1.0 OK for: parent-module@1.0.1 want: ^3.0.0
774 silly placeDep ROOT shebang-regex@3.0.0 OK for: shebang-command@2.0.0 want: ^3.0.0
775 silly placeDep ROOT has-flag@4.0.0 OK for: supports-color@7.2.0 want: ^4.0.0
776 silly fetch manifest @typescript-eslint/utils@8.56.1
777 silly packumentCache full:https://registry.npmjs.org/@typescript-eslint%2futils cache-miss
778 silly fetch manifest @typescript-eslint/parser@8.56.1
779 silly packumentCache full:https://registry.npmjs.org/@typescript-eslint%2fparser cache-miss
780 silly fetch manifest @typescript-eslint/eslint-plugin@8.56.1
781 silly packumentCache full:https://registry.npmjs.org/@typescript-eslint%2feslint-plugin cache-miss
782 silly fetch manifest @typescript-eslint/typescript-estree@8.56.1
783 silly packumentCache full:https://registry.npmjs.org/@typescript-eslint%2ftypescript-estree cache-miss
784 silly placeDep node_modules/typescript-eslint @typescript-eslint/eslint-plugin@ OK for: typescript-eslint@8.56.1 want: 8.56.1
785 silly placeDep node_modules/typescript-eslint @typescript-eslint/parser@ OK for: typescript-eslint@8.56.1 want: 8.56.1
786 silly placeDep node_modules/typescript-eslint @typescript-eslint/typescript-estree@ OK for: typescript-eslint@8.56.1 want: 8.56.1
787 silly placeDep node_modules/typescript-eslint @typescript-eslint/utils@ OK for: typescript-eslint@8.56.1 want: 8.56.1
788 silly placeDep ROOT escalade@3.2.0 OK for: update-browserslist-db@1.2.3 want: ^3.2.0
789 silly placeDep ROOT punycode@2.3.1 OK for: uri-js@4.4.1 want: ^2.1.0
790 silly placeDep ROOT isexe@2.0.0 OK for: which@2.0.2 want: ^2.0.0
791 verbose type system
792 verbose stack FetchError: Invalid response body while trying to fetch https://registry.npmjs.org/@types%2fnode: EFBIG: file too large, write
792 verbose stack     at /Users/natejly/.nvm/versions/node/v20.16.0/lib/node_modules/npm/node_modules/minipass-fetch/lib/body.js:170:15
792 verbose stack     at async Response.json (/Users/natejly/.nvm/versions/node/v20.16.0/lib/node_modules/npm/node_modules/minipass-fetch/lib/body.js:75:17)
792 verbose stack     at async RegistryFetcher.packument (/Users/natejly/.nvm/versions/node/v20.16.0/lib/node_modules/npm/node_modules/pacote/lib/registry.js:98:25)
792 verbose stack     at async RegistryFetcher.manifest (/Users/natejly/.nvm/versions/node/v20.16.0/lib/node_modules/npm/node_modules/pacote/lib/registry.js:128:23)
792 verbose stack     at async #fetchManifest (/Users/natejly/.nvm/versions/node/v20.16.0/lib/node_modules/npm/node_modules/@npmcli/arborist/lib/arborist/build-ideal-tree.js:1199:20)
792 verbose stack     at async #nodeFromEdge (/Users/natejly/.nvm/versions/node/v20.16.0/lib/node_modules/npm/node_modules/@npmcli/arborist/lib/arborist/build-ideal-tree.js:1037:19)
792 verbose stack     at async #buildDepStep (/Users/natejly/.nvm/versions/node/v20.16.0/lib/node_modules/npm/node_modules/@npmcli/arborist/lib/arborist/build-ideal-tree.js:901:11)
792 verbose stack     at async Arborist.buildIdealTree (/Users/natejly/.nvm/versions/node/v20.16.0/lib/node_modules/npm/node_modules/@npmcli/arborist/lib/arborist/build-ideal-tree.js:181:7)
792 verbose stack     at async Promise.all (index 1)
792 verbose stack     at async Arborist.reify (/Users/natejly/.nvm/versions/node/v20.16.0/lib/node_modules/npm/node_modules/@npmcli/arborist/lib/arborist/reify.js:131:5)
793 error code EFBIG
794 error syscall write
795 error errno EFBIG
796 error Invalid response body while trying to fetch https://registry.npmjs.org/@types%2fnode: EFBIG: file too large, write
797 silly unfinished npm timer reify 1771947702905
798 silly unfinished npm timer reify:loadTrees 1771947702907
799 verbose cwd /Users/natejly/ninth-seat/.ninth-seat-artifacts/workflow-runs/wfr_432e33ca8a7d/workspace/calculator-app
800 verbose os Darwin 25.2.0
801 verbose node v20.16.0
802 verbose npm  v10.8.1
803 verbose exit 1
804 verbose code 1
805 error A complete log of this run can be found in: /Users/natejly/ninth-seat/.ninth-seat-artifacts/workflow-runs/wfr_432e33ca8a7d/workspace/.npm/_logs/2026-02-24T15_41_42_742Z-debug-0.log
