0 verbose cli /Users/natejly/.nvm/versions/node/v20.16.0/bin/node /Users/natejly/.nvm/versions/node/v20.16.0/bin/npm
1 info using npm@10.8.1
2 info using node@v20.16.0
3 silly config load:file:/Users/natejly/.nvm/versions/node/v20.16.0/lib/node_modules/npm/npmrc
4 silly config load:file:/Users/natejly/ninth-seat/.ninth-seat-artifacts/workflow-runs/wfr_432e33ca8a7d/workspace/calculator-app/.npmrc
5 silly config load:file:/Users/natejly/ninth-seat/.ninth-seat-artifacts/workflow-runs/wfr_432e33ca8a7d/workspace/.npmrc
6 silly config load:file:/Users/natejly/.nvm/versions/node/v20.16.0/etc/npmrc
7 verbose title npm install
8 verbose argv "install" "--legacy-peer-deps"
9 verbose logfile logs-max:10 dir:/Users/natejly/ninth-seat/.ninth-seat-artifacts/workflow-runs/wfr_432e33ca8a7d/workspace/.npm/_logs/2026-02-24T15_41_08_132Z-
10 verbose logfile /Users/natejly/ninth-seat/.ninth-seat-artifacts/workflow-runs/wfr_432e33ca8a7d/workspace/.npm/_logs/2026-02-24T15_41_08_132Z-debug-0.log
11 silly packumentCache heap:4345298944 maxSize:1086324736 maxEntrySize:543162368
12 silly logfile done cleaning log files
13 silly idealTree buildDeps
14 silly fetch manifest react@^19.2.0
15 silly packumentCache full:https://registry.npmjs.org/react cache-miss
16 silly fetch manifest react-dom@^19.2.0
17 silly packumentCache full:https://registry.npmjs.org/react-dom cache-miss
18 silly fetch manifest @eslint/js@^9.39.1
19 silly packumentCache full:https://registry.npmjs.org/@eslint%2fjs cache-miss
20 http fetch GET 200 https://registry.npmjs.org/@eslint%2fjs 5ms (cache hit)
21 silly packumentCache full:https://registry.npmjs.org/@eslint%2fjs set size:138411 disposed:false
22 silly fetch manifest @types/node@^24.10.1
23 silly packumentCache full:https://registry.npmjs.org/@types%2fnode cache-miss
24 silly fetch manifest @types/react@^19.2.7
25 silly packumentCache full:https://registry.npmjs.org/@types%2freact cache-miss
26 http fetch GET 200 https://registry.npmjs.org/@types%2freact 6ms (cache hit)
27 silly packumentCache full:https://registry.npmjs.org/@types%2freact set size:2588986 disposed:false
28 silly fetch manifest @types/react-dom@^19.2.3
29 silly packumentCache full:https://registry.npmjs.org/@types%2freact-dom cache-miss
30 http fetch GET 200 https://registry.npmjs.org/@types%2freact-dom 3ms (cache hit)
31 silly packumentCache full:https://registry.npmjs.org/@types%2freact-dom set size:429026 disposed:false
32 silly fetch manifest @vitejs/plugin-react@^5.1.4
33 silly packumentCache full:https://registry.npmjs.org/@vitejs%2fplugin-react cache-miss
34 http fetch GET 200 https://registry.npmjs.org/@vitejs%2fplugin-react 2ms (cache hit)
35 silly packumentCache full:https://registry.npmjs.org/@vitejs%2fplugin-react set size:251316 disposed:false
36 silly fetch manifest eslint@^9.39.1
37 silly packumentCache full:https://registry.npmjs.org/eslint cache-miss
38 http fetch GET 200 https://registry.npmjs.org/eslint 68ms (cache miss)
39 silly packumentCache full:https://registry.npmjs.org/eslint set size:undefined disposed:false
40 silly fetch manifest eslint-plugin-react-hooks@^7.0.1
41 silly packumentCache full:https://registry.npmjs.org/eslint-plugin-react-hooks cache-miss
42 silly fetch manifest eslint-plugin-react-refresh@^0.4.24
43 silly packumentCache full:https://registry.npmjs.org/eslint-plugin-react-refresh cache-miss
44 http fetch GET 200 https://registry.npmjs.org/eslint-plugin-react-refresh 41ms (cache miss)
45 silly packumentCache full:https://registry.npmjs.org/eslint-plugin-react-refresh set size:undefined disposed:false
46 silly fetch manifest globals@^16.5.0
47 silly packumentCache full:https://registry.npmjs.org/globals cache-miss
48 http fetch GET 200 https://registry.npmjs.org/globals 41ms (cache miss)
49 silly packumentCache full:https://registry.npmjs.org/globals set size:undefined disposed:false
50 silly fetch manifest typescript@~5.9.3
51 silly packumentCache full:https://registry.npmjs.org/typescript cache-miss
52 silly fetch manifest typescript-eslint@^8.48.0
53 silly packumentCache full:https://registry.npmjs.org/typescript-eslint cache-miss
54 http fetch GET 200 https://registry.npmjs.org/typescript-eslint 154ms (cache miss)
55 silly packumentCache full:https://registry.npmjs.org/typescript-eslint set size:undefined disposed:false
56 silly fetch manifest vite@^7.0.0
57 silly packumentCache full:https://registry.npmjs.org/vite cache-miss
58 silly placeDep ROOT @eslint/js@9.39.3 OK for: calculator-app@0.0.0 want: ^9.39.1
59 silly placeDep ROOT @types/node@ OK for: calculator-app@0.0.0 want: ^24.10.1
60 silly placeDep ROOT @types/react@19.2.14 OK for: calculator-app@0.0.0 want: ^19.2.7
61 silly placeDep ROOT @types/react-dom@19.2.3 OK for: calculator-app@0.0.0 want: ^19.2.3
62 silly placeDep ROOT @vitejs/plugin-react@5.1.4 OK for: calculator-app@0.0.0 want: ^5.1.4
63 silly placeDep ROOT eslint@9.39.3 OK for: calculator-app@0.0.0 want: ^9.39.1
64 silly placeDep ROOT eslint-plugin-react-hooks@ OK for: calculator-app@0.0.0 want: ^7.0.1
65 silly placeDep ROOT eslint-plugin-react-refresh@0.4.26 OK for: calculator-app@0.0.0 want: ^0.4.24
66 silly placeDep ROOT globals@16.5.0 OK for: calculator-app@0.0.0 want: ^16.5.0
67 silly placeDep ROOT react@ OK for: calculator-app@0.0.0 want: ^19.2.0
68 silly placeDep ROOT react-dom@ OK for: calculator-app@0.0.0 want: ^19.2.0
69 silly placeDep ROOT typescript@ OK for: calculator-app@0.0.0 want: ~5.9.3
70 silly placeDep ROOT typescript-eslint@8.56.1 OK for: calculator-app@0.0.0 want: ^8.48.0
71 silly placeDep ROOT vite@ OK for: calculator-app@0.0.0 want: ^7.0.0
72 silly fetch manifest csstype@^3.2.2
73 silly packumentCache full:https://registry.npmjs.org/csstype cache-miss
74 silly fetch manifest @babel/core@^7.29.0
75 silly packumentCache full:https://registry.npmjs.org/@babel%2fcore cache-miss
76 silly fetch manifest @babel/plugin-transform-react-jsx-self@^7.27.1
77 silly packumentCache full:https://registry.npmjs.org/@babel%2fplugin-transform-react-jsx-self cache-miss
78 silly fetch manifest @babel/plugin-transform-react-jsx-source@^7.27.1
79 silly packumentCache full:https://registry.npmjs.org/@babel%2fplugin-transform-react-jsx-source cache-miss
80 silly fetch manifest @rolldown/pluginutils@1.0.0-rc.3
81 silly packumentCache full:https://registry.npmjs.org/@rolldown%2fpluginutils cache-miss
82 silly fetch manifest @types/babel__core@^7.20.5
83 silly packumentCache full:https://registry.npmjs.org/@types%2fbabel__core cache-miss
84 silly fetch manifest react-refresh@^0.18.0
85 silly packumentCache full:https://registry.npmjs.org/react-refresh cache-miss
86 silly fetch manifest ajv@^6.12.4
87 silly packumentCache full:https://registry.npmjs.org/ajv cache-miss
88 silly fetch manifest chalk@^4.0.0
89 silly packumentCache full:https://registry.npmjs.org/chalk cache-miss
90 http fetch GET 200 https://registry.npmjs.org/csstype 60ms (cache miss)
91 silly packumentCache full:https://registry.npmjs.org/csstype set size:undefined disposed:false
92 silly fetch manifest debug@^4.3.2
93 silly packumentCache full:https://registry.npmjs.org/debug cache-miss
94 http fetch GET 200 https://registry.npmjs.org/chalk 99ms (cache miss)
95 silly packumentCache full:https://registry.npmjs.org/chalk set size:undefined disposed:false
96 silly fetch manifest espree@^10.4.0
97 silly packumentCache full:https://registry.npmjs.org/espree cache-miss
98 http fetch GET 200 https://registry.npmjs.org/debug 53ms (cache miss)
99 silly packumentCache full:https://registry.npmjs.org/debug set size:undefined disposed:false
100 silly fetch manifest ignore@^5.2.0
101 silly packumentCache full:https://registry.npmjs.org/ignore cache-miss
102 http fetch GET 200 https://registry.npmjs.org/@types%2fbabel__core 118ms (cache miss)
103 silly packumentCache full:https://registry.npmjs.org/@types%2fbabel__core set size:undefined disposed:false
104 silly fetch manifest esquery@^1.5.0
105 silly packumentCache full:https://registry.npmjs.org/esquery cache-miss
106 http fetch GET 200 https://registry.npmjs.org/@babel%2fplugin-transform-react-jsx-source 188ms (cache miss)
107 silly packumentCache full:https://registry.npmjs.org/@babel%2fplugin-transform-react-jsx-source set size:undefined disposed:false
108 silly fetch manifest esutils@^2.0.2
109 silly packumentCache full:https://registry.npmjs.org/esutils cache-miss
110 http fetch GET 200 https://registry.npmjs.org/esquery 84ms (cache miss)
111 silly packumentCache full:https://registry.npmjs.org/esquery set size:undefined disposed:false
112 silly fetch manifest find-up@^5.0.0
113 silly packumentCache full:https://registry.npmjs.org/find-up cache-miss
114 http fetch GET 200 https://registry.npmjs.org/@rolldown%2fpluginutils 206ms (cache miss)
115 silly packumentCache full:https://registry.npmjs.org/@rolldown%2fpluginutils set size:undefined disposed:false
116 silly fetch manifest is-glob@^4.0.0
117 silly packumentCache full:https://registry.npmjs.org/is-glob cache-miss
118 http fetch GET 200 https://registry.npmjs.org/ajv 210ms (cache miss)
119 silly packumentCache full:https://registry.npmjs.org/ajv set size:undefined disposed:false
120 silly fetch manifest minimatch@^3.1.2
121 silly packumentCache full:https://registry.npmjs.org/minimatch cache-miss
122 http fetch GET 200 https://registry.npmjs.org/@babel%2fplugin-transform-react-jsx-self 228ms (cache miss)
123 silly packumentCache full:https://registry.npmjs.org/@babel%2fplugin-transform-react-jsx-self set size:undefined disposed:false
124 silly fetch manifest optionator@^0.9.3
125 silly packumentCache full:https://registry.npmjs.org/optionator cache-miss
126 http fetch GET 200 https://registry.npmjs.org/espree 131ms (cache miss)
127 silly packumentCache full:https://registry.npmjs.org/espree set size:undefined disposed:false
128 silly fetch manifest cross-spawn@^7.0.6
129 silly packumentCache full:https://registry.npmjs.org/cross-spawn cache-miss
130 http fetch GET 200 https://registry.npmjs.org/esutils 53ms (cache miss)
131 silly packumentCache full:https://registry.npmjs.org/esutils set size:undefined disposed:false
132 silly fetch manifest glob-parent@^6.0.2
133 silly packumentCache full:https://registry.npmjs.org/glob-parent cache-miss
134 http fetch GET 200 https://registry.npmjs.org/is-glob 57ms (cache miss)
135 silly packumentCache full:https://registry.npmjs.org/is-glob set size:undefined disposed:false
136 silly fetch manifest imurmurhash@^0.1.4
137 silly packumentCache full:https://registry.npmjs.org/imurmurhash cache-miss
138 http fetch GET 200 https://registry.npmjs.org/find-up 62ms (cache miss)
139 silly packumentCache full:https://registry.npmjs.org/find-up set size:undefined disposed:false
140 silly fetch manifest @eslint/core@^0.17.0
141 silly packumentCache full:https://registry.npmjs.org/@eslint%2fcore cache-miss
142 http fetch GET 200 https://registry.npmjs.org/optionator 54ms (cache miss)
143 silly packumentCache full:https://registry.npmjs.org/optionator set size:undefined disposed:false
144 silly fetch manifest eslint-scope@^8.4.0
145 silly packumentCache full:https://registry.npmjs.org/eslint-scope cache-miss
146 http fetch GET 200 https://registry.npmjs.org/imurmurhash 73ms (cache miss)
147 silly packumentCache full:https://registry.npmjs.org/imurmurhash set size:undefined disposed:false
148 silly fetch manifest lodash.merge@^4.6.2
149 silly packumentCache full:https://registry.npmjs.org/lodash.merge cache-miss
150 http fetch GET 200 https://registry.npmjs.org/ignore 222ms (cache miss)
151 silly packumentCache full:https://registry.npmjs.org/ignore set size:undefined disposed:false
152 silly fetch manifest @humanfs/node@^0.16.6
153 silly packumentCache full:https://registry.npmjs.org/@humanfs%2fnode cache-miss
154 http fetch GET 200 https://registry.npmjs.org/eslint-scope 65ms (cache miss)
155 silly packumentCache full:https://registry.npmjs.org/eslint-scope set size:undefined disposed:false
156 silly fetch manifest @types/estree@^1.0.6
157 silly packumentCache full:https://registry.npmjs.org/@types%2festree cache-miss
158 http fetch GET 200 https://registry.npmjs.org/@eslint%2fcore 86ms (cache miss)
159 silly packumentCache full:https://registry.npmjs.org/@eslint%2fcore set size:undefined disposed:false
160 silly fetch manifest fast-deep-equal@^3.1.3
161 silly packumentCache full:https://registry.npmjs.org/fast-deep-equal cache-miss
162 http fetch GET 200 https://registry.npmjs.org/glob-parent 112ms (cache miss)
163 silly packumentCache full:https://registry.npmjs.org/glob-parent set size:undefined disposed:false
164 silly fetch manifest natural-compare@^1.4.0
165 silly packumentCache full:https://registry.npmjs.org/natural-compare cache-miss
166 silly fetch manifest @eslint/eslintrc@^3.3.1
167 silly packumentCache full:https://registry.npmjs.org/@eslint%2feslintrc cache-miss
168 http fetch GET 200 https://registry.npmjs.org/minimatch 160ms (cache miss)
169 silly packumentCache full:https://registry.npmjs.org/minimatch set size:undefined disposed:false
170 silly fetch manifest file-entry-cache@^8.0.0
171 silly packumentCache full:https://registry.npmjs.org/file-entry-cache cache-miss
172 http fetch GET 200 https://registry.npmjs.org/cross-spawn 146ms (cache miss)
173 silly packumentCache full:https://registry.npmjs.org/cross-spawn set size:undefined disposed:false
174 silly fetch manifest @eslint/plugin-kit@^0.4.1
175 silly packumentCache full:https://registry.npmjs.org/@eslint%2fplugin-kit cache-miss
176 http fetch GET 200 https://registry.npmjs.org/lodash.merge 53ms (cache miss)
177 silly packumentCache full:https://registry.npmjs.org/lodash.merge set size:undefined disposed:false
178 silly fetch manifest eslint-visitor-keys@^4.2.1
179 silly packumentCache full:https://registry.npmjs.org/eslint-visitor-keys cache-miss
180 http fetch GET 200 https://registry.npmjs.org/fast-deep-equal 46ms (cache miss)
181 silly packumentCache full:https://registry.npmjs.org/fast-deep-equal set size:undefined disposed:false
182 silly fetch manifest @eslint/config-array@^0.21.1
183 silly packumentCache full:https://registry.npmjs.org/@eslint%2fconfig-array cache-miss
184 http fetch GET 200 https://registry.npmjs.org/@babel%2fcore 426ms (cache miss)
185 silly packumentCache full:https://registry.npmjs.org/@babel%2fcore set size:undefined disposed:false
186 silly fetch manifest @humanwhocodes/retry@^0.4.2
187 silly packumentCache full:https://registry.npmjs.org/@humanwhocodes%2fretry cache-miss
188 http fetch GET 200 https://registry.npmjs.org/@types%2festree 81ms (cache miss)
189 silly packumentCache full:https://registry.npmjs.org/@types%2festree set size:undefined disposed:false
190 silly fetch manifest escape-string-regexp@^4.0.0
191 silly packumentCache full:https://registry.npmjs.org/escape-string-regexp cache-miss
192 http fetch GET 200 https://registry.npmjs.org/file-entry-cache 57ms (cache miss)
193 silly packumentCache full:https://registry.npmjs.org/file-entry-cache set size:undefined disposed:false
194 silly fetch manifest @eslint/config-helpers@^0.4.2
195 silly packumentCache full:https://registry.npmjs.org/@eslint%2fconfig-helpers cache-miss
196 http fetch GET 200 https://registry.npmjs.org/@eslint%2fplugin-kit 57ms (cache miss)
197 silly packumentCache full:https://registry.npmjs.org/@eslint%2fplugin-kit set size:undefined disposed:false
198 silly fetch manifest @eslint-community/regexpp@^4.12.1
199 silly packumentCache full:https://registry.npmjs.org/@eslint-community%2fregexpp cache-miss
200 http fetch GET 200 https://registry.npmjs.org/@eslint%2fconfig-array 54ms (cache miss)
201 silly packumentCache full:https://registry.npmjs.org/@eslint%2fconfig-array set size:undefined disposed:false
202 silly fetch manifest @eslint-community/eslint-utils@^4.8.0
203 silly packumentCache full:https://registry.npmjs.org/@eslint-community%2feslint-utils cache-miss
204 http fetch GET 200 https://registry.npmjs.org/escape-string-regexp 41ms (cache miss)
205 silly packumentCache full:https://registry.npmjs.org/escape-string-regexp set size:undefined disposed:false
206 silly fetch manifest @humanwhocodes/module-importer@^1.0.1
207 silly packumentCache full:https://registry.npmjs.org/@humanwhocodes%2fmodule-importer cache-miss
208 http fetch GET 200 https://registry.npmjs.org/@humanwhocodes%2fretry 52ms (cache miss)
209 silly packumentCache full:https://registry.npmjs.org/@humanwhocodes%2fretry set size:undefined disposed:false
210 silly fetch manifest json-stable-stringify-without-jsonify@^1.0.1
211 silly packumentCache full:https://registry.npmjs.org/json-stable-stringify-without-jsonify cache-miss
212 http fetch GET 200 https://registry.npmjs.org/@eslint%2feslintrc 129ms (cache miss)
213 silly packumentCache full:https://registry.npmjs.org/@eslint%2feslintrc set size:undefined disposed:false
214 silly fetch manifest @typescript-eslint/utils@8.56.1
215 silly packumentCache full:https://registry.npmjs.org/@typescript-eslint%2futils cache-miss
216 http fetch GET 200 https://registry.npmjs.org/@eslint%2fconfig-helpers 65ms (cache miss)
217 silly packumentCache full:https://registry.npmjs.org/@eslint%2fconfig-helpers set size:undefined disposed:false
218 silly fetch manifest @typescript-eslint/parser@8.56.1
219 silly packumentCache full:https://registry.npmjs.org/@typescript-eslint%2fparser cache-miss
220 http fetch GET 200 https://registry.npmjs.org/@eslint-community%2fregexpp 80ms (cache miss)
221 silly packumentCache full:https://registry.npmjs.org/@eslint-community%2fregexpp set size:undefined disposed:false
222 silly fetch manifest @typescript-eslint/eslint-plugin@8.56.1
223 silly packumentCache full:https://registry.npmjs.org/@typescript-eslint%2feslint-plugin cache-miss
224 http fetch GET 200 https://registry.npmjs.org/@eslint-community%2feslint-utils 67ms (cache miss)
225 silly packumentCache full:https://registry.npmjs.org/@eslint-community%2feslint-utils set size:undefined disposed:false
226 silly fetch manifest @typescript-eslint/typescript-estree@8.56.1
227 silly packumentCache full:https://registry.npmjs.org/@typescript-eslint%2ftypescript-estree cache-miss
228 http fetch GET 200 https://registry.npmjs.org/json-stable-stringify-without-jsonify 46ms (cache miss)
229 silly packumentCache full:https://registry.npmjs.org/json-stable-stringify-without-jsonify set size:undefined disposed:false
230 http fetch GET 200 https://registry.npmjs.org/@humanwhocodes%2fmodule-importer 74ms (cache miss)
231 silly packumentCache full:https://registry.npmjs.org/@humanwhocodes%2fmodule-importer set size:undefined disposed:false
232 http fetch GET 200 https://registry.npmjs.org/natural-compare 201ms (cache miss)
233 silly packumentCache full:https://registry.npmjs.org/natural-compare set size:undefined disposed:false
234 http fetch GET 200 https://registry.npmjs.org/@humanfs%2fnode 230ms (cache miss)
235 silly packumentCache full:https://registry.npmjs.org/@humanfs%2fnode set size:undefined disposed:false
236 http fetch GET 200 https://registry.npmjs.org/eslint-visitor-keys 620ms (cache miss)
237 silly packumentCache full:https://registry.npmjs.org/eslint-visitor-keys set size:undefined disposed:false
238 silly placeDep ROOT csstype@3.2.3 OK for: @types/react@19.2.14 want: ^3.2.2
239 silly fetch manifest react-refresh@^0.18.0
240 silly packumentCache full:https://registry.npmjs.org/react-refresh cache-miss
241 silly placeDep ROOT @babel/core@7.29.0 OK for: @vitejs/plugin-react@5.1.4 want: ^7.29.0
242 silly placeDep ROOT @babel/plugin-transform-react-jsx-self@7.27.1 OK for: @vitejs/plugin-react@5.1.4 want: ^7.27.1
243 silly placeDep ROOT @babel/plugin-transform-react-jsx-source@7.27.1 OK for: @vitejs/plugin-react@5.1.4 want: ^7.27.1
244 silly placeDep ROOT @rolldown/pluginutils@1.0.0-rc.3 OK for: @vitejs/plugin-react@5.1.4 want: 1.0.0-rc.3
245 silly placeDep ROOT @types/babel__core@7.20.5 OK for: @vitejs/plugin-react@5.1.4 want: ^7.20.5
246 silly placeDep node_modules/@vitejs/plugin-react react-refresh@ OK for: @vitejs/plugin-react@5.1.4 want: ^0.18.0
247 silly fetch manifest debug@^4.1.0
248 silly packumentCache full:https://registry.npmjs.org/debug cache-miss
249 silly fetch manifest json5@^2.2.3
250 silly packumentCache full:https://registry.npmjs.org/json5 cache-miss
251 silly fetch manifest semver@^6.3.1
252 silly packumentCache full:https://registry.npmjs.org/semver cache-miss
253 silly fetch manifest gensync@^1.0.0-beta.2
254 silly packumentCache full:https://registry.npmjs.org/gensync cache-miss
255 silly fetch manifest @babel/types@^7.29.0
256 silly packumentCache full:https://registry.npmjs.org/@babel%2ftypes cache-miss
257 silly fetch manifest @babel/parser@^7.29.0
258 silly packumentCache full:https://registry.npmjs.org/@babel%2fparser cache-miss
259 silly fetch manifest @babel/helpers@^7.28.6
260 silly packumentCache full:https://registry.npmjs.org/@babel%2fhelpers cache-miss
261 silly fetch manifest @babel/template@^7.28.6
262 silly packumentCache full:https://registry.npmjs.org/@babel%2ftemplate cache-miss
263 silly fetch manifest @babel/traverse@^7.29.0
264 silly packumentCache full:https://registry.npmjs.org/@babel%2ftraverse cache-miss
265 http fetch GET 200 https://registry.npmjs.org/debug 14ms (cache hit)
266 silly packumentCache full:https://registry.npmjs.org/debug set size:195840 disposed:false
267 silly fetch manifest @babel/generator@^7.29.0
268 silly packumentCache full:https://registry.npmjs.org/@babel%2fgenerator cache-miss
269 http fetch GET 200 https://registry.npmjs.org/gensync 54ms (cache miss)
270 silly packumentCache full:https://registry.npmjs.org/gensync set size:undefined disposed:false
271 silly fetch manifest @babel/code-frame@^7.29.0
272 silly packumentCache full:https://registry.npmjs.org/@babel%2fcode-frame cache-miss
273 http fetch GET 200 https://registry.npmjs.org/json5 57ms (cache miss)
274 silly packumentCache full:https://registry.npmjs.org/json5 set size:undefined disposed:false
275 silly fetch manifest convert-source-map@^2.0.0
276 silly packumentCache full:https://registry.npmjs.org/convert-source-map cache-miss
277 http fetch GET 200 https://registry.npmjs.org/semver 71ms (cache miss)
278 silly packumentCache full:https://registry.npmjs.org/semver set size:undefined disposed:false
279 silly fetch manifest @jridgewell/remapping@^2.3.5
280 silly packumentCache full:https://registry.npmjs.org/@jridgewell%2fremapping cache-miss
281 http fetch GET 200 https://registry.npmjs.org/@babel%2ftypes 84ms (cache miss)
282 silly packumentCache full:https://registry.npmjs.org/@babel%2ftypes set size:undefined disposed:false
283 silly fetch manifest @babel/helper-module-transforms@^7.28.6
284 silly packumentCache full:https://registry.npmjs.org/@babel%2fhelper-module-transforms cache-miss
285 http fetch GET 200 https://registry.npmjs.org/@babel%2fparser 121ms (cache miss)
286 silly packumentCache full:https://registry.npmjs.org/@babel%2fparser set size:undefined disposed:false
287 silly fetch manifest @babel/helper-compilation-targets@^7.28.6
288 silly packumentCache full:https://registry.npmjs.org/@babel%2fhelper-compilation-targets cache-miss
289 http fetch GET 200 https://registry.npmjs.org/convert-source-map 78ms (cache miss)
290 silly packumentCache full:https://registry.npmjs.org/convert-source-map set size:undefined disposed:false
291 silly fetch manifest @babel/helper-plugin-utils@^7.27.1
292 silly packumentCache full:https://registry.npmjs.org/@babel%2fhelper-plugin-utils cache-miss
293 http fetch GET 200 https://registry.npmjs.org/@babel%2ftraverse 143ms (cache miss)
294 silly packumentCache full:https://registry.npmjs.org/@babel%2ftraverse set size:undefined disposed:false
295 silly fetch manifest @babel/helper-plugin-utils@^7.27.1
296 silly packumentCache full:https://registry.npmjs.org/@babel%2fhelper-plugin-utils cache-miss
297 http fetch GET 200 https://registry.npmjs.org/@babel%2fcode-frame 95ms (cache miss)
298 silly packumentCache full:https://registry.npmjs.org/@babel%2fcode-frame set size:undefined disposed:false
299 silly fetch manifest @babel/types@^7.20.7
300 silly packumentCache full:https://registry.npmjs.org/@babel%2ftypes cache-miss
301 http fetch GET 200 https://registry.npmjs.org/@babel%2fhelpers 148ms (cache miss)
302 silly packumentCache full:https://registry.npmjs.org/@babel%2fhelpers set size:undefined disposed:false
303 silly fetch manifest @babel/parser@^7.20.7
304 silly packumentCache full:https://registry.npmjs.org/@babel%2fparser cache-miss
305 http fetch GET 200 https://registry.npmjs.org/@babel%2fgenerator 138ms (cache miss)
306 silly packumentCache full:https://registry.npmjs.org/@babel%2fgenerator set size:undefined disposed:false
307 silly fetch manifest @types/babel__template@*
308 silly packumentCache full:https://registry.npmjs.org/@types%2fbabel__template cache-miss
309 http fetch GET 200 https://registry.npmjs.org/@babel%2ftemplate 151ms (cache miss)
310 silly packumentCache full:https://registry.npmjs.org/@babel%2ftemplate set size:undefined disposed:false
311 silly fetch manifest @types/babel__traverse@*
312 silly packumentCache full:https://registry.npmjs.org/@types%2fbabel__traverse cache-miss
313 http fetch GET 200 https://registry.npmjs.org/@jridgewell%2fremapping 83ms (cache miss)
314 silly packumentCache full:https://registry.npmjs.org/@jridgewell%2fremapping set size:undefined disposed:false
315 silly fetch manifest @types/babel__generator@*
316 silly packumentCache full:https://registry.npmjs.org/@types%2fbabel__generator cache-miss
317 http fetch GET 200 https://registry.npmjs.org/@babel%2ftypes 8ms (cache hit)
318 silly packumentCache full:https://registry.npmjs.org/@babel%2ftypes set size:485839 disposed:false
319 http fetch GET 200 https://registry.npmjs.org/@babel%2fparser 8ms (cache hit)
320 silly packumentCache full:https://registry.npmjs.org/@babel%2fparser set size:714217 disposed:false
321 http fetch GET 200 https://registry.npmjs.org/@babel%2fhelper-module-transforms 81ms (cache miss)
322 silly packumentCache full:https://registry.npmjs.org/@babel%2fhelper-module-transforms set size:undefined disposed:false
323 http fetch GET 200 https://registry.npmjs.org/@babel%2fhelper-plugin-utils 68ms (cache miss)
324 silly packumentCache full:https://registry.npmjs.org/@babel%2fhelper-plugin-utils set size:undefined disposed:false
325 http fetch GET 200 https://registry.npmjs.org/@types%2fbabel__generator 51ms (cache miss)
326 silly packumentCache full:https://registry.npmjs.org/@types%2fbabel__generator set size:undefined disposed:false
327 http fetch GET 200 https://registry.npmjs.org/@types%2fbabel__traverse 53ms (cache miss)
328 silly packumentCache full:https://registry.npmjs.org/@types%2fbabel__traverse set size:undefined disposed:false
329 http fetch GET 200 https://registry.npmjs.org/@types%2fbabel__template 58ms (cache miss)
330 silly packumentCache full:https://registry.npmjs.org/@types%2fbabel__template set size:undefined disposed:false
331 http fetch GET 200 https://registry.npmjs.org/@babel%2fhelper-plugin-utils 68ms (cache miss)
332 silly packumentCache full:https://registry.npmjs.org/@babel%2fhelper-plugin-utils set size:undefined disposed:false
333 http fetch GET 200 https://registry.npmjs.org/@babel%2fhelper-compilation-targets 227ms (cache miss)
334 silly packumentCache full:https://registry.npmjs.org/@babel%2fhelper-compilation-targets set size:undefined disposed:false
335 silly placeDep ROOT @babel/code-frame@7.29.0 OK for: @babel/core@7.29.0 want: ^7.29.0
336 silly placeDep ROOT @babel/generator@7.29.1 OK for: @babel/core@7.29.0 want: ^7.29.0
337 silly placeDep ROOT @babel/helper-compilation-targets@7.28.6 OK for: @babel/core@7.29.0 want: ^7.28.6
338 silly placeDep ROOT @babel/helper-module-transforms@7.28.6 OK for: @babel/core@7.29.0 want: ^7.28.6
339 silly placeDep ROOT @babel/helpers@7.28.6 OK for: @babel/core@7.29.0 want: ^7.28.6
340 silly placeDep ROOT @babel/parser@7.29.0 OK for: @babel/core@7.29.0 want: ^7.29.0
341 silly placeDep ROOT @babel/template@7.28.6 OK for: @babel/core@7.29.0 want: ^7.28.6
342 silly placeDep ROOT @babel/traverse@7.29.0 OK for: @babel/core@7.29.0 want: ^7.29.0
343 silly placeDep ROOT @babel/types@7.29.0 OK for: @babel/core@7.29.0 want: ^7.29.0
344 silly placeDep ROOT @jridgewell/remapping@2.3.5 OK for: @babel/core@7.29.0 want: ^2.3.5
345 silly placeDep ROOT convert-source-map@2.0.0 OK for: @babel/core@7.29.0 want: ^2.0.0
346 silly placeDep ROOT debug@4.4.3 OK for: @babel/core@7.29.0 want: ^4.1.0
347 silly placeDep ROOT gensync@1.0.0-beta.2 OK for: @babel/core@7.29.0 want: ^1.0.0-beta.2
348 silly placeDep ROOT json5@2.2.3 OK for: @babel/core@7.29.0 want: ^2.2.3
349 silly placeDep ROOT semver@6.3.1 OK for: @babel/core@7.29.0 want: ^6.3.1
350 silly fetch manifest js-tokens@^4.0.0
351 silly packumentCache full:https://registry.npmjs.org/js-tokens cache-miss
352 silly fetch manifest picocolors@^1.1.1
353 silly packumentCache full:https://registry.npmjs.org/picocolors cache-miss
354 silly fetch manifest @babel/helper-validator-identifier@^7.28.5
355 silly packumentCache full:https://registry.npmjs.org/@babel%2fhelper-validator-identifier cache-miss
356 silly fetch manifest jsesc@^3.0.2
357 silly packumentCache full:https://registry.npmjs.org/jsesc cache-miss
358 silly fetch manifest @jridgewell/gen-mapping@^0.3.12
359 silly packumentCache full:https://registry.npmjs.org/@jridgewell%2fgen-mapping cache-miss
360 silly fetch manifest @jridgewell/trace-mapping@^0.3.28
361 silly packumentCache full:https://registry.npmjs.org/@jridgewell%2ftrace-mapping cache-miss
362 silly fetch manifest lru-cache@^5.1.1
363 silly packumentCache full:https://registry.npmjs.org/lru-cache cache-miss
364 silly fetch manifest browserslist@^4.24.0
365 silly packumentCache full:https://registry.npmjs.org/browserslist cache-miss
366 silly fetch manifest @babel/compat-data@^7.28.6
367 silly packumentCache full:https://registry.npmjs.org/@babel%2fcompat-data cache-miss
368 http fetch GET 200 https://registry.npmjs.org/jsesc 55ms (cache miss)
369 silly packumentCache full:https://registry.npmjs.org/jsesc set size:undefined disposed:false
370 silly fetch manifest @babel/helper-validator-option@^7.27.1
371 silly packumentCache full:https://registry.npmjs.org/@babel%2fhelper-validator-option cache-miss
372 http fetch GET 200 https://registry.npmjs.org/js-tokens 67ms (cache miss)
373 silly packumentCache full:https://registry.npmjs.org/js-tokens set size:undefined disposed:false
374 silly fetch manifest @babel/traverse@^7.28.6
375 silly packumentCache full:https://registry.npmjs.org/@babel%2ftraverse cache-miss
376 http fetch GET 200 https://registry.npmjs.org/@jridgewell%2fgen-mapping 65ms (cache miss)
377 silly packumentCache full:https://registry.npmjs.org/@jridgewell%2fgen-mapping set size:undefined disposed:false
378 silly fetch manifest @babel/helper-module-imports@^7.28.6
379 silly packumentCache full:https://registry.npmjs.org/@babel%2fhelper-module-imports cache-miss
380 http fetch GET 200 https://registry.npmjs.org/@babel%2ftraverse 4ms (cache hit)
381 silly packumentCache full:https://registry.npmjs.org/@babel%2ftraverse set size:546499 disposed:false
382 silly fetch manifest @babel/helper-validator-identifier@^7.28.5
383 silly packumentCache full:https://registry.npmjs.org/@babel%2fhelper-validator-identifier cache-miss
384 http fetch GET 200 https://registry.npmjs.org/@babel%2fhelper-validator-identifier 75ms (cache miss)
385 silly packumentCache full:https://registry.npmjs.org/@babel%2fhelper-validator-identifier set size:undefined disposed:false
386 silly fetch manifest @babel/types@^7.28.6
387 silly packumentCache full:https://registry.npmjs.org/@babel%2ftypes cache-hit
388 silly fetch manifest debug@^4.3.1
389 silly packumentCache full:https://registry.npmjs.org/debug cache-hit
390 silly fetch manifest @babel/helper-globals@^7.28.0
391 silly packumentCache full:https://registry.npmjs.org/@babel%2fhelper-globals cache-miss
392 http fetch GET 200 https://registry.npmjs.org/lru-cache 74ms (cache miss)
393 silly packumentCache full:https://registry.npmjs.org/lru-cache set size:undefined disposed:false
394 silly fetch manifest @babel/helper-string-parser@^7.27.1
395 silly packumentCache full:https://registry.npmjs.org/@babel%2fhelper-string-parser cache-miss
396 http fetch GET 200 https://registry.npmjs.org/browserslist 82ms (cache miss)
397 silly packumentCache full:https://registry.npmjs.org/browserslist set size:undefined disposed:false
398 silly fetch manifest @jridgewell/gen-mapping@^0.3.5
399 silly packumentCache full:https://registry.npmjs.org/@jridgewell%2fgen-mapping cache-miss
400 http fetch GET 200 https://registry.npmjs.org/@jridgewell%2fgen-mapping 2ms (cache hit)
401 silly packumentCache full:https://registry.npmjs.org/@jridgewell%2fgen-mapping set size:80719 disposed:false
402 silly fetch manifest @jridgewell/trace-mapping@^0.3.24
403 silly packumentCache full:https://registry.npmjs.org/@jridgewell%2ftrace-mapping cache-miss
404 http fetch GET 200 https://registry.npmjs.org/@jridgewell%2ftrace-mapping 90ms (cache miss)
405 silly packumentCache full:https://registry.npmjs.org/@jridgewell%2ftrace-mapping set size:undefined disposed:false
406 silly fetch manifest ms@^2.1.3
407 silly packumentCache full:https://registry.npmjs.org/ms cache-miss
408 http fetch GET 200 https://registry.npmjs.org/@babel%2fcompat-data 90ms (cache miss)
409 silly packumentCache full:https://registry.npmjs.org/@babel%2fcompat-data set size:undefined disposed:false
410 http fetch GET 200 https://registry.npmjs.org/@babel%2fhelper-validator-option 70ms (cache miss)
411 silly packumentCache full:https://registry.npmjs.org/@babel%2fhelper-validator-option set size:undefined disposed:false
412 http fetch GET 200 https://registry.npmjs.org/@babel%2fhelper-globals 77ms (cache miss)
413 silly packumentCache full:https://registry.npmjs.org/@babel%2fhelper-globals set size:undefined disposed:false
414 http fetch GET 200 https://registry.npmjs.org/@jridgewell%2ftrace-mapping 70ms (cache miss)
415 silly packumentCache full:https://registry.npmjs.org/@jridgewell%2ftrace-mapping set size:undefined disposed:false
416 http fetch GET 200 https://registry.npmjs.org/@babel%2fhelper-module-imports 105ms (cache miss)
417 silly packumentCache full:https://registry.npmjs.org/@babel%2fhelper-module-imports set size:undefined disposed:false
418 http fetch GET 200 https://registry.npmjs.org/@babel%2fhelper-validator-identifier 102ms (cache miss)
419 silly packumentCache full:https://registry.npmjs.org/@babel%2fhelper-validator-identifier set size:undefined disposed:false
420 http fetch GET 200 https://registry.npmjs.org/@babel%2fhelper-string-parser 96ms (cache miss)
421 silly packumentCache full:https://registry.npmjs.org/@babel%2fhelper-string-parser set size:undefined disposed:false
422 http fetch GET 200 https://registry.npmjs.org/ms 98ms (cache miss)
423 silly packumentCache full:https://registry.npmjs.org/ms set size:undefined disposed:false
424 http fetch GET 200 https://registry.npmjs.org/picocolors 203ms (cache miss)
425 silly packumentCache full:https://registry.npmjs.org/picocolors set size:undefined disposed:false
426 silly placeDep ROOT @babel/helper-validator-identifier@7.28.5 OK for: @babel/code-frame@7.29.0 want: ^7.28.5
427 silly placeDep ROOT js-tokens@4.0.0 OK for: @babel/code-frame@7.29.0 want: ^4.0.0
428 silly placeDep ROOT picocolors@1.1.1 OK for: @babel/code-frame@7.29.0 want: ^1.1.1
429 silly placeDep ROOT @jridgewell/gen-mapping@0.3.13 OK for: @babel/generator@7.29.1 want: ^0.3.12
430 silly placeDep ROOT @jridgewell/trace-mapping@0.3.31 OK for: @babel/generator@7.29.1 want: ^0.3.28
431 silly placeDep ROOT jsesc@3.1.0 OK for: @babel/generator@7.29.1 want: ^3.0.2
432 silly fetch manifest @jridgewell/sourcemap-codec@^1.5.0
433 silly packumentCache full:https://registry.npmjs.org/@jridgewell%2fsourcemap-codec cache-miss
434 silly fetch manifest @jridgewell/resolve-uri@^3.1.0
435 silly packumentCache full:https://registry.npmjs.org/@jridgewell%2fresolve-uri cache-miss
436 silly fetch manifest @jridgewell/sourcemap-codec@^1.4.14
437 silly packumentCache full:https://registry.npmjs.org/@jridgewell%2fsourcemap-codec cache-miss
438 http fetch GET 200 https://registry.npmjs.org/@jridgewell%2fsourcemap-codec 54ms (cache miss)
439 silly packumentCache full:https://registry.npmjs.org/@jridgewell%2fsourcemap-codec set size:undefined disposed:false
440 http fetch GET 200 https://registry.npmjs.org/@jridgewell%2fsourcemap-codec 56ms (cache miss)
441 silly packumentCache full:https://registry.npmjs.org/@jridgewell%2fsourcemap-codec set size:undefined disposed:false
442 http fetch GET 200 https://registry.npmjs.org/@jridgewell%2fresolve-uri 86ms (cache miss)
443 silly packumentCache full:https://registry.npmjs.org/@jridgewell%2fresolve-uri set size:undefined disposed:false
444 silly placeDep ROOT @babel/compat-data@7.29.0 OK for: @babel/helper-compilation-targets@7.28.6 want: ^7.28.6
445 silly placeDep ROOT @babel/helper-validator-option@7.27.1 OK for: @babel/helper-compilation-targets@7.28.6 want: ^7.27.1
446 silly placeDep ROOT browserslist@4.28.1 OK for: @babel/helper-compilation-targets@7.28.6 want: ^4.24.0
447 silly placeDep ROOT lru-cache@5.1.1 OK for: @babel/helper-compilation-targets@7.28.6 want: ^5.1.1
448 silly fetch manifest baseline-browser-mapping@^2.9.0
449 silly packumentCache full:https://registry.npmjs.org/baseline-browser-mapping cache-miss
450 silly fetch manifest caniuse-lite@^1.0.30001759
451 silly packumentCache full:https://registry.npmjs.org/caniuse-lite cache-miss
452 silly fetch manifest electron-to-chromium@^1.5.263
453 silly packumentCache full:https://registry.npmjs.org/electron-to-chromium cache-miss
454 silly fetch manifest node-releases@^2.0.27
455 silly packumentCache full:https://registry.npmjs.org/node-releases cache-miss
456 silly fetch manifest update-browserslist-db@^1.2.0
457 silly packumentCache full:https://registry.npmjs.org/update-browserslist-db cache-miss
458 silly fetch manifest yallist@^3.0.2
459 silly packumentCache full:https://registry.npmjs.org/yallist cache-miss
460 http fetch GET 200 https://registry.npmjs.org/update-browserslist-db 48ms (cache miss)
461 silly packumentCache full:https://registry.npmjs.org/update-browserslist-db set size:undefined disposed:false
462 http fetch GET 200 https://registry.npmjs.org/node-releases 57ms (cache miss)
463 silly packumentCache full:https://registry.npmjs.org/node-releases set size:undefined disposed:false
464 http fetch GET 200 https://registry.npmjs.org/baseline-browser-mapping 61ms (cache miss)
465 silly packumentCache full:https://registry.npmjs.org/baseline-browser-mapping set size:undefined disposed:false
466 http fetch GET 200 https://registry.npmjs.org/yallist 65ms (cache miss)
467 silly packumentCache full:https://registry.npmjs.org/yallist set size:undefined disposed:false
468 http fetch GET 200 https://registry.npmjs.org/caniuse-lite 227ms (cache miss)
469 silly packumentCache full:https://registry.npmjs.org/caniuse-lite set size:undefined disposed:false
470 http fetch GET 200 https://registry.npmjs.org/electron-to-chromium 245ms (cache miss)
471 silly packumentCache full:https://registry.npmjs.org/electron-to-chromium set size:undefined disposed:false
472 silly placeDep ROOT @babel/helper-module-imports@7.28.6 OK for: @babel/helper-module-transforms@7.28.6 want: ^7.28.6
473 silly placeDep ROOT @babel/helper-plugin-utils@7.28.6 OK for: @babel/plugin-transform-react-jsx-self@7.27.1 want: ^7.27.1
474 silly placeDep ROOT @babel/helper-globals@7.28.0 OK for: @babel/traverse@7.29.0 want: ^7.28.0
475 silly placeDep ROOT @babel/helper-string-parser@7.27.1 OK for: @babel/types@7.29.0 want: ^7.27.1
476 silly placeDep ROOT @jridgewell/sourcemap-codec@1.5.5 OK for: @jridgewell/gen-mapping@0.3.13 want: ^1.5.0
477 silly placeDep ROOT @jridgewell/resolve-uri@3.1.2 OK for: @jridgewell/trace-mapping@0.3.31 want: ^3.1.0
478 silly placeDep ROOT @types/babel__generator@7.27.0 OK for: @types/babel__core@7.20.5 want: *
479 silly placeDep ROOT @types/babel__template@7.4.4 OK for: @types/babel__core@7.20.5 want: *
480 silly placeDep ROOT @types/babel__traverse@7.28.0 OK for: @types/babel__core@7.20.5 want: *
481 silly placeDep ROOT baseline-browser-mapping@2.10.0 OK for: browserslist@4.28.1 want: ^2.9.0
482 silly placeDep ROOT caniuse-lite@1.0.30001774 OK for: browserslist@4.28.1 want: ^1.0.30001759
483 silly placeDep ROOT electron-to-chromium@1.5.302 OK for: browserslist@4.28.1 want: ^1.5.263
484 silly placeDep ROOT node-releases@2.0.27 OK for: browserslist@4.28.1 want: ^2.0.27
485 silly placeDep ROOT update-browserslist-db@1.2.3 OK for: browserslist@4.28.1 want: ^1.2.0
486 silly fetch manifest escalade@^3.2.0
487 silly packumentCache full:https://registry.npmjs.org/escalade cache-miss
488 http fetch GET 200 https://registry.npmjs.org/escalade 59ms (cache miss)
489 silly packumentCache full:https://registry.npmjs.org/escalade set size:undefined disposed:false
490 silly placeDep ROOT ms@2.1.3 OK for: debug@4.4.3 want: ^2.1.3
491 silly placeDep ROOT @eslint-community/eslint-utils@4.9.1 OK for: eslint@9.39.3 want: ^4.8.0
492 silly placeDep ROOT @eslint-community/regexpp@4.12.2 OK for: eslint@9.39.3 want: ^4.12.1
493 silly placeDep ROOT @eslint/config-array@0.21.1 OK for: eslint@9.39.3 want: ^0.21.1
494 silly placeDep ROOT @eslint/config-helpers@0.4.2 OK for: eslint@9.39.3 want: ^0.4.2
495 silly placeDep ROOT @eslint/core@0.17.0 OK for: eslint@9.39.3 want: ^0.17.0
496 silly placeDep ROOT @eslint/eslintrc@3.3.4 OK for: eslint@9.39.3 want: ^3.3.1
497 silly placeDep ROOT @eslint/plugin-kit@0.4.1 OK for: eslint@9.39.3 want: ^0.4.1
498 silly placeDep ROOT @humanfs/node@0.16.7 OK for: eslint@9.39.3 want: ^0.16.6
499 silly placeDep ROOT @humanwhocodes/module-importer@1.0.1 OK for: eslint@9.39.3 want: ^1.0.1
500 silly placeDep ROOT @humanwhocodes/retry@0.4.3 OK for: eslint@9.39.3 want: ^0.4.2
501 silly placeDep ROOT @types/estree@1.0.8 OK for: eslint@9.39.3 want: ^1.0.6
502 silly placeDep ROOT ajv@6.14.0 OK for: eslint@9.39.3 want: ^6.12.4
503 silly placeDep ROOT chalk@4.1.2 OK for: eslint@9.39.3 want: ^4.0.0
504 silly placeDep ROOT cross-spawn@7.0.6 OK for: eslint@9.39.3 want: ^7.0.6
505 silly placeDep ROOT escape-string-regexp@4.0.0 OK for: eslint@9.39.3 want: ^4.0.0
506 silly placeDep ROOT eslint-scope@8.4.0 OK for: eslint@9.39.3 want: ^8.4.0
507 silly placeDep ROOT eslint-visitor-keys@4.2.1 OK for: eslint@9.39.3 want: ^4.2.1
508 silly placeDep ROOT espree@10.4.0 OK for: eslint@9.39.3 want: ^10.4.0
509 silly placeDep ROOT esquery@1.7.0 OK for: eslint@9.39.3 want: ^1.5.0
510 silly placeDep ROOT esutils@2.0.3 OK for: eslint@9.39.3 want: ^2.0.2
511 silly placeDep ROOT fast-deep-equal@3.1.3 OK for: eslint@9.39.3 want: ^3.1.3
512 silly placeDep ROOT file-entry-cache@8.0.0 OK for: eslint@9.39.3 want: ^8.0.0
513 silly placeDep ROOT find-up@5.0.0 OK for: eslint@9.39.3 want: ^5.0.0
514 silly placeDep ROOT glob-parent@6.0.2 OK for: eslint@9.39.3 want: ^6.0.2
515 silly placeDep ROOT ignore@5.3.2 OK for: eslint@9.39.3 want: ^5.2.0
516 silly placeDep ROOT imurmurhash@0.1.4 OK for: eslint@9.39.3 want: ^0.1.4
517 silly placeDep ROOT is-glob@4.0.3 OK for: eslint@9.39.3 want: ^4.0.0
518 silly placeDep ROOT json-stable-stringify-without-jsonify@1.0.1 OK for: eslint@9.39.3 want: ^1.0.1
519 silly placeDep ROOT lodash.merge@4.6.2 OK for: eslint@9.39.3 want: ^4.6.2
520 silly placeDep ROOT minimatch@3.1.3 OK for: eslint@9.39.3 want: ^3.1.2
521 silly placeDep ROOT natural-compare@1.4.0 OK for: eslint@9.39.3 want: ^1.4.0
522 silly placeDep ROOT optionator@0.9.4 OK for: eslint@9.39.3 want: ^0.9.3
523 silly fetch manifest eslint-visitor-keys@^3.4.3
524 silly packumentCache full:https://registry.npmjs.org/eslint-visitor-keys cache-miss
525 silly fetch manifest @eslint/object-schema@^2.1.7
526 silly packumentCache full:https://registry.npmjs.org/@eslint%2fobject-schema cache-miss
527 silly fetch manifest @types/json-schema@^7.0.15
528 silly packumentCache full:https://registry.npmjs.org/@types%2fjson-schema cache-miss
529 silly fetch manifest ajv@^6.14.0
530 silly packumentCache full:https://registry.npmjs.org/ajv cache-miss
531 silly fetch manifest espree@^10.0.1
532 silly packumentCache full:https://registry.npmjs.org/espree cache-miss
533 silly fetch manifest globals@^14.0.0
534 silly packumentCache full:https://registry.npmjs.org/globals cache-miss
535 silly fetch manifest import-fresh@^3.2.1
536 silly packumentCache full:https://registry.npmjs.org/import-fresh cache-miss
537 silly fetch manifest js-yaml@^4.1.1
538 silly packumentCache full:https://registry.npmjs.org/js-yaml cache-miss
539 silly fetch manifest minimatch@^3.1.3
540 silly packumentCache full:https://registry.npmjs.org/minimatch cache-miss
541 http fetch GET 200 https://registry.npmjs.org/eslint-visitor-keys 7ms (cache hit)
542 silly packumentCache full:https://registry.npmjs.org/eslint-visitor-keys set size:69949 disposed:false
543 silly fetch manifest strip-json-comments@^3.1.1
544 silly packumentCache full:https://registry.npmjs.org/strip-json-comments cache-miss
545 http fetch GET 200 https://registry.npmjs.org/espree 7ms (cache hit)
546 silly packumentCache full:https://registry.npmjs.org/espree set size:323320 disposed:false
547 silly fetch manifest levn@^0.4.1
548 silly packumentCache full:https://registry.npmjs.org/levn cache-miss
549 http fetch GET 200 https://registry.npmjs.org/ajv 11ms (cache hit)
550 silly packumentCache full:https://registry.npmjs.org/ajv set size:1120197 disposed:false
551 silly fetch manifest @humanwhocodes/retry@^0.4.0
552 silly packumentCache full:https://registry.npmjs.org/@humanwhocodes%2fretry cache-miss
553 http fetch GET 200 https://registry.npmjs.org/globals 17ms (cache hit)
554 silly packumentCache full:https://registry.npmjs.org/globals set size:304921 disposed:false
555 silly fetch manifest @humanfs/core@^0.19.1
556 silly packumentCache full:https://registry.npmjs.org/@humanfs%2fcore cache-miss
557 http fetch GET 200 https://registry.npmjs.org/minimatch 20ms (cache hit)
558 silly packumentCache full:https://registry.npmjs.org/minimatch set size:313826 disposed:false
559 silly fetch manifest fast-deep-equal@^3.1.1
560 silly packumentCache full:https://registry.npmjs.org/fast-deep-equal cache-miss
561 http fetch GET 200 https://registry.npmjs.org/@humanwhocodes%2fretry 11ms (cache hit)
562 silly packumentCache full:https://registry.npmjs.org/@humanwhocodes%2fretry set size:42348 disposed:false
563 silly fetch manifest fast-json-stable-stringify@^2.0.0
564 silly packumentCache full:https://registry.npmjs.org/fast-json-stable-stringify cache-miss
565 http fetch GET 200 https://registry.npmjs.org/fast-deep-equal 5ms (cache hit)
566 silly packumentCache full:https://registry.npmjs.org/fast-deep-equal set size:48634 disposed:false
567 silly fetch manifest json-schema-traverse@^0.4.1
568 silly packumentCache full:https://registry.npmjs.org/json-schema-traverse cache-miss
569 http fetch GET 200 https://registry.npmjs.org/fast-json-stable-stringify 44ms (cache miss)
570 silly packumentCache full:https://registry.npmjs.org/fast-json-stable-stringify set size:undefined disposed:false
571 silly fetch manifest uri-js@^4.2.2
572 silly packumentCache full:https://registry.npmjs.org/uri-js cache-miss
573 http fetch GET 200 https://registry.npmjs.org/import-fresh 72ms (cache miss)
574 silly packumentCache full:https://registry.npmjs.org/import-fresh set size:undefined disposed:false
575 silly fetch manifest ansi-styles@^4.1.0
576 silly packumentCache full:https://registry.npmjs.org/ansi-styles cache-miss
577 http fetch GET 200 https://registry.npmjs.org/levn 64ms (cache miss)
578 silly packumentCache full:https://registry.npmjs.org/levn set size:undefined disposed:false
579 silly fetch manifest supports-color@^7.1.0
580 silly packumentCache full:https://registry.npmjs.org/supports-color cache-miss
581 http fetch GET 200 https://registry.npmjs.org/@types%2fjson-schema 90ms (cache miss)
582 silly packumentCache full:https://registry.npmjs.org/@types%2fjson-schema set size:undefined disposed:false
583 silly fetch manifest which@^2.0.1
584 silly packumentCache full:https://registry.npmjs.org/which cache-miss
585 http fetch GET 200 https://registry.npmjs.org/json-schema-traverse 62ms (cache miss)
586 silly packumentCache full:https://registry.npmjs.org/json-schema-traverse set size:undefined disposed:false
587 silly fetch manifest path-key@^3.1.0
588 silly packumentCache full:https://registry.npmjs.org/path-key cache-miss
589 http fetch GET 200 https://registry.npmjs.org/strip-json-comments 84ms (cache miss)
590 silly packumentCache full:https://registry.npmjs.org/strip-json-comments set size:undefined disposed:false
591 silly fetch manifest shebang-command@^2.0.0
592 silly packumentCache full:https://registry.npmjs.org/shebang-command cache-miss
593 http fetch GET 200 https://registry.npmjs.org/@humanfs%2fcore 86ms (cache miss)
594 silly packumentCache full:https://registry.npmjs.org/@humanfs%2fcore set size:undefined disposed:false
595 silly fetch manifest esrecurse@^4.3.0
596 silly packumentCache full:https://registry.npmjs.org/esrecurse cache-miss
597 http fetch GET 200 https://registry.npmjs.org/uri-js 48ms (cache miss)
598 silly packumentCache full:https://registry.npmjs.org/uri-js set size:undefined disposed:false
599 silly fetch manifest estraverse@^5.2.0
600 silly packumentCache full:https://registry.npmjs.org/estraverse cache-miss
601 http fetch GET 200 https://registry.npmjs.org/ansi-styles 51ms (cache miss)
602 silly packumentCache full:https://registry.npmjs.org/ansi-styles set size:undefined disposed:false
603 silly fetch manifest acorn@^8.15.0
604 silly packumentCache full:https://registry.npmjs.org/acorn cache-miss
605 http fetch GET 200 https://registry.npmjs.org/js-yaml 126ms (cache miss)
606 silly packumentCache full:https://registry.npmjs.org/js-yaml set size:undefined disposed:false
607 silly fetch manifest acorn-jsx@^5.3.2
608 silly packumentCache full:https://registry.npmjs.org/acorn-jsx cache-miss
609 http fetch GET 200 https://registry.npmjs.org/supports-color 57ms (cache miss)
610 silly packumentCache full:https://registry.npmjs.org/supports-color set size:undefined disposed:false
611 silly fetch manifest estraverse@^5.1.0
612 silly packumentCache full:https://registry.npmjs.org/estraverse cache-miss
613 http fetch GET 200 https://registry.npmjs.org/shebang-command 41ms (cache miss)
614 silly packumentCache full:https://registry.npmjs.org/shebang-command set size:undefined disposed:false
615 silly fetch manifest flat-cache@^4.0.0
616 silly packumentCache full:https://registry.npmjs.org/flat-cache cache-miss
617 http fetch GET 200 https://registry.npmjs.org/which 45ms (cache miss)
618 silly packumentCache full:https://registry.npmjs.org/which set size:undefined disposed:false
619 silly fetch manifest locate-path@^6.0.0
620 silly packumentCache full:https://registry.npmjs.org/locate-path cache-miss
621 http fetch GET 200 https://registry.npmjs.org/path-key 52ms (cache miss)
622 silly packumentCache full:https://registry.npmjs.org/path-key set size:undefined disposed:false
623 silly fetch manifest path-exists@^4.0.0
624 silly packumentCache full:https://registry.npmjs.org/path-exists cache-miss
625 http fetch GET 200 https://registry.npmjs.org/esrecurse 50ms (cache miss)
626 silly packumentCache full:https://registry.npmjs.org/esrecurse set size:undefined disposed:false
627 silly fetch manifest is-glob@^4.0.3
628 silly packumentCache full:https://registry.npmjs.org/is-glob cache-miss
629 http fetch GET 200 https://registry.npmjs.org/is-glob 1ms (cache hit)
630 silly packumentCache full:https://registry.npmjs.org/is-glob set size:40530 disposed:false
631 silly fetch manifest is-extglob@^2.1.1
632 silly packumentCache full:https://registry.npmjs.org/is-extglob cache-miss
633 http fetch GET 200 https://registry.npmjs.org/estraverse 42ms (cache miss)
634 silly packumentCache full:https://registry.npmjs.org/estraverse set size:undefined disposed:false
635 silly fetch manifest brace-expansion@^1.1.7
636 silly packumentCache full:https://registry.npmjs.org/brace-expansion cache-miss
637 http fetch GET 200 https://registry.npmjs.org/acorn-jsx 48ms (cache miss)
638 silly packumentCache full:https://registry.npmjs.org/acorn-jsx set size:undefined disposed:false
639 silly fetch manifest prelude-ls@^1.2.1
640 silly packumentCache full:https://registry.npmjs.org/prelude-ls cache-miss
641 http fetch GET 200 https://registry.npmjs.org/locate-path 43ms (cache miss)
642 silly packumentCache full:https://registry.npmjs.org/locate-path set size:undefined disposed:false
643 silly fetch manifest deep-is@^0.1.3
644 silly packumentCache full:https://registry.npmjs.org/deep-is cache-miss
645 http fetch GET 200 https://registry.npmjs.org/estraverse 48ms (cache miss)
646 silly packumentCache full:https://registry.npmjs.org/estraverse set size:undefined disposed:false
647 silly fetch manifest word-wrap@^1.2.5
648 silly packumentCache full:https://registry.npmjs.org/word-wrap cache-miss
649 http fetch GET 200 https://registry.npmjs.org/path-exists 41ms (cache miss)
650 silly packumentCache full:https://registry.npmjs.org/path-exists set size:undefined disposed:false
651 silly fetch manifest type-check@^0.4.0
652 silly packumentCache full:https://registry.npmjs.org/type-check cache-miss
653 http fetch GET 200 https://registry.npmjs.org/acorn 59ms (cache miss)
654 silly packumentCache full:https://registry.npmjs.org/acorn set size:undefined disposed:false
655 silly fetch manifest fast-levenshtein@^2.0.6
656 silly packumentCache full:https://registry.npmjs.org/fast-levenshtein cache-miss
657 http fetch GET 200 https://registry.npmjs.org/brace-expansion 42ms (cache miss)
658 silly packumentCache full:https://registry.npmjs.org/brace-expansion set size:undefined disposed:false
659 http fetch GET 200 https://registry.npmjs.org/@eslint%2fobject-schema 210ms (cache miss)
660 silly packumentCache full:https://registry.npmjs.org/@eslint%2fobject-schema set size:undefined disposed:false
661 http fetch GET 200 https://registry.npmjs.org/is-extglob 57ms (cache miss)
662 silly packumentCache full:https://registry.npmjs.org/is-extglob set size:undefined disposed:false
663 http fetch GET 200 https://registry.npmjs.org/deep-is 45ms (cache miss)
664 silly packumentCache full:https://registry.npmjs.org/deep-is set size:undefined disposed:false
665 http fetch GET 200 https://registry.npmjs.org/word-wrap 43ms (cache miss)
666 silly packumentCache full:https://registry.npmjs.org/word-wrap set size:undefined disposed:false
667 http fetch GET 200 https://registry.npmjs.org/fast-levenshtein 43ms (cache miss)
668 silly packumentCache full:https://registry.npmjs.org/fast-levenshtein set size:undefined disposed:false
669 http fetch GET 200 https://registry.npmjs.org/type-check 50ms (cache miss)
670 silly packumentCache full:https://registry.npmjs.org/type-check set size:undefined disposed:false
671 http fetch GET 200 https://registry.npmjs.org/prelude-ls 62ms (cache miss)
672 silly packumentCache full:https://registry.npmjs.org/prelude-ls set size:undefined disposed:false
673 http fetch GET 200 https://registry.npmjs.org/flat-cache 106ms (cache miss)
674 silly packumentCache full:https://registry.npmjs.org/flat-cache set size:undefined disposed:false
675 silly placeDep node_modules/@eslint-community/eslint-utils eslint-visitor-keys@3.4.3 OK for: @eslint-community/eslint-utils@4.9.1 want: ^3.4.3
676 silly placeDep ROOT @eslint/object-schema@2.1.7 OK for: @eslint/config-array@0.21.1 want: ^2.1.7
677 silly placeDep ROOT @types/json-schema@7.0.15 OK for: @eslint/core@0.17.0 want: ^7.0.15
678 silly placeDep node_modules/@eslint/eslintrc globals@14.0.0 OK for: @eslint/eslintrc@3.3.4 want: ^14.0.0
679 silly placeDep ROOT import-fresh@3.3.1 OK for: @eslint/eslintrc@3.3.4 want: ^3.2.1
680 silly placeDep ROOT js-yaml@4.1.1 OK for: @eslint/eslintrc@3.3.4 want: ^4.1.1
681 silly placeDep ROOT strip-json-comments@3.1.1 OK for: @eslint/eslintrc@3.3.4 want: ^3.1.1
682 silly fetch manifest parent-module@^1.0.0
683 silly packumentCache full:https://registry.npmjs.org/parent-module cache-miss
684 silly fetch manifest resolve-from@^4.0.0
685 silly packumentCache full:https://registry.npmjs.org/resolve-from cache-miss
686 silly fetch manifest argparse@^2.0.1
687 silly packumentCache full:https://registry.npmjs.org/argparse cache-miss
688 http fetch GET 200 https://registry.npmjs.org/resolve-from 53ms (cache miss)
689 silly packumentCache full:https://registry.npmjs.org/resolve-from set size:undefined disposed:false
690 http fetch GET 200 https://registry.npmjs.org/parent-module 65ms (cache miss)
691 silly packumentCache full:https://registry.npmjs.org/parent-module set size:undefined disposed:false
692 http fetch GET 200 https://registry.npmjs.org/argparse 65ms (cache miss)
693 silly packumentCache full:https://registry.npmjs.org/argparse set size:undefined disposed:false
694 silly placeDep ROOT levn@0.4.1 OK for: @eslint/plugin-kit@0.4.1 want: ^0.4.1
695 silly fetch manifest type-check@~0.4.0
696 silly packumentCache full:https://registry.npmjs.org/type-check cache-miss
697 http fetch GET 200 https://registry.npmjs.org/type-check 1ms (cache hit)
698 silly packumentCache full:https://registry.npmjs.org/type-check set size:21221 disposed:false
699 silly placeDep ROOT @humanfs/core@0.19.1 OK for: @humanfs/node@0.16.7 want: ^0.19.1
700 silly placeDep ROOT fast-json-stable-stringify@2.1.0 OK for: ajv@6.14.0 want: ^2.0.0
701 silly placeDep ROOT json-schema-traverse@0.4.1 OK for: ajv@6.14.0 want: ^0.4.1
702 silly placeDep ROOT uri-js@4.4.1 OK for: ajv@6.14.0 want: ^4.2.2
703 silly fetch manifest punycode@^2.1.0
704 silly packumentCache full:https://registry.npmjs.org/punycode cache-miss
705 http fetch GET 200 https://registry.npmjs.org/punycode 49ms (cache miss)
706 silly packumentCache full:https://registry.npmjs.org/punycode set size:undefined disposed:false
707 silly placeDep ROOT ansi-styles@4.3.0 OK for: chalk@4.1.2 want: ^4.1.0
708 silly placeDep ROOT supports-color@7.2.0 OK for: chalk@4.1.2 want: ^7.1.0
709 silly fetch manifest color-convert@^2.0.1
710 silly packumentCache full:https://registry.npmjs.org/color-convert cache-miss
711 silly fetch manifest has-flag@^4.0.0
712 silly packumentCache full:https://registry.npmjs.org/has-flag cache-miss
713 http fetch GET 200 https://registry.npmjs.org/has-flag 45ms (cache miss)
714 silly packumentCache full:https://registry.npmjs.org/has-flag set size:undefined disposed:false
715 http fetch GET 200 https://registry.npmjs.org/color-convert 60ms (cache miss)
716 silly packumentCache full:https://registry.npmjs.org/color-convert set size:undefined disposed:false
717 silly placeDep ROOT color-convert@2.0.1 OK for: ansi-styles@4.3.0 want: ^2.0.1
718 silly fetch manifest color-name@~1.1.4
719 silly packumentCache full:https://registry.npmjs.org/color-name cache-miss
720 http fetch GET 200 https://registry.npmjs.org/color-name 40ms (cache miss)
721 silly packumentCache full:https://registry.npmjs.org/color-name set size:undefined disposed:false
722 silly placeDep ROOT color-name@1.1.4 OK for: color-convert@2.0.1 want: ~1.1.4
723 silly placeDep ROOT path-key@3.1.1 OK for: cross-spawn@7.0.6 want: ^3.1.0
724 silly placeDep ROOT shebang-command@2.0.0 OK for: cross-spawn@7.0.6 want: ^2.0.0
725 silly placeDep ROOT which@2.0.2 OK for: cross-spawn@7.0.6 want: ^2.0.1
726 silly fetch manifest shebang-regex@^3.0.0
727 silly packumentCache full:https://registry.npmjs.org/shebang-regex cache-miss
728 silly fetch manifest isexe@^2.0.0
729 silly packumentCache full:https://registry.npmjs.org/isexe cache-miss
730 http fetch GET 200 https://registry.npmjs.org/isexe 49ms (cache miss)
731 silly packumentCache full:https://registry.npmjs.org/isexe set size:undefined disposed:false
732 http fetch GET 200 https://registry.npmjs.org/shebang-regex 57ms (cache miss)
733 silly packumentCache full:https://registry.npmjs.org/shebang-regex set size:undefined disposed:false
734 silly placeDep ROOT esrecurse@4.3.0 OK for: eslint-scope@8.4.0 want: ^4.3.0
735 silly placeDep ROOT estraverse@5.3.0 OK for: eslint-scope@8.4.0 want: ^5.2.0
736 silly placeDep ROOT acorn@8.16.0 OK for: espree@10.4.0 want: ^8.15.0
737 silly placeDep ROOT acorn-jsx@5.3.2 OK for: espree@10.4.0 want: ^5.3.2
738 silly placeDep ROOT flat-cache@4.0.1 OK for: file-entry-cache@8.0.0 want: ^4.0.0
739 silly fetch manifest keyv@^4.5.4
740 silly packumentCache full:https://registry.npmjs.org/keyv cache-miss
741 silly fetch manifest flatted@^3.2.9
742 silly packumentCache full:https://registry.npmjs.org/flatted cache-miss
743 http fetch GET 200 https://registry.npmjs.org/flatted 56ms (cache miss)
744 silly packumentCache full:https://registry.npmjs.org/flatted set size:undefined disposed:false
745 http fetch GET 200 https://registry.npmjs.org/keyv 71ms (cache miss)
746 silly packumentCache full:https://registry.npmjs.org/keyv set size:undefined disposed:false
747 silly placeDep ROOT locate-path@6.0.0 OK for: find-up@5.0.0 want: ^6.0.0
748 silly placeDep ROOT path-exists@4.0.0 OK for: find-up@5.0.0 want: ^4.0.0
749 silly fetch manifest p-locate@^5.0.0
750 silly packumentCache full:https://registry.npmjs.org/p-locate cache-miss
751 http fetch GET 200 https://registry.npmjs.org/p-locate 55ms (cache miss)
752 silly packumentCache full:https://registry.npmjs.org/p-locate set size:undefined disposed:false
753 silly placeDep ROOT flatted@3.3.3 OK for: flat-cache@4.0.1 want: ^3.2.9
754 silly placeDep ROOT keyv@4.5.4 OK for: flat-cache@4.0.1 want: ^4.5.4
755 silly fetch manifest json-buffer@3.0.1
756 silly packumentCache full:https://registry.npmjs.org/json-buffer cache-miss
757 http fetch GET 200 https://registry.npmjs.org/json-buffer 43ms (cache miss)
758 silly packumentCache full:https://registry.npmjs.org/json-buffer set size:undefined disposed:false
759 silly placeDep ROOT parent-module@1.0.1 OK for: import-fresh@3.3.1 want: ^1.0.0
760 silly placeDep ROOT resolve-from@4.0.0 OK for: import-fresh@3.3.1 want: ^4.0.0
761 silly fetch manifest callsites@^3.0.0
762 silly packumentCache full:https://registry.npmjs.org/callsites cache-miss
763 http fetch GET 200 https://registry.npmjs.org/callsites 218ms (cache miss)
764 silly packumentCache full:https://registry.npmjs.org/callsites set size:undefined disposed:false
765 silly placeDep ROOT is-extglob@2.1.1 OK for: is-glob@4.0.3 want: ^2.1.1
766 silly placeDep ROOT argparse@2.0.1 OK for: js-yaml@4.1.1 want: ^2.0.1
767 silly placeDep ROOT json-buffer@3.0.1 OK for: keyv@4.5.4 want: 3.0.1
768 silly placeDep ROOT prelude-ls@1.2.1 OK for: levn@0.4.1 want: ^1.2.1
769 silly placeDep ROOT type-check@0.4.0 OK for: levn@0.4.1 want: ~0.4.0
770 silly placeDep ROOT p-locate@5.0.0 OK for: locate-path@6.0.0 want: ^5.0.0
771 silly fetch manifest p-limit@^3.0.2
772 silly packumentCache full:https://registry.npmjs.org/p-limit cache-miss
773 http fetch GET 200 https://registry.npmjs.org/p-limit 45ms (cache miss)
774 silly packumentCache full:https://registry.npmjs.org/p-limit set size:undefined disposed:false
775 silly placeDep ROOT yallist@3.1.1 OK for: lru-cache@5.1.1 want: ^3.0.2
776 silly placeDep ROOT brace-expansion@1.1.12 OK for: minimatch@3.1.3 want: ^1.1.7
777 silly fetch manifest concat-map@0.0.1
778 silly packumentCache full:https://registry.npmjs.org/concat-map cache-miss
779 silly fetch manifest balanced-match@^1.0.0
780 silly packumentCache full:https://registry.npmjs.org/balanced-match cache-miss
781 http fetch GET 200 https://registry.npmjs.org/concat-map 40ms (cache miss)
782 silly packumentCache full:https://registry.npmjs.org/concat-map set size:undefined disposed:false
783 http fetch GET 200 https://registry.npmjs.org/balanced-match 74ms (cache miss)
784 silly packumentCache full:https://registry.npmjs.org/balanced-match set size:undefined disposed:false
785 silly placeDep ROOT balanced-match@1.0.2 OK for: brace-expansion@1.1.12 want: ^1.0.0
786 silly placeDep ROOT concat-map@0.0.1 OK for: brace-expansion@1.1.12 want: 0.0.1
787 silly placeDep ROOT deep-is@0.1.4 OK for: optionator@0.9.4 want: ^0.1.3
788 silly placeDep ROOT fast-levenshtein@2.0.6 OK for: optionator@0.9.4 want: ^2.0.6
789 silly placeDep ROOT word-wrap@1.2.5 OK for: optionator@0.9.4 want: ^1.2.5
790 silly placeDep ROOT p-limit@3.1.0 OK for: p-locate@5.0.0 want: ^3.0.2
791 silly fetch manifest yocto-queue@^0.1.0
792 silly packumentCache full:https://registry.npmjs.org/yocto-queue cache-miss
793 http fetch GET 200 https://registry.npmjs.org/yocto-queue 45ms (cache miss)
794 silly packumentCache full:https://registry.npmjs.org/yocto-queue set size:undefined disposed:false
795 silly placeDep ROOT yocto-queue@0.1.0 OK for: p-limit@3.1.0 want: ^0.1.0
796 silly placeDep ROOT callsites@3.1.0 OK for: parent-module@1.0.1 want: ^3.0.0
797 silly placeDep ROOT shebang-regex@3.0.0 OK for: shebang-command@2.0.0 want: ^3.0.0
798 silly placeDep ROOT has-flag@4.0.0 OK for: supports-color@7.2.0 want: ^4.0.0
799 silly fetch manifest @typescript-eslint/utils@8.56.1
800 silly packumentCache full:https://registry.npmjs.org/@typescript-eslint%2futils cache-miss
801 silly fetch manifest @typescript-eslint/parser@8.56.1
802 silly packumentCache full:https://registry.npmjs.org/@typescript-eslint%2fparser cache-miss
803 silly fetch manifest @typescript-eslint/eslint-plugin@8.56.1
804 silly packumentCache full:https://registry.npmjs.org/@typescript-eslint%2feslint-plugin cache-miss
805 silly fetch manifest @typescript-eslint/typescript-estree@8.56.1
806 silly packumentCache full:https://registry.npmjs.org/@typescript-eslint%2ftypescript-estree cache-miss
807 silly placeDep node_modules/typescript-eslint @typescript-eslint/eslint-plugin@ OK for: typescript-eslint@8.56.1 want: 8.56.1
808 silly placeDep node_modules/typescript-eslint @typescript-eslint/parser@ OK for: typescript-eslint@8.56.1 want: 8.56.1
809 silly placeDep node_modules/typescript-eslint @typescript-eslint/typescript-estree@ OK for: typescript-eslint@8.56.1 want: 8.56.1
810 silly placeDep node_modules/typescript-eslint @typescript-eslint/utils@ OK for: typescript-eslint@8.56.1 want: 8.56.1
811 silly placeDep ROOT escalade@3.2.0 OK for: update-browserslist-db@1.2.3 want: ^3.2.0
812 silly placeDep ROOT punycode@2.3.1 OK for: uri-js@4.4.1 want: ^2.1.0
813 silly placeDep ROOT isexe@2.0.0 OK for: which@2.0.2 want: ^2.0.0
814 verbose type system
815 verbose stack FetchError: Invalid response body while trying to fetch https://registry.npmjs.org/@types%2fnode: EFBIG: file too large, write
815 verbose stack     at /Users/natejly/.nvm/versions/node/v20.16.0/lib/node_modules/npm/node_modules/minipass-fetch/lib/body.js:170:15
815 verbose stack     at async Response.json (/Users/natejly/.nvm/versions/node/v20.16.0/lib/node_modules/npm/node_modules/minipass-fetch/lib/body.js:75:17)
815 verbose stack     at async RegistryFetcher.packument (/Users/natejly/.nvm/versions/node/v20.16.0/lib/node_modules/npm/node_modules/pacote/lib/registry.js:98:25)
815 verbose stack     at async RegistryFetcher.manifest (/Users/natejly/.nvm/versions/node/v20.16.0/lib/node_modules/npm/node_modules/pacote/lib/registry.js:128:23)
815 verbose stack     at async #fetchManifest (/Users/natejly/.nvm/versions/node/v20.16.0/lib/node_modules/npm/node_modules/@npmcli/arborist/lib/arborist/build-ideal-tree.js:1199:20)
815 verbose stack     at async #nodeFromEdge (/Users/natejly/.nvm/versions/node/v20.16.0/lib/node_modules/npm/node_modules/@npmcli/arborist/lib/arborist/build-ideal-tree.js:1037:19)
815 verbose stack     at async #buildDepStep (/Users/natejly/.nvm/versions/node/v20.16.0/lib/node_modules/npm/node_modules/@npmcli/arborist/lib/arborist/build-ideal-tree.js:901:11)
815 verbose stack     at async Arborist.buildIdealTree (/Users/natejly/.nvm/versions/node/v20.16.0/lib/node_modules/npm/node_modules/@npmcli/arborist/lib/arborist/build-ideal-tree.js:181:7)
815 verbose stack     at async Promise.all (index 1)
815 verbose stack     at async Arborist.reify (/Users/natejly/.nvm/versions/node/v20.16.0/lib/node_modules/npm/node_modules/@npmcli/arborist/lib/arborist/reify.js:131:5)
816 error code EFBIG
817 error syscall write
818 error errno EFBIG
819 error Invalid response body while trying to fetch https://registry.npmjs.org/@types%2fnode: EFBIG: file too large, write
820 silly unfinished npm timer reify 1771947668245
821 silly unfinished npm timer reify:loadTrees 1771947668246
822 verbose cwd /Users/natejly/ninth-seat/.ninth-seat-artifacts/workflow-runs/wfr_432e33ca8a7d/workspace/calculator-app
823 verbose os Darwin 25.2.0
824 verbose node v20.16.0
825 verbose npm  v10.8.1
826 verbose exit 1
827 verbose code 1
828 error A complete log of this run can be found in: /Users/natejly/ninth-seat/.ninth-seat-artifacts/workflow-runs/wfr_432e33ca8a7d/workspace/.npm/_logs/2026-02-24T15_41_08_132Z-debug-0.log
