0 verbose cli /Users/natejly/.nvm/versions/node/v20.16.0/bin/node /Users/natejly/.nvm/versions/node/v20.16.0/bin/npm
1 info using npm@10.8.1
2 info using node@v20.16.0
3 silly config load:file:/Users/natejly/.nvm/versions/node/v20.16.0/lib/node_modules/npm/npmrc
4 silly config load:file:/Users/natejly/ninth-seat/.ninth-seat-artifacts/workflow-runs/wfr_e21acebcb82e/workspace/.npmrc
5 silly config load:file:/Users/natejly/.nvm/versions/node/v20.16.0/etc/npmrc
6 verbose title npm create vite@7 . --template react-ts
7 verbose argv "create" "vite@7" "." "--" "--template" "react-ts"
8 verbose logfile logs-max:10 dir:/Users/natejly/ninth-seat/.ninth-seat-artifacts/workflow-runs/wfr_e21acebcb82e/workspace/.npm/_logs/2026-02-24T16_25_59_792Z-
9 verbose logfile /Users/natejly/ninth-seat/.ninth-seat-artifacts/workflow-runs/wfr_e21acebcb82e/workspace/.npm/_logs/2026-02-24T16_25_59_792Z-debug-0.log
10 silly logfile start cleaning logs, removing 1 files
11 silly logfile done cleaning log files
12 silly packumentCache heap:4345298944 maxSize:1086324736 maxEntrySize:543162368
13 http fetch GET 200 https://registry.npmjs.org/create-vite 517ms (cache revalidated)
14 silly packumentCache heap:4345298944 maxSize:1086324736 maxEntrySize:543162368
15 verbose cwd /Users/natejly/ninth-seat/.ninth-seat-artifacts/workflow-runs/wfr_e21acebcb82e/workspace
16 verbose os Darwin 25.2.0
17 verbose node v20.16.0
18 verbose npm  v10.8.1
19 verbose exit 0
20 info ok
